{"/Users/jad/Documents/Projects/_github/joezam1/Auth_System_Nodejs/app/backgroundWorkers/workerThreadManager.js": {"path":"/Users/jad/Documents/Projects/_github/joezam1/Auth_System_Nodejs/app/backgroundWorkers/workerThreadManager.js","statementMap":{"0":{"start":{"line":1,"column":29},"end":{"line":1,"column":86}},"1":{"start":{"line":2,"column":19},"end":{"line":2,"column":44}},"2":{"start":{"line":3,"column":13},"end":{"line":3,"column":28}},"3":{"start":{"line":5,"column":28},"end":{"line":41,"column":4}},"4":{"start":{"line":6,"column":23},"end":{"line":6,"column":32}},"5":{"start":{"line":7,"column":33},"end":{"line":20,"column":5}},"6":{"start":{"line":8,"column":8},"end":{"line":8,"column":72}},"7":{"start":{"line":9,"column":20},"end":{"line":9,"column":38}},"8":{"start":{"line":10,"column":8},"end":{"line":10,"column":40}},"9":{"start":{"line":12,"column":8},"end":{"line":19,"column":9}},"10":{"start":{"line":13,"column":12},"end":{"line":18,"column":15}},"11":{"start":{"line":14,"column":16},"end":{"line":14,"column":103}},"12":{"start":{"line":15,"column":16},"end":{"line":17,"column":17}},"13":{"start":{"line":16,"column":20},"end":{"line":16,"column":53}},"14":{"start":{"line":22,"column":32},"end":{"line":27,"column":5}},"15":{"start":{"line":23,"column":8},"end":{"line":23,"column":46}},"16":{"start":{"line":24,"column":8},"end":{"line":26,"column":9}},"17":{"start":{"line":25,"column":12},"end":{"line":25,"column":49}},"18":{"start":{"line":29,"column":34},"end":{"line":34,"column":5}},"19":{"start":{"line":30,"column":8},"end":{"line":30,"column":77}},"20":{"start":{"line":31,"column":8},"end":{"line":31,"column":33}},"21":{"start":{"line":32,"column":8},"end":{"line":32,"column":33}},"22":{"start":{"line":33,"column":8},"end":{"line":33,"column":75}},"23":{"start":{"line":36,"column":4},"end":{"line":40,"column":7}},"24":{"start":{"line":43,"column":0},"end":{"line":43,"column":37}}},"fnMap":{"0":{"name":"(anonymous_0)","decl":{"start":{"line":5,"column":29},"end":{"line":5,"column":30}},"loc":{"start":{"line":5,"column":39},"end":{"line":41,"column":1}},"line":5},"1":{"name":"(anonymous_1)","decl":{"start":{"line":7,"column":33},"end":{"line":7,"column":34}},"loc":{"start":{"line":7,"column":84},"end":{"line":20,"column":5}},"line":7},"2":{"name":"(anonymous_2)","decl":{"start":{"line":13,"column":39},"end":{"line":13,"column":40}},"loc":{"start":{"line":13,"column":54},"end":{"line":18,"column":13}},"line":13},"3":{"name":"(anonymous_3)","decl":{"start":{"line":22,"column":32},"end":{"line":22,"column":33}},"loc":{"start":{"line":22,"column":52},"end":{"line":27,"column":5}},"line":22},"4":{"name":"(anonymous_4)","decl":{"start":{"line":29,"column":34},"end":{"line":29,"column":35}},"loc":{"start":{"line":29,"column":44},"end":{"line":34,"column":5}},"line":29}},"branchMap":{"0":{"loc":{"start":{"line":12,"column":8},"end":{"line":19,"column":9}},"type":"if","locations":[{"start":{"line":12,"column":8},"end":{"line":19,"column":9}},{"start":{},"end":{}}],"line":12},"1":{"loc":{"start":{"line":15,"column":16},"end":{"line":17,"column":17}},"type":"if","locations":[{"start":{"line":15,"column":16},"end":{"line":17,"column":17}},{"start":{},"end":{}}],"line":15},"2":{"loc":{"start":{"line":24,"column":8},"end":{"line":26,"column":9}},"type":"if","locations":[{"start":{"line":24,"column":8},"end":{"line":26,"column":9}},{"start":{},"end":{}}],"line":24}},"s":{"0":1,"1":1,"2":1,"3":1,"4":1,"5":1,"6":0,"7":0,"8":0,"9":0,"10":0,"11":0,"12":0,"13":0,"14":1,"15":0,"16":0,"17":0,"18":1,"19":0,"20":0,"21":0,"22":0,"23":1,"24":1},"f":{"0":1,"1":0,"2":0,"3":0,"4":0},"b":{"0":[0,0],"1":[0,0],"2":[0,0]},"_coverageSchema":"1a1c01bbd47fc00a2c39e90264f33305004495a9","hash":"0e882592f97a5022686cddc1b91b5c34867379e7"}
,"/Users/jad/Documents/Projects/_github/joezam1/Auth_System_Nodejs/app/dataAccessLayer/mysqlDataStore/context/dbAction.js": {"path":"/Users/jad/Documents/Projects/_github/joezam1/Auth_System_Nodejs/app/dataAccessLayer/mysqlDataStore/context/dbAction.js","statementMap":{"0":{"start":{"line":1,"column":29},"end":{"line":1,"column":92}},"1":{"start":{"line":2,"column":21},"end":{"line":2,"column":49}},"2":{"start":{"line":4,"column":28},"end":{"line":25,"column":1}},"3":{"start":{"line":5,"column":4},"end":{"line":24,"column":5}},"4":{"start":{"line":6,"column":19},"end":{"line":6,"column":41}},"5":{"start":{"line":7,"column":26},"end":{"line":7,"column":40}},"6":{"start":{"line":9,"column":8},"end":{"line":12,"column":9}},"7":{"start":{"line":10,"column":35},"end":{"line":10,"column":71}},"8":{"start":{"line":11,"column":12},"end":{"line":11,"column":34}},"9":{"start":{"line":14,"column":8},"end":{"line":17,"column":9}},"10":{"start":{"line":15,"column":35},"end":{"line":15,"column":84}},"11":{"start":{"line":16,"column":12},"end":{"line":16,"column":34}},"12":{"start":{"line":19,"column":26},"end":{"line":19,"column":33}},"13":{"start":{"line":20,"column":8},"end":{"line":20,"column":27}},"14":{"start":{"line":23,"column":8},"end":{"line":23,"column":30}},"15":{"start":{"line":28,"column":46},"end":{"line":43,"column":1}},"16":{"start":{"line":29,"column":26},"end":{"line":29,"column":48}},"17":{"start":{"line":30,"column":28},"end":{"line":39,"column":6}},"18":{"start":{"line":31,"column":8},"end":{"line":37,"column":11}},"19":{"start":{"line":33,"column":12},"end":{"line":35,"column":13}},"20":{"start":{"line":34,"column":16},"end":{"line":34,"column":117}},"21":{"start":{"line":36,"column":12},"end":{"line":36,"column":37}},"22":{"start":{"line":41,"column":17},"end":{"line":41,"column":40}},"23":{"start":{"line":42,"column":4},"end":{"line":42,"column":18}},"24":{"start":{"line":45,"column":44},"end":{"line":49,"column":1}},"25":{"start":{"line":47,"column":4},"end":{"line":47,"column":93}},"26":{"start":{"line":48,"column":4},"end":{"line":48,"column":38}},"27":{"start":{"line":51,"column":44},"end":{"line":69,"column":1}},"28":{"start":{"line":52,"column":4},"end":{"line":68,"column":5}},"29":{"start":{"line":53,"column":8},"end":{"line":56,"column":9}},"30":{"start":{"line":54,"column":35},"end":{"line":54,"column":84}},"31":{"start":{"line":55,"column":12},"end":{"line":55,"column":34}},"32":{"start":{"line":58,"column":8},"end":{"line":61,"column":9}},"33":{"start":{"line":59,"column":35},"end":{"line":59,"column":97}},"34":{"start":{"line":60,"column":12},"end":{"line":60,"column":34}},"35":{"start":{"line":62,"column":26},"end":{"line":62,"column":33}},"36":{"start":{"line":63,"column":8},"end":{"line":63,"column":27}},"37":{"start":{"line":66,"column":8},"end":{"line":66,"column":32}},"38":{"start":{"line":67,"column":8},"end":{"line":67,"column":30}},"39":{"start":{"line":73,"column":42},"end":{"line":77,"column":1}},"40":{"start":{"line":75,"column":4},"end":{"line":75,"column":30}},"41":{"start":{"line":76,"column":4},"end":{"line":76,"column":29}},"42":{"start":{"line":80,"column":40},"end":{"line":90,"column":1}},"43":{"start":{"line":82,"column":4},"end":{"line":87,"column":7}},"44":{"start":{"line":83,"column":8},"end":{"line":86,"column":9}},"45":{"start":{"line":84,"column":12},"end":{"line":84,"column":64}},"46":{"start":{"line":85,"column":12},"end":{"line":85,"column":19}},"47":{"start":{"line":89,"column":4},"end":{"line":89,"column":29}},"48":{"start":{"line":92,"column":14},"end":{"line":99,"column":1}},"49":{"start":{"line":101,"column":1},"end":{"line":101,"column":26}}},"fnMap":{"0":{"name":"(anonymous_0)","decl":{"start":{"line":4,"column":28},"end":{"line":4,"column":29}},"loc":{"start":{"line":4,"column":73},"end":{"line":25,"column":1}},"line":4},"1":{"name":"(anonymous_1)","decl":{"start":{"line":28,"column":46},"end":{"line":28,"column":47}},"loc":{"start":{"line":28,"column":62},"end":{"line":43,"column":1}},"line":28},"2":{"name":"(anonymous_2)","decl":{"start":{"line":30,"column":40},"end":{"line":30,"column":41}},"loc":{"start":{"line":30,"column":65},"end":{"line":39,"column":5}},"line":30},"3":{"name":"(anonymous_3)","decl":{"start":{"line":31,"column":38},"end":{"line":31,"column":39}},"loc":{"start":{"line":31,"column":81},"end":{"line":37,"column":9}},"line":31},"4":{"name":"(anonymous_4)","decl":{"start":{"line":45,"column":44},"end":{"line":45,"column":45}},"loc":{"start":{"line":45,"column":74},"end":{"line":49,"column":1}},"line":45},"5":{"name":"(anonymous_5)","decl":{"start":{"line":51,"column":44},"end":{"line":51,"column":45}},"loc":{"start":{"line":51,"column":105},"end":{"line":69,"column":1}},"line":51},"6":{"name":"(anonymous_6)","decl":{"start":{"line":73,"column":42},"end":{"line":73,"column":43}},"loc":{"start":{"line":73,"column":66},"end":{"line":77,"column":1}},"line":73},"7":{"name":"(anonymous_7)","decl":{"start":{"line":80,"column":40},"end":{"line":80,"column":41}},"loc":{"start":{"line":80,"column":64},"end":{"line":90,"column":1}},"line":80},"8":{"name":"(anonymous_8)","decl":{"start":{"line":82,"column":26},"end":{"line":82,"column":27}},"loc":{"start":{"line":82,"column":41},"end":{"line":87,"column":5}},"line":82}},"branchMap":{"0":{"loc":{"start":{"line":4,"column":54},"end":{"line":4,"column":72}},"type":"default-arg","locations":[{"start":{"line":4,"column":68},"end":{"line":4,"column":72}}],"line":4},"1":{"loc":{"start":{"line":9,"column":8},"end":{"line":12,"column":9}},"type":"if","locations":[{"start":{"line":9,"column":8},"end":{"line":12,"column":9}},{"start":{},"end":{}}],"line":9},"2":{"loc":{"start":{"line":14,"column":8},"end":{"line":17,"column":9}},"type":"if","locations":[{"start":{"line":14,"column":8},"end":{"line":17,"column":9}},{"start":{},"end":{}}],"line":14},"3":{"loc":{"start":{"line":33,"column":12},"end":{"line":35,"column":13}},"type":"if","locations":[{"start":{"line":33,"column":12},"end":{"line":35,"column":13}},{"start":{},"end":{}}],"line":33},"4":{"loc":{"start":{"line":51,"column":86},"end":{"line":51,"column":104}},"type":"default-arg","locations":[{"start":{"line":51,"column":100},"end":{"line":51,"column":104}}],"line":51},"5":{"loc":{"start":{"line":53,"column":8},"end":{"line":56,"column":9}},"type":"if","locations":[{"start":{"line":53,"column":8},"end":{"line":56,"column":9}},{"start":{},"end":{}}],"line":53},"6":{"loc":{"start":{"line":58,"column":8},"end":{"line":61,"column":9}},"type":"if","locations":[{"start":{"line":58,"column":8},"end":{"line":61,"column":9}},{"start":{},"end":{}}],"line":58},"7":{"loc":{"start":{"line":83,"column":8},"end":{"line":86,"column":9}},"type":"if","locations":[{"start":{"line":83,"column":8},"end":{"line":86,"column":9}},{"start":{},"end":{}}],"line":83}},"s":{"0":4,"1":4,"2":4,"3":0,"4":0,"5":0,"6":0,"7":0,"8":0,"9":0,"10":0,"11":0,"12":0,"13":0,"14":0,"15":4,"16":0,"17":0,"18":0,"19":0,"20":0,"21":0,"22":0,"23":0,"24":4,"25":0,"26":0,"27":4,"28":0,"29":0,"30":0,"31":0,"32":0,"33":0,"34":0,"35":0,"36":0,"37":0,"38":0,"39":4,"40":0,"41":0,"42":4,"43":0,"44":0,"45":0,"46":0,"47":0,"48":4,"49":4},"f":{"0":0,"1":0,"2":0,"3":0,"4":0,"5":0,"6":0,"7":0,"8":0},"b":{"0":[0],"1":[0,0],"2":[0,0],"3":[0,0],"4":[0],"5":[0,0],"6":[0,0],"7":[0,0]},"_coverageSchema":"1a1c01bbd47fc00a2c39e90264f33305004495a9","hash":"635f25cccee58c922877ff79e6d22c4275ca8fd8"}
,"/Users/jad/Documents/Projects/_github/joezam1/Auth_System_Nodejs/app/dataAccessLayer/mysqlDataStore/context/dbConnection.js": {"path":"/Users/jad/Documents/Projects/_github/joezam1/Auth_System_Nodejs/app/dataAccessLayer/mysqlDataStore/context/dbConnection.js","statementMap":{"0":{"start":{"line":1,"column":14},"end":{"line":1,"column":31}},"1":{"start":{"line":2,"column":21},"end":{"line":2,"column":81}},"2":{"start":{"line":5,"column":11},"end":{"line":5,"column":15}},"3":{"start":{"line":6,"column":14},"end":{"line":12,"column":1}},"4":{"start":{"line":7,"column":4},"end":{"line":9,"column":5}},"5":{"start":{"line":8,"column":8},"end":{"line":8,"column":33}},"6":{"start":{"line":11,"column":4},"end":{"line":11,"column":16}},"7":{"start":{"line":14,"column":21},"end":{"line":19,"column":1}},"8":{"start":{"line":15,"column":4},"end":{"line":17,"column":5}},"9":{"start":{"line":16,"column":8},"end":{"line":16,"column":33}},"10":{"start":{"line":18,"column":4},"end":{"line":18,"column":24}},"11":{"start":{"line":21,"column":14},"end":{"line":24,"column":1}},"12":{"start":{"line":26,"column":0},"end":{"line":26,"column":25}},"13":{"start":{"line":30,"column":25},"end":{"line":30,"column":37}},"14":{"start":{"line":31,"column":22},"end":{"line":31,"column":54}},"15":{"start":{"line":32,"column":4},"end":{"line":32,"column":23}}},"fnMap":{"0":{"name":"(anonymous_0)","decl":{"start":{"line":6,"column":14},"end":{"line":6,"column":15}},"loc":{"start":{"line":6,"column":24},"end":{"line":12,"column":1}},"line":6},"1":{"name":"(anonymous_1)","decl":{"start":{"line":14,"column":21},"end":{"line":14,"column":22}},"loc":{"start":{"line":14,"column":31},"end":{"line":19,"column":1}},"line":14},"2":{"name":"createMysqlPool","decl":{"start":{"line":29,"column":9},"end":{"line":29,"column":24}},"loc":{"start":{"line":29,"column":26},"end":{"line":33,"column":1}},"line":29}},"branchMap":{"0":{"loc":{"start":{"line":7,"column":4},"end":{"line":9,"column":5}},"type":"if","locations":[{"start":{"line":7,"column":4},"end":{"line":9,"column":5}},{"start":{},"end":{}}],"line":7},"1":{"loc":{"start":{"line":15,"column":4},"end":{"line":17,"column":5}},"type":"if","locations":[{"start":{"line":15,"column":4},"end":{"line":17,"column":5}},{"start":{},"end":{}}],"line":15}},"s":{"0":4,"1":4,"2":4,"3":4,"4":0,"5":0,"6":0,"7":4,"8":0,"9":0,"10":0,"11":4,"12":4,"13":0,"14":0,"15":0},"f":{"0":0,"1":0,"2":0},"b":{"0":[0,0],"1":[0,0]},"_coverageSchema":"1a1c01bbd47fc00a2c39e90264f33305004495a9","hash":"b18e6bc9dcfa8404114be7f4a4a3ede3214d2ea2"}
,"/Users/jad/Documents/Projects/_github/joezam1/Auth_System_Nodejs/app/dataAccessLayer/mysqlDataStore/context/dbContext.js": {"path":"/Users/jad/Documents/Projects/_github/joezam1/Auth_System_Nodejs/app/dataAccessLayer/mysqlDataStore/context/dbContext.js","statementMap":{"0":{"start":{"line":1,"column":18},"end":{"line":1,"column":38}},"1":{"start":{"line":2,"column":24},"end":{"line":2,"column":92}},"2":{"start":{"line":3,"column":13},"end":{"line":3,"column":50}},"3":{"start":{"line":4,"column":13},"end":{"line":4,"column":50}},"4":{"start":{"line":5,"column":17},"end":{"line":5,"column":58}},"5":{"start":{"line":6,"column":17},"end":{"line":6,"column":58}},"6":{"start":{"line":7,"column":24},"end":{"line":7,"column":72}},"7":{"start":{"line":8,"column":16},"end":{"line":8,"column":56}},"8":{"start":{"line":9,"column":24},"end":{"line":9,"column":72}},"9":{"start":{"line":12,"column":26},"end":{"line":12,"column":30}},"10":{"start":{"line":13,"column":25},"end":{"line":13,"column":29}},"11":{"start":{"line":17,"column":4},"end":{"line":24,"column":5}},"12":{"start":{"line":19,"column":23},"end":{"line":19,"column":63}},"13":{"start":{"line":20,"column":23},"end":{"line":20,"column":63}},"14":{"start":{"line":21,"column":23},"end":{"line":21,"column":63}},"15":{"start":{"line":22,"column":22},"end":{"line":22,"column":61}},"16":{"start":{"line":23,"column":8},"end":{"line":23,"column":80}},"17":{"start":{"line":26,"column":4},"end":{"line":26,"column":31}},"18":{"start":{"line":30,"column":28},"end":{"line":33,"column":1}},"19":{"start":{"line":31,"column":19},"end":{"line":31,"column":59}},"20":{"start":{"line":32,"column":4},"end":{"line":32,"column":19}},"21":{"start":{"line":35,"column":26},"end":{"line":60,"column":1}},"22":{"start":{"line":36,"column":4},"end":{"line":57,"column":5}},"23":{"start":{"line":37,"column":24},"end":{"line":37,"column":48}},"24":{"start":{"line":38,"column":27},"end":{"line":38,"column":46}},"25":{"start":{"line":39,"column":27},"end":{"line":39,"column":56}},"26":{"start":{"line":40,"column":27},"end":{"line":40,"column":56}},"27":{"start":{"line":41,"column":31},"end":{"line":41,"column":64}},"28":{"start":{"line":42,"column":31},"end":{"line":42,"column":64}},"29":{"start":{"line":43,"column":38},"end":{"line":43,"column":78}},"30":{"start":{"line":44,"column":30},"end":{"line":44,"column":62}},"31":{"start":{"line":45,"column":30},"end":{"line":45,"column":70}},"32":{"start":{"line":47,"column":8},"end":{"line":55,"column":9}},"33":{"start":{"line":56,"column":8},"end":{"line":56,"column":34}},"34":{"start":{"line":59,"column":4},"end":{"line":59,"column":30}},"35":{"start":{"line":63,"column":14},"end":{"line":66,"column":1}},"36":{"start":{"line":67,"column":0},"end":{"line":67,"column":25}}},"fnMap":{"0":{"name":"getSequelizeConnection","decl":{"start":{"line":15,"column":9},"end":{"line":15,"column":31}},"loc":{"start":{"line":15,"column":33},"end":{"line":27,"column":1}},"line":15},"1":{"name":"(anonymous_1)","decl":{"start":{"line":30,"column":28},"end":{"line":30,"column":29}},"loc":{"start":{"line":30,"column":38},"end":{"line":33,"column":1}},"line":30},"2":{"name":"(anonymous_2)","decl":{"start":{"line":35,"column":26},"end":{"line":35,"column":27}},"loc":{"start":{"line":35,"column":36},"end":{"line":60,"column":1}},"line":35}},"branchMap":{"0":{"loc":{"start":{"line":17,"column":4},"end":{"line":24,"column":5}},"type":"if","locations":[{"start":{"line":17,"column":4},"end":{"line":24,"column":5}},{"start":{},"end":{}}],"line":17},"1":{"loc":{"start":{"line":36,"column":4},"end":{"line":57,"column":5}},"type":"if","locations":[{"start":{"line":36,"column":4},"end":{"line":57,"column":5}},{"start":{},"end":{}}],"line":36}},"s":{"0":7,"1":7,"2":7,"3":7,"4":7,"5":7,"6":7,"7":7,"8":7,"9":7,"10":7,"11":7,"12":7,"13":7,"14":7,"15":7,"16":7,"17":7,"18":7,"19":6,"20":6,"21":7,"22":12,"23":7,"24":7,"25":7,"26":7,"27":7,"28":7,"29":7,"30":7,"31":7,"32":7,"33":7,"34":5,"35":7,"36":7},"f":{"0":7,"1":6,"2":12},"b":{"0":[7,0],"1":[7,5]},"_coverageSchema":"1a1c01bbd47fc00a2c39e90264f33305004495a9","hash":"42f295476ac808396845b93daad2a22da25a2d96"}
,"/Users/jad/Documents/Projects/_github/joezam1/Auth_System_Nodejs/app/dataAccessLayer/mysqlDataStore/mappings/models/authrolesection.js": {"path":"/Users/jad/Documents/Projects/_github/joezam1/Auth_System_Nodejs/app/dataAccessLayer/mysqlDataStore/mappings/models/authrolesection.js","statementMap":{"0":{"start":{"line":4,"column":4},"end":{"line":4,"column":24}},"1":{"start":{"line":5,"column":0},"end":{"line":77,"column":2}},"2":{"start":{"line":14,"column":12},"end":{"line":18,"column":15}},"3":{"start":{"line":19,"column":12},"end":{"line":23,"column":15}},"4":{"start":{"line":26,"column":4},"end":{"line":75,"column":7}},"5":{"start":{"line":76,"column":4},"end":{"line":76,"column":27}}},"fnMap":{"0":{"name":"(anonymous_0)","decl":{"start":{"line":5,"column":17},"end":{"line":5,"column":18}},"loc":{"start":{"line":5,"column":43},"end":{"line":77,"column":1}},"line":5},"1":{"name":"(anonymous_1)","decl":{"start":{"line":12,"column":8},"end":{"line":12,"column":9}},"loc":{"start":{"line":12,"column":33},"end":{"line":24,"column":9}},"line":12}},"branchMap":{},"s":{"0":7,"1":7,"2":0,"3":0,"4":7,"5":7},"f":{"0":7,"1":0},"b":{},"_coverageSchema":"1a1c01bbd47fc00a2c39e90264f33305004495a9","hash":"df3717c2b030cbd16ce23d7072f08b00510b2628"}
,"/Users/jad/Documents/Projects/_github/joezam1/Auth_System_Nodejs/app/dataAccessLayer/mysqlDataStore/mappings/models/register.js": {"path":"/Users/jad/Documents/Projects/_github/joezam1/Auth_System_Nodejs/app/dataAccessLayer/mysqlDataStore/mappings/models/register.js","statementMap":{"0":{"start":{"line":4,"column":4},"end":{"line":4,"column":24}},"1":{"start":{"line":5,"column":0},"end":{"line":67,"column":2}},"2":{"start":{"line":14,"column":6},"end":{"line":17,"column":9}},"3":{"start":{"line":20,"column":2},"end":{"line":65,"column":5}},"4":{"start":{"line":66,"column":2},"end":{"line":66,"column":18}}},"fnMap":{"0":{"name":"(anonymous_0)","decl":{"start":{"line":5,"column":17},"end":{"line":5,"column":18}},"loc":{"start":{"line":5,"column":43},"end":{"line":67,"column":1}},"line":5},"1":{"name":"(anonymous_1)","decl":{"start":{"line":12,"column":4},"end":{"line":12,"column":5}},"loc":{"start":{"line":12,"column":29},"end":{"line":18,"column":5}},"line":12}},"branchMap":{},"s":{"0":7,"1":7,"2":0,"3":7,"4":7},"f":{"0":7,"1":0},"b":{},"_coverageSchema":"1a1c01bbd47fc00a2c39e90264f33305004495a9","hash":"0ef68a08d32fdd76875ef79e7f592c704d6a787b"}
,"/Users/jad/Documents/Projects/_github/joezam1/Auth_System_Nodejs/app/dataAccessLayer/mysqlDataStore/mappings/models/role.js": {"path":"/Users/jad/Documents/Projects/_github/joezam1/Auth_System_Nodejs/app/dataAccessLayer/mysqlDataStore/mappings/models/role.js","statementMap":{"0":{"start":{"line":4,"column":4},"end":{"line":4,"column":24}},"1":{"start":{"line":5,"column":0},"end":{"line":72,"column":2}},"2":{"start":{"line":14,"column":12},"end":{"line":18,"column":15}},"3":{"start":{"line":19,"column":12},"end":{"line":23,"column":15}},"4":{"start":{"line":26,"column":4},"end":{"line":70,"column":7}},"5":{"start":{"line":71,"column":4},"end":{"line":71,"column":16}}},"fnMap":{"0":{"name":"(anonymous_0)","decl":{"start":{"line":5,"column":17},"end":{"line":5,"column":18}},"loc":{"start":{"line":5,"column":43},"end":{"line":72,"column":1}},"line":5},"1":{"name":"(anonymous_1)","decl":{"start":{"line":12,"column":8},"end":{"line":12,"column":9}},"loc":{"start":{"line":12,"column":33},"end":{"line":24,"column":9}},"line":12}},"branchMap":{},"s":{"0":7,"1":7,"2":0,"3":0,"4":7,"5":7},"f":{"0":7,"1":0},"b":{},"_coverageSchema":"1a1c01bbd47fc00a2c39e90264f33305004495a9","hash":"33c1cb3a60175f0f3993374ef40522ab664e51c7"}
,"/Users/jad/Documents/Projects/_github/joezam1/Auth_System_Nodejs/app/dataAccessLayer/mysqlDataStore/mappings/models/session.js": {"path":"/Users/jad/Documents/Projects/_github/joezam1/Auth_System_Nodejs/app/dataAccessLayer/mysqlDataStore/mappings/models/session.js","statementMap":{"0":{"start":{"line":4,"column":4},"end":{"line":4,"column":24}},"1":{"start":{"line":5,"column":0},"end":{"line":76,"column":2}},"2":{"start":{"line":14,"column":6},"end":{"line":18,"column":9}},"3":{"start":{"line":21,"column":2},"end":{"line":74,"column":5}},"4":{"start":{"line":75,"column":2},"end":{"line":75,"column":17}}},"fnMap":{"0":{"name":"(anonymous_0)","decl":{"start":{"line":5,"column":17},"end":{"line":5,"column":18}},"loc":{"start":{"line":5,"column":43},"end":{"line":76,"column":1}},"line":5},"1":{"name":"(anonymous_1)","decl":{"start":{"line":12,"column":4},"end":{"line":12,"column":5}},"loc":{"start":{"line":12,"column":29},"end":{"line":19,"column":5}},"line":12}},"branchMap":{},"s":{"0":7,"1":7,"2":0,"3":7,"4":7},"f":{"0":7,"1":0},"b":{},"_coverageSchema":"1a1c01bbd47fc00a2c39e90264f33305004495a9","hash":"fbeb2efa5492f12e6fc71027ea8c0436b8393b1f"}
,"/Users/jad/Documents/Projects/_github/joezam1/Auth_System_Nodejs/app/dataAccessLayer/mysqlDataStore/mappings/models/sessionactivity.js": {"path":"/Users/jad/Documents/Projects/_github/joezam1/Auth_System_Nodejs/app/dataAccessLayer/mysqlDataStore/mappings/models/sessionactivity.js","statementMap":{"0":{"start":{"line":4,"column":4},"end":{"line":4,"column":24}},"1":{"start":{"line":5,"column":0},"end":{"line":70,"column":2}},"2":{"start":{"line":14,"column":12},"end":{"line":18,"column":15}},"3":{"start":{"line":21,"column":4},"end":{"line":68,"column":7}},"4":{"start":{"line":69,"column":4},"end":{"line":69,"column":27}}},"fnMap":{"0":{"name":"(anonymous_0)","decl":{"start":{"line":5,"column":17},"end":{"line":5,"column":18}},"loc":{"start":{"line":5,"column":43},"end":{"line":70,"column":1}},"line":5},"1":{"name":"(anonymous_1)","decl":{"start":{"line":12,"column":8},"end":{"line":12,"column":9}},"loc":{"start":{"line":12,"column":33},"end":{"line":19,"column":9}},"line":12}},"branchMap":{},"s":{"0":7,"1":7,"2":0,"3":7,"4":7},"f":{"0":7,"1":0},"b":{},"_coverageSchema":"1a1c01bbd47fc00a2c39e90264f33305004495a9","hash":"fed471b2966a1c27951e8bfe3e74e9263859228b"}
,"/Users/jad/Documents/Projects/_github/joezam1/Auth_System_Nodejs/app/dataAccessLayer/mysqlDataStore/mappings/models/user.js": {"path":"/Users/jad/Documents/Projects/_github/joezam1/Auth_System_Nodejs/app/dataAccessLayer/mysqlDataStore/mappings/models/user.js","statementMap":{"0":{"start":{"line":4,"column":4},"end":{"line":4,"column":24}},"1":{"start":{"line":5,"column":0},"end":{"line":98,"column":2}},"2":{"start":{"line":14,"column":12},"end":{"line":18,"column":15}},"3":{"start":{"line":19,"column":12},"end":{"line":22,"column":15}},"4":{"start":{"line":23,"column":12},"end":{"line":26,"column":15}},"5":{"start":{"line":27,"column":12},"end":{"line":30,"column":15}},"6":{"start":{"line":33,"column":4},"end":{"line":96,"column":7}},"7":{"start":{"line":97,"column":4},"end":{"line":97,"column":16}}},"fnMap":{"0":{"name":"(anonymous_0)","decl":{"start":{"line":5,"column":17},"end":{"line":5,"column":18}},"loc":{"start":{"line":5,"column":43},"end":{"line":98,"column":1}},"line":5},"1":{"name":"(anonymous_1)","decl":{"start":{"line":12,"column":8},"end":{"line":12,"column":9}},"loc":{"start":{"line":12,"column":33},"end":{"line":31,"column":9}},"line":12}},"branchMap":{},"s":{"0":7,"1":7,"2":0,"3":0,"4":0,"5":0,"6":7,"7":7},"f":{"0":7,"1":0},"b":{},"_coverageSchema":"1a1c01bbd47fc00a2c39e90264f33305004495a9","hash":"23791b8574d4d66dac017f32adb3292741d10d65"}
,"/Users/jad/Documents/Projects/_github/joezam1/Auth_System_Nodejs/app/dataAccessLayer/mysqlDataStore/mappings/models/userrole.js": {"path":"/Users/jad/Documents/Projects/_github/joezam1/Auth_System_Nodejs/app/dataAccessLayer/mysqlDataStore/mappings/models/userrole.js","statementMap":{"0":{"start":{"line":4,"column":4},"end":{"line":4,"column":24}},"1":{"start":{"line":5,"column":0},"end":{"line":71,"column":2}},"2":{"start":{"line":14,"column":12},"end":{"line":18,"column":15}},"3":{"start":{"line":19,"column":12},"end":{"line":23,"column":15}},"4":{"start":{"line":26,"column":4},"end":{"line":69,"column":7}},"5":{"start":{"line":70,"column":4},"end":{"line":70,"column":20}}},"fnMap":{"0":{"name":"(anonymous_0)","decl":{"start":{"line":5,"column":17},"end":{"line":5,"column":18}},"loc":{"start":{"line":5,"column":43},"end":{"line":71,"column":1}},"line":5},"1":{"name":"(anonymous_1)","decl":{"start":{"line":12,"column":8},"end":{"line":12,"column":9}},"loc":{"start":{"line":12,"column":33},"end":{"line":24,"column":9}},"line":12}},"branchMap":{},"s":{"0":7,"1":7,"2":0,"3":0,"4":7,"5":7},"f":{"0":7,"1":0},"b":{},"_coverageSchema":"1a1c01bbd47fc00a2c39e90264f33305004495a9","hash":"69c00752e0fddff889e109e358cad60adf7331af"}
,"/Users/jad/Documents/Projects/_github/joezam1/Auth_System_Nodejs/app/dataAccessLayer/mysqlDataStore/preparedStatements/queryFactory.js": {"path":"/Users/jad/Documents/Projects/_github/joezam1/Auth_System_Nodejs/app/dataAccessLayer/mysqlDataStore/preparedStatements/queryFactory.js","statementMap":{"0":{"start":{"line":1,"column":31},"end":{"line":1,"column":97}},"1":{"start":{"line":5,"column":27},"end":{"line":20,"column":1}},"2":{"start":{"line":7,"column":24},"end":{"line":7,"column":26}},"3":{"start":{"line":8,"column":29},"end":{"line":8,"column":60}},"4":{"start":{"line":9,"column":4},"end":{"line":16,"column":5}},"5":{"start":{"line":9,"column":16},"end":{"line":9,"column":17}},"6":{"start":{"line":10,"column":8},"end":{"line":12,"column":9}},"7":{"start":{"line":11,"column":12},"end":{"line":11,"column":75}},"8":{"start":{"line":13,"column":8},"end":{"line":15,"column":9}},"9":{"start":{"line":14,"column":12},"end":{"line":14,"column":70}},"10":{"start":{"line":17,"column":20},"end":{"line":17,"column":71}},"11":{"start":{"line":19,"column":4},"end":{"line":19,"column":21}},"12":{"start":{"line":22,"column":25},"end":{"line":26,"column":1}},"13":{"start":{"line":23,"column":20},"end":{"line":23,"column":48}},"14":{"start":{"line":25,"column":4},"end":{"line":25,"column":21}},"15":{"start":{"line":29,"column":28},"end":{"line":45,"column":1}},"16":{"start":{"line":31,"column":22},"end":{"line":31,"column":24}},"17":{"start":{"line":32,"column":17},"end":{"line":32,"column":19}},"18":{"start":{"line":33,"column":4},"end":{"line":41,"column":5}},"19":{"start":{"line":33,"column":16},"end":{"line":33,"column":17}},"20":{"start":{"line":34,"column":8},"end":{"line":40,"column":9}},"21":{"start":{"line":35,"column":12},"end":{"line":35,"column":64}},"22":{"start":{"line":36,"column":12},"end":{"line":36,"column":26}},"23":{"start":{"line":38,"column":12},"end":{"line":38,"column":65}},"24":{"start":{"line":39,"column":12},"end":{"line":39,"column":26}},"25":{"start":{"line":42,"column":20},"end":{"line":42,"column":87}},"26":{"start":{"line":44,"column":4},"end":{"line":44,"column":21}},"27":{"start":{"line":47,"column":27},"end":{"line":62,"column":1}},"28":{"start":{"line":49,"column":24},"end":{"line":49,"column":26}},"29":{"start":{"line":50,"column":29},"end":{"line":50,"column":60}},"30":{"start":{"line":51,"column":4},"end":{"line":58,"column":5}},"31":{"start":{"line":51,"column":16},"end":{"line":51,"column":17}},"32":{"start":{"line":52,"column":8},"end":{"line":54,"column":9}},"33":{"start":{"line":53,"column":12},"end":{"line":53,"column":75}},"34":{"start":{"line":55,"column":8},"end":{"line":57,"column":9}},"35":{"start":{"line":56,"column":12},"end":{"line":56,"column":70}},"36":{"start":{"line":59,"column":20},"end":{"line":59,"column":69}},"37":{"start":{"line":61,"column":4},"end":{"line":61,"column":21}},"38":{"start":{"line":64,"column":38},"end":{"line":92,"column":1}},"39":{"start":{"line":65,"column":24},"end":{"line":65,"column":26}},"40":{"start":{"line":66,"column":29},"end":{"line":66,"column":60}},"41":{"start":{"line":67,"column":4},"end":{"line":74,"column":5}},"42":{"start":{"line":67,"column":16},"end":{"line":67,"column":17}},"43":{"start":{"line":68,"column":8},"end":{"line":70,"column":9}},"44":{"start":{"line":69,"column":12},"end":{"line":69,"column":73}},"45":{"start":{"line":71,"column":8},"end":{"line":73,"column":9}},"46":{"start":{"line":72,"column":12},"end":{"line":72,"column":70}},"47":{"start":{"line":76,"column":35},"end":{"line":76,"column":37}},"48":{"start":{"line":77,"column":4},"end":{"line":88,"column":5}},"49":{"start":{"line":78,"column":8},"end":{"line":78,"column":46}},"50":{"start":{"line":79,"column":38},"end":{"line":79,"column":83}},"51":{"start":{"line":80,"column":8},"end":{"line":87,"column":9}},"52":{"start":{"line":80,"column":20},"end":{"line":80,"column":21}},"53":{"start":{"line":81,"column":12},"end":{"line":83,"column":13}},"54":{"start":{"line":82,"column":16},"end":{"line":82,"column":104}},"55":{"start":{"line":84,"column":12},"end":{"line":86,"column":13}},"56":{"start":{"line":85,"column":16},"end":{"line":85,"column":99}},"57":{"start":{"line":89,"column":20},"end":{"line":89,"column":90}},"58":{"start":{"line":91,"column":4},"end":{"line":91,"column":21}},"59":{"start":{"line":95,"column":33},"end":{"line":119,"column":1}},"60":{"start":{"line":97,"column":28},"end":{"line":97,"column":30}},"61":{"start":{"line":98,"column":4},"end":{"line":116,"column":5}},"62":{"start":{"line":101,"column":12},"end":{"line":101,"column":90}},"63":{"start":{"line":102,"column":12},"end":{"line":102,"column":18}},"64":{"start":{"line":105,"column":12},"end":{"line":105,"column":62}},"65":{"start":{"line":106,"column":12},"end":{"line":106,"column":18}},"66":{"start":{"line":109,"column":12},"end":{"line":109,"column":91}},"67":{"start":{"line":110,"column":12},"end":{"line":110,"column":18}},"68":{"start":{"line":113,"column":12},"end":{"line":113,"column":90}},"69":{"start":{"line":114,"column":12},"end":{"line":114,"column":18}},"70":{"start":{"line":118,"column":4},"end":{"line":118,"column":29}},"71":{"start":{"line":121,"column":14},"end":{"line":129,"column":1}},"72":{"start":{"line":131,"column":0},"end":{"line":131,"column":25}}},"fnMap":{"0":{"name":"(anonymous_0)","decl":{"start":{"line":5,"column":27},"end":{"line":5,"column":28}},"loc":{"start":{"line":5,"column":72},"end":{"line":20,"column":1}},"line":5},"1":{"name":"(anonymous_1)","decl":{"start":{"line":22,"column":25},"end":{"line":22,"column":26}},"loc":{"start":{"line":22,"column":44},"end":{"line":26,"column":1}},"line":22},"2":{"name":"(anonymous_2)","decl":{"start":{"line":29,"column":28},"end":{"line":29,"column":29}},"loc":{"start":{"line":29,"column":73},"end":{"line":45,"column":1}},"line":29},"3":{"name":"(anonymous_3)","decl":{"start":{"line":47,"column":27},"end":{"line":47,"column":28}},"loc":{"start":{"line":47,"column":72},"end":{"line":62,"column":1}},"line":47},"4":{"name":"(anonymous_4)","decl":{"start":{"line":64,"column":38},"end":{"line":64,"column":39}},"loc":{"start":{"line":64,"column":124},"end":{"line":92,"column":1}},"line":64},"5":{"name":"(anonymous_5)","decl":{"start":{"line":95,"column":33},"end":{"line":95,"column":34}},"loc":{"start":{"line":95,"column":108},"end":{"line":119,"column":1}},"line":95}},"branchMap":{"0":{"loc":{"start":{"line":10,"column":8},"end":{"line":12,"column":9}},"type":"if","locations":[{"start":{"line":10,"column":8},"end":{"line":12,"column":9}},{"start":{},"end":{}}],"line":10},"1":{"loc":{"start":{"line":13,"column":8},"end":{"line":15,"column":9}},"type":"if","locations":[{"start":{"line":13,"column":8},"end":{"line":15,"column":9}},{"start":{},"end":{}}],"line":13},"2":{"loc":{"start":{"line":34,"column":8},"end":{"line":40,"column":9}},"type":"if","locations":[{"start":{"line":34,"column":8},"end":{"line":40,"column":9}},{"start":{"line":37,"column":13},"end":{"line":40,"column":9}}],"line":34},"3":{"loc":{"start":{"line":52,"column":8},"end":{"line":54,"column":9}},"type":"if","locations":[{"start":{"line":52,"column":8},"end":{"line":54,"column":9}},{"start":{},"end":{}}],"line":52},"4":{"loc":{"start":{"line":55,"column":8},"end":{"line":57,"column":9}},"type":"if","locations":[{"start":{"line":55,"column":8},"end":{"line":57,"column":9}},{"start":{},"end":{}}],"line":55},"5":{"loc":{"start":{"line":68,"column":8},"end":{"line":70,"column":9}},"type":"if","locations":[{"start":{"line":68,"column":8},"end":{"line":70,"column":9}},{"start":{},"end":{}}],"line":68},"6":{"loc":{"start":{"line":71,"column":8},"end":{"line":73,"column":9}},"type":"if","locations":[{"start":{"line":71,"column":8},"end":{"line":73,"column":9}},{"start":{},"end":{}}],"line":71},"7":{"loc":{"start":{"line":77,"column":4},"end":{"line":88,"column":5}},"type":"if","locations":[{"start":{"line":77,"column":4},"end":{"line":88,"column":5}},{"start":{},"end":{}}],"line":77},"8":{"loc":{"start":{"line":77,"column":7},"end":{"line":77,"column":111}},"type":"binary-expr","locations":[{"start":{"line":77,"column":7},"end":{"line":77,"column":54}},{"start":{"line":77,"column":58},"end":{"line":77,"column":111}}],"line":77},"9":{"loc":{"start":{"line":81,"column":12},"end":{"line":83,"column":13}},"type":"if","locations":[{"start":{"line":81,"column":12},"end":{"line":83,"column":13}},{"start":{},"end":{}}],"line":81},"10":{"loc":{"start":{"line":84,"column":12},"end":{"line":86,"column":13}},"type":"if","locations":[{"start":{"line":84,"column":12},"end":{"line":86,"column":13}},{"start":{},"end":{}}],"line":84},"11":{"loc":{"start":{"line":98,"column":4},"end":{"line":116,"column":5}},"type":"switch","locations":[{"start":{"line":100,"column":8},"end":{"line":102,"column":18}},{"start":{"line":104,"column":8},"end":{"line":106,"column":18}},{"start":{"line":108,"column":8},"end":{"line":110,"column":18}},{"start":{"line":112,"column":8},"end":{"line":114,"column":18}}],"line":98}},"s":{"0":5,"1":5,"2":2,"3":2,"4":2,"5":2,"6":5,"7":3,"8":5,"9":2,"10":2,"11":2,"12":5,"13":2,"14":2,"15":5,"16":5,"17":5,"18":5,"19":5,"20":19,"21":5,"22":5,"23":14,"24":14,"25":5,"26":5,"27":5,"28":1,"29":1,"30":1,"31":1,"32":3,"33":2,"34":3,"35":1,"36":1,"37":1,"38":5,"39":1,"40":1,"41":1,"42":1,"43":3,"44":2,"45":3,"46":1,"47":1,"48":1,"49":1,"50":1,"51":1,"52":1,"53":1,"54":0,"55":1,"56":1,"57":1,"58":1,"59":5,"60":5,"61":5,"62":1,"63":1,"64":0,"65":0,"66":4,"67":4,"68":0,"69":0,"70":5,"71":5,"72":5},"f":{"0":2,"1":2,"2":5,"3":1,"4":1,"5":5},"b":{"0":[3,2],"1":[2,3],"2":[5,14],"3":[2,1],"4":[1,2],"5":[2,1],"6":[1,2],"7":[1,0],"8":[1,1],"9":[0,1],"10":[1,0],"11":[1,0,4,0]},"_coverageSchema":"1a1c01bbd47fc00a2c39e90264f33305004495a9","hash":"1e84e9beee8037b25582d06d7895bb40817edd06"}
,"/Users/jad/Documents/Projects/_github/joezam1/Auth_System_Nodejs/app/dataAccessLayer/mysqlDataStore/preparedStatements/valueSanitizer.js": {"path":"/Users/jad/Documents/Projects/_github/joezam1/Auth_System_Nodejs/app/dataAccessLayer/mysqlDataStore/preparedStatements/valueSanitizer.js","statementMap":{"0":{"start":{"line":1,"column":16},"end":{"line":1,"column":61}},"1":{"start":{"line":2,"column":18},"end":{"line":2,"column":38}},"2":{"start":{"line":3,"column":14},"end":{"line":3,"column":31}},"3":{"start":{"line":8,"column":41},"end":{"line":24,"column":1}},"4":{"start":{"line":9,"column":23},"end":{"line":9,"column":25}},"5":{"start":{"line":11,"column":4},"end":{"line":21,"column":5}},"6":{"start":{"line":12,"column":8},"end":{"line":20,"column":9}},"7":{"start":{"line":13,"column":12},"end":{"line":19,"column":13}},"8":{"start":{"line":14,"column":16},"end":{"line":18,"column":17}},"9":{"start":{"line":15,"column":20},"end":{"line":17,"column":21}},"10":{"start":{"line":16,"column":24},"end":{"line":16,"column":70}},"11":{"start":{"line":23,"column":4},"end":{"line":23,"column":24}},"12":{"start":{"line":27,"column":25},"end":{"line":36,"column":1}},"13":{"start":{"line":28,"column":31},"end":{"line":28,"column":33}},"14":{"start":{"line":29,"column":4},"end":{"line":34,"column":5}},"15":{"start":{"line":29,"column":16},"end":{"line":29,"column":17}},"16":{"start":{"line":31,"column":18},"end":{"line":31,"column":45}},"17":{"start":{"line":32,"column":29},"end":{"line":32,"column":67}},"18":{"start":{"line":33,"column":8},"end":{"line":33,"column":50}},"19":{"start":{"line":35,"column":4},"end":{"line":35,"column":32}},"20":{"start":{"line":39,"column":14},"end":{"line":42,"column":1}},"21":{"start":{"line":44,"column":0},"end":{"line":44,"column":25}},"22":{"start":{"line":49,"column":20},"end":{"line":98,"column":1}},"23":{"start":{"line":51,"column":23},"end":{"line":51,"column":25}},"24":{"start":{"line":52,"column":25},"end":{"line":52,"column":27}},"25":{"start":{"line":53,"column":25},"end":{"line":53,"column":27}},"26":{"start":{"line":54,"column":23},"end":{"line":54,"column":68}},"27":{"start":{"line":56,"column":4},"end":{"line":95,"column":5}},"28":{"start":{"line":60,"column":12},"end":{"line":60,"column":54}},"29":{"start":{"line":61,"column":12},"end":{"line":61,"column":59}},"30":{"start":{"line":62,"column":12},"end":{"line":62,"column":91}},"31":{"start":{"line":63,"column":12},"end":{"line":63,"column":18}},"32":{"start":{"line":66,"column":32},"end":{"line":66,"column":54}},"33":{"start":{"line":67,"column":12},"end":{"line":67,"column":55}},"34":{"start":{"line":68,"column":12},"end":{"line":68,"column":61}},"35":{"start":{"line":69,"column":12},"end":{"line":69,"column":18}},"36":{"start":{"line":74,"column":30},"end":{"line":74,"column":54}},"37":{"start":{"line":75,"column":12},"end":{"line":75,"column":53}},"38":{"start":{"line":76,"column":12},"end":{"line":76,"column":61}},"39":{"start":{"line":77,"column":12},"end":{"line":77,"column":18}},"40":{"start":{"line":80,"column":12},"end":{"line":80,"column":54}},"41":{"start":{"line":81,"column":12},"end":{"line":81,"column":59}},"42":{"start":{"line":82,"column":12},"end":{"line":82,"column":91}},"43":{"start":{"line":83,"column":12},"end":{"line":83,"column":18}},"44":{"start":{"line":86,"column":12},"end":{"line":86,"column":54}},"45":{"start":{"line":87,"column":12},"end":{"line":87,"column":61}},"46":{"start":{"line":88,"column":12},"end":{"line":88,"column":18}},"47":{"start":{"line":91,"column":12},"end":{"line":91,"column":54}},"48":{"start":{"line":92,"column":38},"end":{"line":92,"column":69}},"49":{"start":{"line":93,"column":12},"end":{"line":93,"column":62}},"50":{"start":{"line":94,"column":12},"end":{"line":94,"column":18}},"51":{"start":{"line":97,"column":4},"end":{"line":97,"column":26}},"52":{"start":{"line":101,"column":24},"end":{"line":101,"column":52}},"53":{"start":{"line":102,"column":23},"end":{"line":102,"column":59}},"54":{"start":{"line":103,"column":4},"end":{"line":103,"column":24}}},"fnMap":{"0":{"name":"(anonymous_0)","decl":{"start":{"line":8,"column":41},"end":{"line":8,"column":42}},"loc":{"start":{"line":8,"column":76},"end":{"line":24,"column":1}},"line":8},"1":{"name":"(anonymous_1)","decl":{"start":{"line":27,"column":25},"end":{"line":27,"column":26}},"loc":{"start":{"line":27,"column":59},"end":{"line":36,"column":1}},"line":27},"2":{"name":"(anonymous_2)","decl":{"start":{"line":49,"column":20},"end":{"line":49,"column":21}},"loc":{"start":{"line":49,"column":65},"end":{"line":98,"column":1}},"line":49},"3":{"name":"removeExtraQuotes","decl":{"start":{"line":100,"column":9},"end":{"line":100,"column":26}},"loc":{"start":{"line":100,"column":33},"end":{"line":104,"column":1}},"line":100}},"branchMap":{"0":{"loc":{"start":{"line":12,"column":8},"end":{"line":20,"column":9}},"type":"if","locations":[{"start":{"line":12,"column":8},"end":{"line":20,"column":9}},{"start":{},"end":{}}],"line":12},"1":{"loc":{"start":{"line":14,"column":16},"end":{"line":18,"column":17}},"type":"if","locations":[{"start":{"line":14,"column":16},"end":{"line":18,"column":17}},{"start":{},"end":{}}],"line":14},"2":{"loc":{"start":{"line":14,"column":19},"end":{"line":14,"column":99}},"type":"binary-expr","locations":[{"start":{"line":14,"column":19},"end":{"line":14,"column":66}},{"start":{"line":14,"column":70},"end":{"line":14,"column":99}}],"line":14},"3":{"loc":{"start":{"line":15,"column":20},"end":{"line":17,"column":21}},"type":"if","locations":[{"start":{"line":15,"column":20},"end":{"line":17,"column":21}},{"start":{},"end":{}}],"line":15},"4":{"loc":{"start":{"line":56,"column":4},"end":{"line":95,"column":5}},"type":"switch","locations":[{"start":{"line":58,"column":8},"end":{"line":58,"column":44}},{"start":{"line":59,"column":8},"end":{"line":63,"column":18}},{"start":{"line":65,"column":8},"end":{"line":69,"column":18}},{"start":{"line":71,"column":8},"end":{"line":71,"column":45}},{"start":{"line":72,"column":8},"end":{"line":72,"column":44}},{"start":{"line":73,"column":8},"end":{"line":77,"column":18}},{"start":{"line":79,"column":8},"end":{"line":83,"column":18}},{"start":{"line":85,"column":8},"end":{"line":88,"column":18}},{"start":{"line":90,"column":8},"end":{"line":94,"column":18}}],"line":56},"5":{"loc":{"start":{"line":62,"column":29},"end":{"line":62,"column":90}},"type":"cond-expr","locations":[{"start":{"line":62,"column":72},"end":{"line":62,"column":76}},{"start":{"line":62,"column":78},"end":{"line":62,"column":90}}],"line":62},"6":{"loc":{"start":{"line":82,"column":29},"end":{"line":82,"column":90}},"type":"cond-expr","locations":[{"start":{"line":82,"column":72},"end":{"line":82,"column":76}},{"start":{"line":82,"column":78},"end":{"line":82,"column":90}}],"line":82}},"s":{"0":4,"1":4,"2":4,"3":4,"4":5,"5":5,"6":33,"7":33,"8":212,"9":22,"10":17,"11":5,"12":4,"13":5,"14":5,"15":5,"16":18,"17":18,"18":18,"19":5,"20":4,"21":4,"22":4,"23":18,"24":18,"25":18,"26":18,"27":18,"28":7,"29":7,"30":7,"31":7,"32":0,"33":0,"34":0,"35":0,"36":0,"37":0,"38":0,"39":0,"40":5,"41":5,"42":5,"43":5,"44":5,"45":5,"46":5,"47":1,"48":1,"49":1,"50":1,"51":18,"52":18,"53":18,"54":18},"f":{"0":5,"1":5,"2":18,"3":18},"b":{"0":[33,0],"1":[22,190],"2":[212,212],"3":[17,5],"4":[7,7,0,0,0,0,5,5,1],"5":[1,6],"6":[0,5]},"_coverageSchema":"1a1c01bbd47fc00a2c39e90264f33305004495a9","hash":"1b84bcf0765678d46b7ad3053ce999648ce1dc6f"}
,"/Users/jad/Documents/Projects/_github/joezam1/Auth_System_Nodejs/app/dataAccessLayer/repositories/registerRepository.js": {"path":"/Users/jad/Documents/Projects/_github/joezam1/Auth_System_Nodejs/app/dataAccessLayer/repositories/registerRepository.js","statementMap":{"0":{"start":{"line":1,"column":18},"end":{"line":1,"column":67}},"1":{"start":{"line":2,"column":16},"end":{"line":2,"column":58}},"2":{"start":{"line":3,"column":25},"end":{"line":3,"column":71}},"3":{"start":{"line":4,"column":31},"end":{"line":4,"column":94}},"4":{"start":{"line":7,"column":14},"end":{"line":7,"column":18}},"5":{"start":{"line":8,"column":24},"end":{"line":8,"column":28}},"6":{"start":{"line":11,"column":46},"end":{"line":18,"column":1}},"7":{"start":{"line":12,"column":27},"end":{"line":12,"column":83}},"8":{"start":{"line":13,"column":26},"end":{"line":13,"column":93}},"9":{"start":{"line":14,"column":26},"end":{"line":14,"column":190}},"10":{"start":{"line":16,"column":4},"end":{"line":16,"column":27}},"11":{"start":{"line":20,"column":0},"end":{"line":20,"column":9}},"12":{"start":{"line":22,"column":15},"end":{"line":24,"column":1}},"13":{"start":{"line":25,"column":0},"end":{"line":25,"column":26}},"14":{"start":{"line":30,"column":4},"end":{"line":30,"column":46}},"15":{"start":{"line":31,"column":4},"end":{"line":31,"column":101}},"16":{"start":{"line":35,"column":18},"end":{"line":35,"column":28}},"17":{"start":{"line":36,"column":33},"end":{"line":38,"column":51}},"18":{"start":{"line":38,"column":53},"end":{"line":38,"column":102}},"19":{"start":{"line":40,"column":23},"end":{"line":40,"column":53}},"20":{"start":{"line":41,"column":4},"end":{"line":41,"column":86}},"21":{"start":{"line":42,"column":4},"end":{"line":42,"column":112}},"22":{"start":{"line":43,"column":4},"end":{"line":43,"column":78}},"23":{"start":{"line":44,"column":4},"end":{"line":44,"column":104}},"24":{"start":{"line":45,"column":4},"end":{"line":45,"column":71}},"25":{"start":{"line":46,"column":4},"end":{"line":46,"column":108}},"26":{"start":{"line":47,"column":4},"end":{"line":47,"column":99}},"27":{"start":{"line":48,"column":4},"end":{"line":48,"column":120}},"28":{"start":{"line":50,"column":27},"end":{"line":50,"column":81}},"29":{"start":{"line":51,"column":4},"end":{"line":51,"column":28}}},"fnMap":{"0":{"name":"(anonymous_0)","decl":{"start":{"line":11,"column":46},"end":{"line":11,"column":47}},"loc":{"start":{"line":11,"column":97},"end":{"line":18,"column":1}},"line":11},"1":{"name":"onInit","decl":{"start":{"line":29,"column":9},"end":{"line":29,"column":15}},"loc":{"start":{"line":29,"column":17},"end":{"line":32,"column":1}},"line":29},"2":{"name":"getRegisterDtoModelMappedFromDomain","decl":{"start":{"line":34,"column":9},"end":{"line":34,"column":44}},"loc":{"start":{"line":34,"column":65},"end":{"line":52,"column":1}},"line":34}},"branchMap":{"0":{"loc":{"start":{"line":36,"column":33},"end":{"line":38,"column":51}},"type":"cond-expr","locations":[{"start":{"line":37,"column":6},"end":{"line":37,"column":53}},{"start":{"line":38,"column":6},"end":{"line":38,"column":51}}],"line":36}},"s":{"0":1,"1":1,"2":1,"3":1,"4":1,"5":1,"6":1,"7":1,"8":1,"9":1,"10":1,"11":1,"12":1,"13":1,"14":1,"15":1,"16":1,"17":1,"18":1,"19":1,"20":1,"21":1,"22":1,"23":1,"24":1,"25":1,"26":1,"27":1,"28":1,"29":1},"f":{"0":1,"1":1,"2":1},"b":{"0":[1,0]},"_coverageSchema":"1a1c01bbd47fc00a2c39e90264f33305004495a9","hash":"e97243592b35a431e2fa8474874f9a6fea664e7b"}
,"/Users/jad/Documents/Projects/_github/joezam1/Auth_System_Nodejs/app/dataAccessLayer/repositories/repositoryHelper.js": {"path":"/Users/jad/Documents/Projects/_github/joezam1/Auth_System_Nodejs/app/dataAccessLayer/repositories/repositoryHelper.js","statementMap":{"0":{"start":{"line":1,"column":21},"end":{"line":1,"column":84}},"1":{"start":{"line":2,"column":23},"end":{"line":2,"column":88}},"2":{"start":{"line":3,"column":17},"end":{"line":3,"column":65}},"3":{"start":{"line":6,"column":30},"end":{"line":14,"column":1}},"4":{"start":{"line":7,"column":32},"end":{"line":7,"column":98}},"5":{"start":{"line":8,"column":25},"end":{"line":8,"column":126}},"6":{"start":{"line":10,"column":26},"end":{"line":10,"column":82}},"7":{"start":{"line":11,"column":26},"end":{"line":11,"column":95}},"8":{"start":{"line":13,"column":4},"end":{"line":13,"column":27}},"9":{"start":{"line":16,"column":46},"end":{"line":24,"column":1}},"10":{"start":{"line":17,"column":32},"end":{"line":17,"column":98}},"11":{"start":{"line":18,"column":25},"end":{"line":18,"column":126}},"12":{"start":{"line":20,"column":26},"end":{"line":20,"column":82}},"13":{"start":{"line":21,"column":26},"end":{"line":21,"column":127}},"14":{"start":{"line":23,"column":4},"end":{"line":23,"column":27}},"15":{"start":{"line":26,"column":52},"end":{"line":36,"column":1}},"16":{"start":{"line":27,"column":32},"end":{"line":27,"column":98}},"17":{"start":{"line":28,"column":46},"end":{"line":28,"column":127}},"18":{"start":{"line":30,"column":25},"end":{"line":30,"column":140}},"19":{"start":{"line":31,"column":4},"end":{"line":31,"column":97}},"20":{"start":{"line":32,"column":26},"end":{"line":32,"column":82}},"21":{"start":{"line":33,"column":26},"end":{"line":33,"column":95}},"22":{"start":{"line":35,"column":4},"end":{"line":35,"column":27}},"23":{"start":{"line":38,"column":16},"end":{"line":42,"column":1}},"24":{"start":{"line":44,"column":0},"end":{"line":44,"column":25}}},"fnMap":{"0":{"name":"(anonymous_0)","decl":{"start":{"line":6,"column":30},"end":{"line":6,"column":31}},"loc":{"start":{"line":6,"column":102},"end":{"line":14,"column":1}},"line":6},"1":{"name":"(anonymous_1)","decl":{"start":{"line":16,"column":46},"end":{"line":16,"column":47}},"loc":{"start":{"line":16,"column":132},"end":{"line":24,"column":1}},"line":16},"2":{"name":"(anonymous_2)","decl":{"start":{"line":26,"column":52},"end":{"line":26,"column":53}},"loc":{"start":{"line":26,"column":126},"end":{"line":36,"column":1}},"line":26}},"branchMap":{},"s":{"0":3,"1":3,"2":3,"3":3,"4":1,"5":1,"6":1,"7":1,"8":1,"9":3,"10":3,"11":3,"12":3,"13":3,"14":3,"15":3,"16":0,"17":0,"18":0,"19":0,"20":0,"21":0,"22":0,"23":3,"24":3},"f":{"0":1,"1":3,"2":0},"b":{},"_coverageSchema":"1a1c01bbd47fc00a2c39e90264f33305004495a9","hash":"4b0b482ba0faf126921ea7dabc17e2fb1b9dc9f7"}
,"/Users/jad/Documents/Projects/_github/joezam1/Auth_System_Nodejs/app/dataAccessLayer/repositories/roleRepository.js": {"path":"/Users/jad/Documents/Projects/_github/joezam1/Auth_System_Nodejs/app/dataAccessLayer/repositories/roleRepository.js","statementMap":{"0":{"start":{"line":1,"column":18},"end":{"line":1,"column":67}},"1":{"start":{"line":2,"column":17},"end":{"line":2,"column":65}},"2":{"start":{"line":3,"column":21},"end":{"line":3,"column":84}},"3":{"start":{"line":5,"column":14},"end":{"line":5,"column":16}},"4":{"start":{"line":6,"column":20},"end":{"line":6,"column":22}},"5":{"start":{"line":9,"column":23},"end":{"line":18,"column":1}},"6":{"start":{"line":10,"column":26},"end":{"line":10,"column":72}},"7":{"start":{"line":11,"column":26},"end":{"line":11,"column":79}},"8":{"start":{"line":12,"column":4},"end":{"line":14,"column":5}},"9":{"start":{"line":13,"column":8},"end":{"line":13,"column":31}},"10":{"start":{"line":15,"column":25},"end":{"line":15,"column":79}},"11":{"start":{"line":17,"column":4},"end":{"line":17,"column":26}},"12":{"start":{"line":20,"column":0},"end":{"line":20,"column":9}},"13":{"start":{"line":22,"column":14},"end":{"line":24,"column":1}},"14":{"start":{"line":26,"column":0},"end":{"line":26,"column":25}},"15":{"start":{"line":31,"column":4},"end":{"line":31,"column":46}},"16":{"start":{"line":32,"column":18},"end":{"line":32,"column":38}},"17":{"start":{"line":33,"column":4},"end":{"line":33,"column":80}},"18":{"start":{"line":37,"column":19},"end":{"line":37,"column":21}},"19":{"start":{"line":38,"column":4},"end":{"line":51,"column":5}},"20":{"start":{"line":38,"column":16},"end":{"line":38,"column":17}},"21":{"start":{"line":39,"column":27},"end":{"line":39,"column":49}},"22":{"start":{"line":40,"column":28},"end":{"line":40,"column":54}},"23":{"start":{"line":41,"column":8},"end":{"line":41,"column":71}},"24":{"start":{"line":42,"column":8},"end":{"line":42,"column":77}},"25":{"start":{"line":43,"column":8},"end":{"line":43,"column":67}},"26":{"start":{"line":44,"column":8},"end":{"line":44,"column":81}},"27":{"start":{"line":45,"column":8},"end":{"line":45,"column":83}},"28":{"start":{"line":46,"column":8},"end":{"line":46,"column":87}},"29":{"start":{"line":47,"column":8},"end":{"line":47,"column":87}},"30":{"start":{"line":49,"column":31},"end":{"line":49,"column":86}},"31":{"start":{"line":50,"column":8},"end":{"line":50,"column":40}},"32":{"start":{"line":53,"column":4},"end":{"line":53,"column":20}}},"fnMap":{"0":{"name":"(anonymous_0)","decl":{"start":{"line":9,"column":23},"end":{"line":9,"column":24}},"loc":{"start":{"line":9,"column":39},"end":{"line":18,"column":1}},"line":9},"1":{"name":"onInit","decl":{"start":{"line":30,"column":9},"end":{"line":30,"column":15}},"loc":{"start":{"line":30,"column":17},"end":{"line":34,"column":1}},"line":30},"2":{"name":"getRolesDtoModelMappedFromDatabase","decl":{"start":{"line":36,"column":9},"end":{"line":36,"column":43}},"loc":{"start":{"line":36,"column":64},"end":{"line":54,"column":1}},"line":36}},"branchMap":{"0":{"loc":{"start":{"line":12,"column":4},"end":{"line":14,"column":5}},"type":"if","locations":[{"start":{"line":12,"column":4},"end":{"line":14,"column":5}},{"start":{},"end":{}}],"line":12}},"s":{"0":1,"1":1,"2":1,"3":1,"4":1,"5":1,"6":1,"7":1,"8":1,"9":0,"10":1,"11":1,"12":1,"13":1,"14":1,"15":1,"16":1,"17":1,"18":1,"19":1,"20":1,"21":3,"22":3,"23":3,"24":3,"25":3,"26":3,"27":3,"28":3,"29":3,"30":3,"31":3,"32":1},"f":{"0":1,"1":1,"2":1},"b":{"0":[0,1]},"_coverageSchema":"1a1c01bbd47fc00a2c39e90264f33305004495a9","hash":"b997867c440508f9a199671aae6b4597c021ae75"}
,"/Users/jad/Documents/Projects/_github/joezam1/Auth_System_Nodejs/app/dataAccessLayer/repositories/sessionRepository.js": {"path":"/Users/jad/Documents/Projects/_github/joezam1/Auth_System_Nodejs/app/dataAccessLayer/repositories/sessionRepository.js","statementMap":{"0":{"start":{"line":1,"column":18},"end":{"line":1,"column":67}},"1":{"start":{"line":2,"column":16},"end":{"line":2,"column":58}},"2":{"start":{"line":3,"column":25},"end":{"line":3,"column":71}},"3":{"start":{"line":4,"column":31},"end":{"line":4,"column":94}},"4":{"start":{"line":5,"column":23},"end":{"line":5,"column":81}},"5":{"start":{"line":8,"column":14},"end":{"line":8,"column":18}},"6":{"start":{"line":9,"column":23},"end":{"line":9,"column":27}},"7":{"start":{"line":11,"column":34},"end":{"line":21,"column":1}},"8":{"start":{"line":12,"column":4},"end":{"line":12,"column":36}},"9":{"start":{"line":13,"column":4},"end":{"line":13,"column":54}},"10":{"start":{"line":14,"column":4},"end":{"line":14,"column":58}},"11":{"start":{"line":15,"column":26},"end":{"line":15,"column":80}},"12":{"start":{"line":16,"column":26},"end":{"line":16,"column":92}},"13":{"start":{"line":18,"column":26},"end":{"line":18,"column":151}},"14":{"start":{"line":20,"column":4},"end":{"line":20,"column":27}},"15":{"start":{"line":23,"column":34},"end":{"line":37,"column":1}},"16":{"start":{"line":24,"column":4},"end":{"line":24,"column":36}},"17":{"start":{"line":25,"column":4},"end":{"line":25,"column":54}},"18":{"start":{"line":26,"column":26},"end":{"line":26,"column":80}},"19":{"start":{"line":27,"column":26},"end":{"line":27,"column":56}},"20":{"start":{"line":29,"column":26},"end":{"line":29,"column":150}},"21":{"start":{"line":31,"column":4},"end":{"line":33,"column":5}},"22":{"start":{"line":32,"column":8},"end":{"line":32,"column":31}},"23":{"start":{"line":34,"column":27},"end":{"line":34,"column":84}},"24":{"start":{"line":36,"column":4},"end":{"line":36,"column":28}},"25":{"start":{"line":39,"column":37},"end":{"line":46,"column":1}},"26":{"start":{"line":40,"column":26},"end":{"line":40,"column":80}},"27":{"start":{"line":41,"column":26},"end":{"line":41,"column":56}},"28":{"start":{"line":43,"column":26},"end":{"line":43,"column":150}},"29":{"start":{"line":45,"column":4},"end":{"line":45,"column":27}},"30":{"start":{"line":48,"column":43},"end":{"line":56,"column":1}},"31":{"start":{"line":50,"column":26},"end":{"line":50,"column":80}},"32":{"start":{"line":51,"column":26},"end":{"line":51,"column":56}},"33":{"start":{"line":52,"column":37},"end":{"line":52,"column":66}},"34":{"start":{"line":53,"column":26},"end":{"line":53,"column":156}},"35":{"start":{"line":55,"column":4},"end":{"line":55,"column":27}},"36":{"start":{"line":57,"column":0},"end":{"line":57,"column":9}},"37":{"start":{"line":58,"column":16},"end":{"line":63,"column":1}},"38":{"start":{"line":65,"column":0},"end":{"line":65,"column":25}},"39":{"start":{"line":70,"column":4},"end":{"line":70,"column":46}},"40":{"start":{"line":71,"column":4},"end":{"line":71,"column":99}},"41":{"start":{"line":76,"column":18},"end":{"line":76,"column":28}},"42":{"start":{"line":77,"column":25},"end":{"line":77,"column":69}},"43":{"start":{"line":78,"column":31},"end":{"line":78,"column":75}},"44":{"start":{"line":79,"column":33},"end":{"line":79,"column":100}},"45":{"start":{"line":81,"column":34},"end":{"line":81,"column":93}},"46":{"start":{"line":82,"column":25},"end":{"line":82,"column":70}},"47":{"start":{"line":83,"column":32},"end":{"line":85,"column":55}},"48":{"start":{"line":85,"column":57},"end":{"line":85,"column":104}},"49":{"start":{"line":87,"column":22},"end":{"line":87,"column":51}},"50":{"start":{"line":88,"column":4},"end":{"line":88,"column":82}},"51":{"start":{"line":89,"column":4},"end":{"line":89,"column":107}},"52":{"start":{"line":90,"column":4},"end":{"line":90,"column":76}},"53":{"start":{"line":91,"column":4},"end":{"line":91,"column":101}},"54":{"start":{"line":92,"column":4},"end":{"line":92,"column":88}},"55":{"start":{"line":93,"column":4},"end":{"line":93,"column":102}},"56":{"start":{"line":94,"column":4},"end":{"line":94,"column":67}},"57":{"start":{"line":95,"column":4},"end":{"line":95,"column":92}},"58":{"start":{"line":96,"column":4},"end":{"line":96,"column":72}},"59":{"start":{"line":97,"column":4},"end":{"line":97,"column":86}},"60":{"start":{"line":98,"column":4},"end":{"line":98,"column":69}},"61":{"start":{"line":99,"column":4},"end":{"line":99,"column":94}},"62":{"start":{"line":100,"column":4},"end":{"line":100,"column":68}},"63":{"start":{"line":101,"column":4},"end":{"line":101,"column":118}},"64":{"start":{"line":102,"column":4},"end":{"line":102,"column":77}},"65":{"start":{"line":103,"column":4},"end":{"line":103,"column":118}},"66":{"start":{"line":105,"column":27},"end":{"line":105,"column":80}},"67":{"start":{"line":106,"column":4},"end":{"line":106,"column":28}},"68":{"start":{"line":111,"column":31},"end":{"line":111,"column":33}},"69":{"start":{"line":112,"column":4},"end":{"line":133,"column":5}},"70":{"start":{"line":112,"column":17},"end":{"line":112,"column":18}},"71":{"start":{"line":113,"column":30},"end":{"line":113,"column":52}},"72":{"start":{"line":114,"column":8},"end":{"line":114,"column":56}},"73":{"start":{"line":115,"column":30},"end":{"line":115,"column":59}},"74":{"start":{"line":116,"column":8},"end":{"line":116,"column":58}},"75":{"start":{"line":118,"column":8},"end":{"line":118,"column":83}},"76":{"start":{"line":119,"column":8},"end":{"line":119,"column":77}},"77":{"start":{"line":120,"column":8},"end":{"line":120,"column":89}},"78":{"start":{"line":121,"column":8},"end":{"line":121,"column":79}},"79":{"start":{"line":122,"column":8},"end":{"line":122,"column":73}},"80":{"start":{"line":123,"column":8},"end":{"line":123,"column":89}},"81":{"start":{"line":125,"column":8},"end":{"line":125,"column":93}},"82":{"start":{"line":126,"column":8},"end":{"line":126,"column":93}},"83":{"start":{"line":128,"column":31},"end":{"line":128,"column":89}},"84":{"start":{"line":130,"column":8},"end":{"line":130,"column":79}},"85":{"start":{"line":131,"column":8},"end":{"line":131,"column":79}},"86":{"start":{"line":132,"column":8},"end":{"line":132,"column":52}},"87":{"start":{"line":135,"column":4},"end":{"line":135,"column":32}}},"fnMap":{"0":{"name":"(anonymous_0)","decl":{"start":{"line":11,"column":34},"end":{"line":11,"column":35}},"loc":{"start":{"line":11,"column":70},"end":{"line":21,"column":1}},"line":11},"1":{"name":"(anonymous_1)","decl":{"start":{"line":23,"column":34},"end":{"line":23,"column":35}},"loc":{"start":{"line":23,"column":68},"end":{"line":37,"column":1}},"line":23},"2":{"name":"(anonymous_2)","decl":{"start":{"line":39,"column":37},"end":{"line":39,"column":38}},"loc":{"start":{"line":39,"column":71},"end":{"line":46,"column":1}},"line":39},"3":{"name":"(anonymous_3)","decl":{"start":{"line":48,"column":43},"end":{"line":48,"column":44}},"loc":{"start":{"line":48,"column":77},"end":{"line":56,"column":1}},"line":48},"4":{"name":"onInit","decl":{"start":{"line":69,"column":9},"end":{"line":69,"column":15}},"loc":{"start":{"line":69,"column":17},"end":{"line":72,"column":1}},"line":69},"5":{"name":"getSessionDtoModelMappedFromDomain","decl":{"start":{"line":75,"column":9},"end":{"line":75,"column":43}},"loc":{"start":{"line":75,"column":63},"end":{"line":107,"column":1}},"line":75},"6":{"name":"getSessionsDtoModelMappedFromDatabase","decl":{"start":{"line":110,"column":9},"end":{"line":110,"column":46}},"loc":{"start":{"line":110,"column":68},"end":{"line":136,"column":1}},"line":110}},"branchMap":{"0":{"loc":{"start":{"line":31,"column":4},"end":{"line":33,"column":5}},"type":"if","locations":[{"start":{"line":31,"column":4},"end":{"line":33,"column":5}},{"start":{},"end":{}}],"line":31},"1":{"loc":{"start":{"line":83,"column":32},"end":{"line":85,"column":55}},"type":"cond-expr","locations":[{"start":{"line":84,"column":6},"end":{"line":84,"column":51}},{"start":{"line":85,"column":6},"end":{"line":85,"column":55}}],"line":83}},"s":{"0":1,"1":1,"2":1,"3":1,"4":1,"5":1,"6":1,"7":1,"8":1,"9":1,"10":1,"11":1,"12":1,"13":1,"14":1,"15":1,"16":1,"17":1,"18":1,"19":1,"20":1,"21":1,"22":0,"23":1,"24":1,"25":1,"26":1,"27":1,"28":1,"29":1,"30":1,"31":1,"32":1,"33":1,"34":1,"35":1,"36":1,"37":1,"38":1,"39":1,"40":1,"41":4,"42":4,"43":4,"44":4,"45":4,"46":4,"47":4,"48":4,"49":4,"50":4,"51":4,"52":4,"53":4,"54":4,"55":4,"56":4,"57":4,"58":4,"59":4,"60":4,"61":4,"62":4,"63":4,"64":4,"65":4,"66":4,"67":4,"68":1,"69":1,"70":1,"71":1,"72":1,"73":1,"74":1,"75":1,"76":1,"77":1,"78":1,"79":1,"80":1,"81":1,"82":1,"83":1,"84":1,"85":1,"86":1,"87":1},"f":{"0":1,"1":1,"2":1,"3":1,"4":1,"5":4,"6":1},"b":{"0":[0,1],"1":[4,0]},"_coverageSchema":"1a1c01bbd47fc00a2c39e90264f33305004495a9","hash":"c7f671892c828ace2f8dfefdf739df4465cab260"}
,"/Users/jad/Documents/Projects/_github/joezam1/Auth_System_Nodejs/app/dataAccessLayer/repositories/userRepository.js": {"path":"/Users/jad/Documents/Projects/_github/joezam1/Auth_System_Nodejs/app/dataAccessLayer/repositories/userRepository.js","statementMap":{"0":{"start":{"line":1,"column":18},"end":{"line":1,"column":67}},"1":{"start":{"line":2,"column":16},"end":{"line":2,"column":58}},"2":{"start":{"line":3,"column":25},"end":{"line":3,"column":71}},"3":{"start":{"line":4,"column":31},"end":{"line":4,"column":94}},"4":{"start":{"line":6,"column":14},"end":{"line":6,"column":18}},"5":{"start":{"line":7,"column":20},"end":{"line":7,"column":24}},"6":{"start":{"line":8,"column":24},"end":{"line":8,"column":28}},"7":{"start":{"line":10,"column":41},"end":{"line":22,"column":1}},"8":{"start":{"line":11,"column":4},"end":{"line":11,"column":36}},"9":{"start":{"line":12,"column":4},"end":{"line":12,"column":48}},"10":{"start":{"line":13,"column":23},"end":{"line":13,"column":71}},"11":{"start":{"line":14,"column":26},"end":{"line":14,"column":69}},"12":{"start":{"line":15,"column":26},"end":{"line":15,"column":147}},"13":{"start":{"line":16,"column":4},"end":{"line":18,"column":5}},"14":{"start":{"line":17,"column":8},"end":{"line":17,"column":31}},"15":{"start":{"line":19,"column":24},"end":{"line":19,"column":78}},"16":{"start":{"line":21,"column":4},"end":{"line":21,"column":25}},"17":{"start":{"line":24,"column":42},"end":{"line":31,"column":1}},"18":{"start":{"line":25,"column":4},"end":{"line":25,"column":52}},"19":{"start":{"line":26,"column":23},"end":{"line":26,"column":71}},"20":{"start":{"line":27,"column":26},"end":{"line":27,"column":89}},"21":{"start":{"line":28,"column":26},"end":{"line":28,"column":186}},"22":{"start":{"line":30,"column":4},"end":{"line":30,"column":27}},"23":{"start":{"line":33,"column":46},"end":{"line":39,"column":1}},"24":{"start":{"line":34,"column":27},"end":{"line":34,"column":83}},"25":{"start":{"line":35,"column":26},"end":{"line":35,"column":93}},"26":{"start":{"line":36,"column":26},"end":{"line":36,"column":190}},"27":{"start":{"line":38,"column":4},"end":{"line":38,"column":27}},"28":{"start":{"line":41,"column":0},"end":{"line":41,"column":9}},"29":{"start":{"line":43,"column":14},"end":{"line":47,"column":1}},"30":{"start":{"line":49,"column":0},"end":{"line":49,"column":25}},"31":{"start":{"line":54,"column":4},"end":{"line":54,"column":46}},"32":{"start":{"line":55,"column":4},"end":{"line":55,"column":93}},"33":{"start":{"line":56,"column":4},"end":{"line":56,"column":101}},"34":{"start":{"line":60,"column":4},"end":{"line":60,"column":52}},"35":{"start":{"line":62,"column":18},"end":{"line":62,"column":28}},"36":{"start":{"line":63,"column":29},"end":{"line":65,"column":47}},"37":{"start":{"line":65,"column":49},"end":{"line":65,"column":89}},"38":{"start":{"line":67,"column":24},"end":{"line":67,"column":50}},"39":{"start":{"line":68,"column":4},"end":{"line":68,"column":48}},"40":{"start":{"line":69,"column":4},"end":{"line":69,"column":75}},"41":{"start":{"line":70,"column":4},"end":{"line":70,"column":106}},"42":{"start":{"line":71,"column":4},"end":{"line":71,"column":81}},"43":{"start":{"line":72,"column":4},"end":{"line":72,"column":112}},"44":{"start":{"line":73,"column":4},"end":{"line":73,"column":83}},"45":{"start":{"line":74,"column":4},"end":{"line":74,"column":114}},"46":{"start":{"line":75,"column":4},"end":{"line":75,"column":79}},"47":{"start":{"line":76,"column":4},"end":{"line":76,"column":110}},"48":{"start":{"line":77,"column":4},"end":{"line":77,"column":79}},"49":{"start":{"line":78,"column":4},"end":{"line":78,"column":110}},"50":{"start":{"line":79,"column":4},"end":{"line":79,"column":73}},"51":{"start":{"line":80,"column":4},"end":{"line":80,"column":104}},"52":{"start":{"line":81,"column":4},"end":{"line":81,"column":79}},"53":{"start":{"line":82,"column":4},"end":{"line":82,"column":110}},"54":{"start":{"line":83,"column":4},"end":{"line":83,"column":68}},"55":{"start":{"line":84,"column":4},"end":{"line":84,"column":110}},"56":{"start":{"line":85,"column":4},"end":{"line":85,"column":100}},"57":{"start":{"line":86,"column":4},"end":{"line":86,"column":122}},"58":{"start":{"line":87,"column":4},"end":{"line":87,"column":100}},"59":{"start":{"line":88,"column":4},"end":{"line":88,"column":122}},"60":{"start":{"line":90,"column":27},"end":{"line":90,"column":82}},"61":{"start":{"line":91,"column":4},"end":{"line":91,"column":28}},"62":{"start":{"line":95,"column":28},"end":{"line":95,"column":30}},"63":{"start":{"line":96,"column":4},"end":{"line":114,"column":5}},"64":{"start":{"line":96,"column":17},"end":{"line":96,"column":18}},"65":{"start":{"line":97,"column":27},"end":{"line":97,"column":49}},"66":{"start":{"line":98,"column":8},"end":{"line":98,"column":50}},"67":{"start":{"line":99,"column":27},"end":{"line":99,"column":53}},"68":{"start":{"line":100,"column":8},"end":{"line":100,"column":52}},"69":{"start":{"line":101,"column":8},"end":{"line":101,"column":71}},"70":{"start":{"line":102,"column":8},"end":{"line":102,"column":77}},"71":{"start":{"line":103,"column":8},"end":{"line":103,"column":79}},"72":{"start":{"line":104,"column":8},"end":{"line":104,"column":75}},"73":{"start":{"line":105,"column":8},"end":{"line":105,"column":75}},"74":{"start":{"line":106,"column":8},"end":{"line":106,"column":69}},"75":{"start":{"line":107,"column":8},"end":{"line":107,"column":75}},"76":{"start":{"line":108,"column":8},"end":{"line":108,"column":83}},"77":{"start":{"line":109,"column":8},"end":{"line":109,"column":87}},"78":{"start":{"line":110,"column":8},"end":{"line":110,"column":87}},"79":{"start":{"line":112,"column":31},"end":{"line":112,"column":86}},"80":{"start":{"line":113,"column":8},"end":{"line":113,"column":49}},"81":{"start":{"line":116,"column":4},"end":{"line":116,"column":29}},"82":{"start":{"line":121,"column":4},"end":{"line":121,"column":60}},"83":{"start":{"line":122,"column":18},"end":{"line":122,"column":28}},"84":{"start":{"line":123,"column":28},"end":{"line":123,"column":58}},"85":{"start":{"line":124,"column":4},"end":{"line":124,"column":91}},"86":{"start":{"line":125,"column":4},"end":{"line":125,"column":122}},"87":{"start":{"line":126,"column":4},"end":{"line":126,"column":83}},"88":{"start":{"line":127,"column":4},"end":{"line":127,"column":114}},"89":{"start":{"line":128,"column":4},"end":{"line":128,"column":83}},"90":{"start":{"line":129,"column":4},"end":{"line":129,"column":114}},"91":{"start":{"line":130,"column":4},"end":{"line":130,"column":104}},"92":{"start":{"line":131,"column":4},"end":{"line":131,"column":130}},"93":{"start":{"line":132,"column":4},"end":{"line":132,"column":104}},"94":{"start":{"line":133,"column":4},"end":{"line":133,"column":130}},"95":{"start":{"line":135,"column":27},"end":{"line":135,"column":86}},"96":{"start":{"line":136,"column":4},"end":{"line":136,"column":28}}},"fnMap":{"0":{"name":"(anonymous_0)","decl":{"start":{"line":10,"column":41},"end":{"line":10,"column":42}},"loc":{"start":{"line":10,"column":74},"end":{"line":22,"column":1}},"line":10},"1":{"name":"(anonymous_1)","decl":{"start":{"line":24,"column":42},"end":{"line":24,"column":43}},"loc":{"start":{"line":24,"column":91},"end":{"line":31,"column":1}},"line":24},"2":{"name":"(anonymous_2)","decl":{"start":{"line":33,"column":46},"end":{"line":33,"column":47}},"loc":{"start":{"line":33,"column":99},"end":{"line":39,"column":1}},"line":33},"3":{"name":"onInit","decl":{"start":{"line":53,"column":9},"end":{"line":53,"column":15}},"loc":{"start":{"line":53,"column":18},"end":{"line":57,"column":1}},"line":53},"4":{"name":"getUserDtoModelMappedFromDomain","decl":{"start":{"line":59,"column":9},"end":{"line":59,"column":40}},"loc":{"start":{"line":59,"column":58},"end":{"line":92,"column":1}},"line":59},"5":{"name":"getUsersDtoModelMappedFromDatabase","decl":{"start":{"line":94,"column":9},"end":{"line":94,"column":43}},"loc":{"start":{"line":94,"column":65},"end":{"line":117,"column":1}},"line":94},"6":{"name":"getUserRoleDtoModelMappedFromDomain","decl":{"start":{"line":120,"column":9},"end":{"line":120,"column":44}},"loc":{"start":{"line":120,"column":66},"end":{"line":137,"column":1}},"line":120}},"branchMap":{"0":{"loc":{"start":{"line":16,"column":4},"end":{"line":18,"column":5}},"type":"if","locations":[{"start":{"line":16,"column":4},"end":{"line":18,"column":5}},{"start":{},"end":{}}],"line":16},"1":{"loc":{"start":{"line":63,"column":29},"end":{"line":65,"column":47}},"type":"cond-expr","locations":[{"start":{"line":64,"column":10},"end":{"line":64,"column":49}},{"start":{"line":65,"column":10},"end":{"line":65,"column":47}}],"line":63}},"s":{"0":1,"1":1,"2":1,"3":1,"4":1,"5":1,"6":1,"7":1,"8":1,"9":1,"10":1,"11":1,"12":1,"13":1,"14":0,"15":1,"16":1,"17":1,"18":1,"19":1,"20":1,"21":1,"22":1,"23":1,"24":1,"25":1,"26":1,"27":1,"28":1,"29":1,"30":1,"31":1,"32":1,"33":1,"34":2,"35":2,"36":2,"37":2,"38":2,"39":2,"40":2,"41":2,"42":2,"43":2,"44":2,"45":2,"46":2,"47":2,"48":2,"49":2,"50":2,"51":2,"52":2,"53":2,"54":2,"55":2,"56":2,"57":2,"58":2,"59":2,"60":2,"61":2,"62":1,"63":1,"64":1,"65":1,"66":1,"67":1,"68":1,"69":1,"70":1,"71":1,"72":1,"73":1,"74":1,"75":1,"76":1,"77":1,"78":1,"79":1,"80":1,"81":1,"82":1,"83":1,"84":1,"85":1,"86":1,"87":1,"88":1,"89":1,"90":1,"91":1,"92":1,"93":1,"94":1,"95":1,"96":1},"f":{"0":1,"1":1,"2":1,"3":1,"4":2,"5":1,"6":1},"b":{"0":[0,1],"1":[0,2]},"_coverageSchema":"1a1c01bbd47fc00a2c39e90264f33305004495a9","hash":"0f49db8ed53c5e1a59796d7117a5f5c661183d29"}
,"/Users/jad/Documents/Projects/_github/joezam1/Auth_System_Nodejs/app/domainLayer/cookie.js": {"path":"/Users/jad/Documents/Projects/_github/joezam1/Auth_System_Nodejs/app/domainLayer/cookie.js","statementMap":{"0":{"start":{"line":2,"column":13},"end":{"line":56,"column":1}},"1":{"start":{"line":3,"column":16},"end":{"line":3,"column":18}},"2":{"start":{"line":4,"column":17},"end":{"line":4,"column":19}},"3":{"start":{"line":5,"column":22},"end":{"line":9,"column":5}},"4":{"start":{"line":12,"column":18},"end":{"line":14,"column":5}},"5":{"start":{"line":13,"column":8},"end":{"line":13,"column":21}},"6":{"start":{"line":16,"column":19},"end":{"line":18,"column":5}},"7":{"start":{"line":17,"column":8},"end":{"line":17,"column":23}},"8":{"start":{"line":20,"column":24},"end":{"line":24,"column":5}},"9":{"start":{"line":21,"column":8},"end":{"line":21,"column":32}},"10":{"start":{"line":22,"column":8},"end":{"line":22,"column":36}},"11":{"start":{"line":23,"column":8},"end":{"line":23,"column":39}},"12":{"start":{"line":26,"column":18},"end":{"line":28,"column":5}},"13":{"start":{"line":27,"column":8},"end":{"line":27,"column":21}},"14":{"start":{"line":30,"column":19},"end":{"line":32,"column":5}},"15":{"start":{"line":31,"column":8},"end":{"line":31,"column":22}},"16":{"start":{"line":34,"column":24},"end":{"line":36,"column":5}},"17":{"start":{"line":35,"column":8},"end":{"line":35,"column":27}},"18":{"start":{"line":38,"column":26},"end":{"line":44,"column":1}},"19":{"start":{"line":39,"column":8},"end":{"line":43,"column":5}},"20":{"start":{"line":46,"column":18},"end":{"line":54,"column":5}},"21":{"start":{"line":55,"column":4},"end":{"line":55,"column":19}},"22":{"start":{"line":58,"column":0},"end":{"line":58,"column":24}}},"fnMap":{"0":{"name":"(anonymous_0)","decl":{"start":{"line":2,"column":13},"end":{"line":2,"column":14}},"loc":{"start":{"line":2,"column":23},"end":{"line":56,"column":1}},"line":2},"1":{"name":"(anonymous_1)","decl":{"start":{"line":12,"column":18},"end":{"line":12,"column":19}},"loc":{"start":{"line":12,"column":32},"end":{"line":14,"column":5}},"line":12},"2":{"name":"(anonymous_2)","decl":{"start":{"line":16,"column":19},"end":{"line":16,"column":20}},"loc":{"start":{"line":16,"column":34},"end":{"line":18,"column":5}},"line":16},"3":{"name":"(anonymous_3)","decl":{"start":{"line":20,"column":24},"end":{"line":20,"column":25}},"loc":{"start":{"line":20,"column":56},"end":{"line":24,"column":5}},"line":20},"4":{"name":"(anonymous_4)","decl":{"start":{"line":26,"column":18},"end":{"line":26,"column":19}},"loc":{"start":{"line":26,"column":28},"end":{"line":28,"column":5}},"line":26},"5":{"name":"(anonymous_5)","decl":{"start":{"line":30,"column":19},"end":{"line":30,"column":20}},"loc":{"start":{"line":30,"column":29},"end":{"line":32,"column":5}},"line":30},"6":{"name":"(anonymous_6)","decl":{"start":{"line":34,"column":24},"end":{"line":34,"column":25}},"loc":{"start":{"line":34,"column":34},"end":{"line":36,"column":5}},"line":34},"7":{"name":"(anonymous_7)","decl":{"start":{"line":38,"column":26},"end":{"line":38,"column":27}},"loc":{"start":{"line":38,"column":36},"end":{"line":44,"column":1}},"line":38}},"branchMap":{},"s":{"0":1,"1":0,"2":0,"3":0,"4":0,"5":0,"6":0,"7":0,"8":0,"9":0,"10":0,"11":0,"12":0,"13":0,"14":0,"15":0,"16":0,"17":0,"18":0,"19":0,"20":0,"21":0,"22":1},"f":{"0":0,"1":0,"2":0,"3":0,"4":0,"5":0,"6":0,"7":0},"b":{},"_coverageSchema":"1a1c01bbd47fc00a2c39e90264f33305004495a9","hash":"16fc38a6a60c3beca9e5426210f059e4de8610af"}
,"/Users/jad/Documents/Projects/_github/joezam1/Auth_System_Nodejs/app/domainLayer/domainManagerHelper.js": {"path":"/Users/jad/Documents/Projects/_github/joezam1/Auth_System_Nodejs/app/domainLayer/domainManagerHelper.js","statementMap":{"0":{"start":{"line":1,"column":16},"end":{"line":1,"column":39}},"1":{"start":{"line":2,"column":20},"end":{"line":2,"column":39}},"2":{"start":{"line":3,"column":22},"end":{"line":3,"column":84}},"3":{"start":{"line":4,"column":15},"end":{"line":4,"column":30}},"4":{"start":{"line":5,"column":13},"end":{"line":5,"column":22}},"5":{"start":{"line":7,"column":27},"end":{"line":18,"column":1}},"6":{"start":{"line":8,"column":22},"end":{"line":8,"column":28}},"7":{"start":{"line":9,"column":25},"end":{"line":9,"column":38}},"8":{"start":{"line":10,"column":4},"end":{"line":10,"column":44}},"9":{"start":{"line":11,"column":4},"end":{"line":11,"column":36}},"10":{"start":{"line":12,"column":4},"end":{"line":12,"column":48}},"11":{"start":{"line":13,"column":4},"end":{"line":13,"column":32}},"12":{"start":{"line":14,"column":4},"end":{"line":14,"column":70}},"13":{"start":{"line":15,"column":4},"end":{"line":15,"column":49}},"14":{"start":{"line":17,"column":4},"end":{"line":17,"column":25}},"15":{"start":{"line":22,"column":22},"end":{"line":22,"column":25}},"16":{"start":{"line":23,"column":23},"end":{"line":23,"column":40}},"17":{"start":{"line":24,"column":4},"end":{"line":24,"column":53}},"18":{"start":{"line":25,"column":4},"end":{"line":25,"column":40}},"19":{"start":{"line":26,"column":4},"end":{"line":26,"column":104}},"20":{"start":{"line":27,"column":23},"end":{"line":27,"column":53}},"21":{"start":{"line":28,"column":4},"end":{"line":28,"column":24}},"22":{"start":{"line":33,"column":16},"end":{"line":36,"column":1}},"23":{"start":{"line":38,"column":0},"end":{"line":38,"column":25}}},"fnMap":{"0":{"name":"(anonymous_0)","decl":{"start":{"line":7,"column":27},"end":{"line":7,"column":28}},"loc":{"start":{"line":7,"column":91},"end":{"line":18,"column":1}},"line":7},"1":{"name":"createCookieObj","decl":{"start":{"line":21,"column":9},"end":{"line":21,"column":24}},"loc":{"start":{"line":21,"column":38},"end":{"line":29,"column":1}},"line":21}},"branchMap":{},"s":{"0":1,"1":1,"2":1,"3":1,"4":1,"5":1,"6":1,"7":1,"8":1,"9":1,"10":1,"11":1,"12":1,"13":1,"14":1,"15":0,"16":0,"17":0,"18":0,"19":0,"20":0,"21":0,"22":1,"23":1},"f":{"0":1,"1":0},"b":{},"_coverageSchema":"1a1c01bbd47fc00a2c39e90264f33305004495a9","hash":"116bdb9d2db4c67905ab5c34e8a173d36a91fe40"}
[...]
nd":{"line":67,"column":1}},"19":{"start":{"line":29,"column":27},"end":{"line":29,"column":29}},"20":{"start":{"line":30,"column":4},"end":{"line":65,"column":5}},"21":{"start":{"line":31,"column":8},"end":{"line":64,"column":9}},"22":{"start":{"line":32,"column":35},"end":{"line":32,"column":66}},"23":{"start":{"line":33,"column":12},"end":{"line":63,"column":13}},"24":{"start":{"line":35,"column":16},"end":{"line":37,"column":17}},"25":{"start":{"line":36,"column":20},"end":{"line":36,"column":96}},"26":{"start":{"line":38,"column":16},"end":{"line":38,"column":22}},"27":{"start":{"line":41,"column":16},"end":{"line":43,"column":17}},"28":{"start":{"line":42,"column":20},"end":{"line":42,"column":96}},"29":{"start":{"line":44,"column":16},"end":{"line":44,"column":22}},"30":{"start":{"line":47,"column":16},"end":{"line":49,"column":17}},"31":{"start":{"line":48,"column":20},"end":{"line":48,"column":96}},"32":{"start":{"line":50,"column":16},"end":{"line":50,"column":22}},"33":{"start":{"line":53,"column":16},"end":{"line":55,"column":17}},"34":{"start":{"line":54,"column":20},"end":{"line":54,"column":96}},"35":{"start":{"line":56,"column":16},"end":{"line":56,"column":22}},"36":{"start":{"line":59,"column":16},"end":{"line":61,"column":17}},"37":{"start":{"line":60,"column":20},"end":{"line":60,"column":96}},"38":{"start":{"line":62,"column":16},"end":{"line":62,"column":22}},"39":{"start":{"line":66,"column":4},"end":{"line":66,"column":28}},"40":{"start":{"line":71,"column":27},"end":{"line":71,"column":29}},"41":{"start":{"line":72,"column":27},"end":{"line":72,"column":29}},"42":{"start":{"line":73,"column":4},"end":{"line":117,"column":5}},"43":{"start":{"line":74,"column":8},"end":{"line":116,"column":9}},"44":{"start":{"line":76,"column":12},"end":{"line":115,"column":13}},"45":{"start":{"line":77,"column":28},"end":{"line":77,"column":56}},"46":{"start":{"line":78,"column":16},"end":{"line":81,"column":17}},"47":{"start":{"line":79,"column":47},"end":{"line":79,"column":90}},"48":{"start":{"line":80,"column":20},"end":{"line":80,"column":93}},"49":{"start":{"line":84,"column":17},"end":{"line":115,"column":13}},"50":{"start":{"line":85,"column":28},"end":{"line":85,"column":56}},"51":{"start":{"line":86,"column":16},"end":{"line":89,"column":17}},"52":{"start":{"line":87,"column":47},"end":{"line":87,"column":90}},"53":{"start":{"line":88,"column":20},"end":{"line":88,"column":93}},"54":{"start":{"line":93,"column":17},"end":{"line":115,"column":13}},"55":{"start":{"line":94,"column":28},"end":{"line":94,"column":56}},"56":{"start":{"line":95,"column":16},"end":{"line":98,"column":17}},"57":{"start":{"line":96,"column":47},"end":{"line":96,"column":90}},"58":{"start":{"line":97,"column":20},"end":{"line":97,"column":93}},"59":{"start":{"line":101,"column":17},"end":{"line":115,"column":13}},"60":{"start":{"line":102,"column":16},"end":{"line":102,"column":64}},"61":{"start":{"line":103,"column":16},"end":{"line":106,"column":17}},"62":{"start":{"line":104,"column":47},"end":{"line":104,"column":90}},"63":{"start":{"line":105,"column":20},"end":{"line":105,"column":153}},"64":{"start":{"line":109,"column":17},"end":{"line":115,"column":13}},"65":{"start":{"line":110,"column":51},"end":{"line":110,"column":79}},"66":{"start":{"line":111,"column":16},"end":{"line":114,"column":17}},"67":{"start":{"line":112,"column":47},"end":{"line":112,"column":90}},"68":{"start":{"line":113,"column":20},"end":{"line":113,"column":119}},"69":{"start":{"line":118,"column":4},"end":{"line":118,"column":28}},"70":{"start":{"line":121,"column":16},"end":{"line":125,"column":1}},"71":{"start":{"line":127,"column":0},"end":{"line":127,"column":25}},"72":{"start":{"line":131,"column":31},"end":{"line":131,"column":77}},"73":{"start":{"line":132,"column":23},"end":{"line":132,"column":100}},"74":{"start":{"line":134,"column":4},"end":{"line":134,"column":23}}},"fnMap":{"0":{"name":"(anonymous_0)","decl":{"start":{"line":10,"column":27},"end":{"line":10,"column":28}},"loc":{"start":{"line":10,"column":49},"end":{"line":25,"column":1}},"line":10},"1":{"name":"(anonymous_1)","decl":{"start":{"line":28,"column":23},"end":{"line":28,"column":24}},"loc":{"start":{"line":28,"column":45},"end":{"line":67,"column":1}},"line":28},"2":{"name":"inspectInputValue","decl":{"start":{"line":70,"column":9},"end":{"line":70,"column":26}},"loc":{"start":{"line":70,"column":40},"end":{"line":119,"column":1}},"line":70},"3":{"name":"getReportErrorInputType","decl":{"start":{"line":130,"column":9},"end":{"line":130,"column":32}},"loc":{"start":{"line":130,"column":51},"end":{"line":135,"column":1}},"line":130}},"branchMap":{"0":{"loc":{"start":{"line":13,"column":8},"end":{"line":15,"column":9}},"type":"if","locations":[{"start":{"line":13,"column":8},"end":{"line":15,"column":9}},{"start":{},"end":{}}],"line":13},"1":{"loc":{"start":{"line":19,"column":8},"end":{"line":22,"column":9}},"type":"if","locations":[{"start":{"line":19,"column":8},"end":{"line":22,"column":9}},{"start":{},"end":{}}],"line":19},"2":{"loc":{"start":{"line":19,"column":11},"end":{"line":19,"column":102}},"type":"binary-expr","locations":[{"start":{"line":19,"column":11},"end":{"line":19,"column":51}},{"start":{"line":19,"column":55},"end":{"line":19,"column":102}}],"line":19},"3":{"loc":{"start":{"line":31,"column":8},"end":{"line":64,"column":9}},"type":"if","locations":[{"start":{"line":31,"column":8},"end":{"line":64,"column":9}},{"start":{},"end":{}}],"line":31},"4":{"loc":{"start":{"line":33,"column":12},"end":{"line":63,"column":13}},"type":"switch","locations":[{"start":{"line":34,"column":16},"end":{"line":38,"column":22}},{"start":{"line":40,"column":16},"end":{"line":44,"column":22}},{"start":{"line":46,"column":16},"end":{"line":50,"column":22}},{"start":{"line":52,"column":16},"end":{"line":56,"column":22}},{"start":{"line":58,"column":16},"end":{"line":62,"column":22}}],"line":33},"5":{"loc":{"start":{"line":35,"column":16},"end":{"line":37,"column":17}},"type":"if","locations":[{"start":{"line":35,"column":16},"end":{"line":37,"column":17}},{"start":{},"end":{}}],"line":35},"6":{"loc":{"start":{"line":41,"column":16},"end":{"line":43,"column":17}},"type":"if","locations":[{"start":{"line":41,"column":16},"end":{"line":43,"column":17}},{"start":{},"end":{}}],"line":41},"7":{"loc":{"start":{"line":47,"column":16},"end":{"line":49,"column":17}},"type":"if","locations":[{"start":{"line":47,"column":16},"end":{"line":49,"column":17}},{"start":{},"end":{}}],"line":47},"8":{"loc":{"start":{"line":53,"column":16},"end":{"line":55,"column":17}},"type":"if","locations":[{"start":{"line":53,"column":16},"end":{"line":55,"column":17}},{"start":{},"end":{}}],"line":53},"9":{"loc":{"start":{"line":59,"column":16},"end":{"line":61,"column":17}},"type":"if","locations":[{"start":{"line":59,"column":16},"end":{"line":61,"column":17}},{"start":{},"end":{}}],"line":59},"10":{"loc":{"start":{"line":74,"column":8},"end":{"line":116,"column":9}},"type":"if","locations":[{"start":{"line":74,"column":8},"end":{"line":116,"column":9}},{"start":{},"end":{}}],"line":74},"11":{"loc":{"start":{"line":76,"column":12},"end":{"line":115,"column":13}},"type":"if","locations":[{"start":{"line":76,"column":12},"end":{"line":115,"column":13}},{"start":{"line":84,"column":17},"end":{"line":115,"column":13}}],"line":76},"12":{"loc":{"start":{"line":78,"column":16},"end":{"line":81,"column":17}},"type":"if","locations":[{"start":{"line":78,"column":16},"end":{"line":81,"column":17}},{"start":{},"end":{}}],"line":78},"13":{"loc":{"start":{"line":84,"column":17},"end":{"line":115,"column":13}},"type":"if","locations":[{"start":{"line":84,"column":17},"end":{"line":115,"column":13}},{"start":{"line":93,"column":17},"end":{"line":115,"column":13}}],"line":84},"14":{"loc":{"start":{"line":86,"column":16},"end":{"line":89,"column":17}},"type":"if","locations":[{"start":{"line":86,"column":16},"end":{"line":89,"column":17}},{"start":{},"end":{}}],"line":86},"15":{"loc":{"start":{"line":93,"column":17},"end":{"line":115,"column":13}},"type":"if","locations":[{"start":{"line":93,"column":17},"end":{"line":115,"column":13}},{"start":{"line":101,"column":17},"end":{"line":115,"column":13}}],"line":93},"16":{"loc":{"start":{"line":95,"column":16},"end":{"line":98,"column":17}},"type":"if","locations":[{"start":{"line":95,"column":16},"end":{"line":98,"column":17}},{"start":{},"end":{}}],"line":95},"17":{"loc":{"start":{"line":101,"column":17},"end":{"line":115,"column":13}},"type":"if","locations":[{"start":{"line":101,"column":17},"end":{"line":115,"column":13}},{"start":{"line":109,"column":17},"end":{"line":115,"column":13}}],"line":101},"18":{"loc":{"start":{"line":103,"column":16},"end":{"line":106,"column":17}},"type":"if","locations":[{"start":{"line":103,"column":16},"end":{"line":106,"column":17}},{"start":{},"end":{}}],"line":103},"19":{"loc":{"start":{"line":109,"column":17},"end":{"line":115,"column":13}},"type":"if","locations":[{"start":{"line":109,"column":17},"end":{"line":115,"column":13}},{"start":{},"end":{}}],"line":109},"20":{"loc":{"start":{"line":111,"column":16},"end":{"line":114,"column":17}},"type":"if","locations":[{"start":{"line":111,"column":16},"end":{"line":114,"column":17}},{"start":{},"end":{}}],"line":111}},"s":{"0":2,"1":2,"2":2,"3":2,"4":2,"5":2,"6":2,"7":2,"8":4,"9":4,"10":28,"11":0,"12":28,"13":28,"14":28,"15":1,"16":1,"17":4,"18":2,"19":4,"20":4,"21":28,"22":28,"23":28,"24":28,"25":1,"26":28,"27":0,"28":0,"29":0,"30":0,"31":0,"32":0,"33":0,"34":0,"35":0,"36":0,"37":0,"38":0,"39":4,"40":4,"41":4,"42":4,"43":28,"44":28,"45":4,"46":4,"47":0,"48":0,"49":24,"50":12,"51":12,"52":3,"53":3,"54":12,"55":4,"56":4,"57":0,"58":0,"59":8,"60":4,"61":4,"62":0,"63":0,"64":4,"65":4,"66":4,"67":1,"68":1,"69":4,"70":2,"71":2,"72":1,"73":1,"74":1},"f":{"0":4,"1":4,"2":4,"3":1},"b":{"0":[0,28],"1":[1,27],"2":[28,24],"3":[28,0],"4":[28,0,0,0,0],"5":[1,27],"6":[0,0],"7":[0,0],"8":[0,0],"9":[0,0],"10":[28,0],"11":[4,24],"12":[0,4],"13":[12,12],"14":[3,9],"15":[4,8],"16":[0,4],"17":[4,4],"18":[0,4],"19":[4,0],"20":[1,3]},"_coverageSchema":"1a1c01bbd47fc00a2c39e90264f33305004495a9","hash":"60752ecbf9c55aaa0fa6194498046eea3c3b3d17"}
,"/Users/jad/Documents/Projects/_github/joezam1/Auth_System_Nodejs/app/services/validation/validationService.js": {"path":"/Users/jad/Documents/Projects/_github/joezam1/Auth_System_Nodejs/app/services/validation/validationService.js","statementMap":{"0":{"start":{"line":1,"column":29},"end":{"line":1,"column":65}},"1":{"start":{"line":5,"column":33},"end":{"line":12,"column":1}},"2":{"start":{"line":6,"column":28},"end":{"line":6,"column":78}},"3":{"start":{"line":7,"column":26},"end":{"line":7,"column":74}},"4":{"start":{"line":8,"column":27},"end":{"line":8,"column":76}},"5":{"start":{"line":10,"column":23},"end":{"line":10,"column":91}},"6":{"start":{"line":11,"column":4},"end":{"line":11,"column":24}},"7":{"start":{"line":15,"column":24},"end":{"line":17,"column":1}},"8":{"start":{"line":19,"column":0},"end":{"line":19,"column":35}}},"fnMap":{"0":{"name":"(anonymous_0)","decl":{"start":{"line":5,"column":33},"end":{"line":5,"column":34}},"loc":{"start":{"line":5,"column":52},"end":{"line":12,"column":1}},"line":5}},"branchMap":{},"s":{"0":1,"1":1,"2":2,"3":2,"4":2,"5":2,"6":2,"7":1,"8":1},"f":{"0":2},"b":{},"_coverageSchema":"1a1c01bbd47fc00a2c39e90264f33305004495a9","hash":"2fc00551ca75caa24714e9807d67ace59b799c56"}
,"/Users/jad/Documents/Projects/_github/joezam1/Auth_System_Nodejs/configuration/authentication/sessionConfig.js": {"path":"/Users/jad/Documents/Projects/_github/joezam1/Auth_System_Nodejs/configuration/authentication/sessionConfig.js","statementMap":{"0":{"start":{"line":2,"column":41},"end":{"line":2,"column":60}},"1":{"start":{"line":3,"column":36},"end":{"line":3,"column":54}},"2":{"start":{"line":4,"column":40},"end":{"line":4,"column":54}},"3":{"start":{"line":5,"column":37},"end":{"line":5,"column":50}},"4":{"start":{"line":6,"column":37},"end":{"line":6,"column":50}},"5":{"start":{"line":7,"column":35},"end":{"line":7,"column":48}},"6":{"start":{"line":8,"column":37},"end":{"line":8,"column":45}},"7":{"start":{"line":9,"column":35},"end":{"line":9,"column":39}},"8":{"start":{"line":10,"column":21},"end":{"line":10,"column":39}},"9":{"start":{"line":11,"column":23},"end":{"line":11,"column":73}},"10":{"start":{"line":12,"column":48},"end":{"line":12,"column":79}},"11":{"start":{"line":13,"column":50},"end":{"line":13,"column":79}},"12":{"start":{"line":14,"column":58},"end":{"line":14,"column":84}},"13":{"start":{"line":16,"column":22},"end":{"line":28,"column":1}},"14":{"start":{"line":30,"column":16},"end":{"line":40,"column":1}},"15":{"start":{"line":42,"column":0},"end":{"line":42,"column":25}}},"fnMap":{},"branchMap":{},"s":{"0":3,"1":3,"2":3,"3":3,"4":3,"5":3,"6":3,"7":3,"8":3,"9":3,"10":3,"11":3,"12":3,"13":3,"14":3,"15":3},"f":{},"b":{},"_coverageSchema":"1a1c01bbd47fc00a2c39e90264f33305004495a9","hash":"ffe4bc098fe040f4aeb29b6e5e5ab6ba9c9b0b70"}
,"/Users/jad/Documents/Projects/_github/joezam1/Auth_System_Nodejs/configuration/database/mysqlConfig.js": {"path":"/Users/jad/Documents/Projects/_github/joezam1/Auth_System_Nodejs/configuration/database/mysqlConfig.js","statementMap":{"0":{"start":{"line":1,"column":20},"end":{"line":10,"column":1}},"1":{"start":{"line":12,"column":0},"end":{"line":12,"column":29}}},"fnMap":{},"branchMap":{},"s":{"0":4,"1":4},"f":{},"b":{},"_coverageSchema":"1a1c01bbd47fc00a2c39e90264f33305004495a9","hash":"d4fbe4e1991db181aed628f6f73d9b9469ed226b"}
,"/Users/jad/Documents/Projects/_github/joezam1/Auth_System_Nodejs/configuration/environment/envConfig.js": {"path":"/Users/jad/Documents/Projects/_github/joezam1/Auth_System_Nodejs/configuration/environment/envConfig.js","statementMap":{"0":{"start":{"line":1,"column":15},"end":{"line":1,"column":32}},"1":{"start":{"line":2,"column":13},"end":{"line":2,"column":28}},"2":{"start":{"line":5,"column":0},"end":{"line":5,"column":68}},"3":{"start":{"line":6,"column":23},"end":{"line":8,"column":1}},"4":{"start":{"line":10,"column":0},"end":{"line":10,"column":51}},"5":{"start":{"line":11,"column":0},"end":{"line":11,"column":32}},"6":{"start":{"line":13,"column":16},"end":{"line":16,"column":1}},"7":{"start":{"line":18,"column":0},"end":{"line":18,"column":27}}},"fnMap":{},"branchMap":{},"s":{"0":1,"1":1,"2":1,"3":1,"4":1,"5":1,"6":1,"7":1},"f":{},"b":{},"_coverageSchema":"1a1c01bbd47fc00a2c39e90264f33305004495a9","hash":"ce523cb061f30445bbbd2e3df19429cc706a2b91"}
,"/Users/jad/Documents/Projects/_github/joezam1/Auth_System_Nodejs/configuration/environment/environmentDescription.js": {"path":"/Users/jad/Documents/Projects/_github/joezam1/Auth_System_Nodejs/configuration/environment/environmentDescription.js","statementMap":{"0":{"start":{"line":1,"column":29},"end":{"line":4,"column":1}},"1":{"start":{"line":6,"column":0},"end":{"line":6,"column":40}}},"fnMap":{},"branchMap":{},"s":{"0":1,"1":1},"f":{},"b":{},"_coverageSchema":"1a1c01bbd47fc00a2c39e90264f33305004495a9","hash":"4aa6cc5229300913b4ba56a76d57a22855d82e3c"}
,"/Users/jad/Documents/Projects/_github/joezam1/Auth_System_Nodejs/configuration/sequelizeORM/sequelizeConfig.js": {"path":"/Users/jad/Documents/Projects/_github/joezam1/Auth_System_Nodejs/configuration/sequelizeORM/sequelizeConfig.js","statementMap":{"0":{"start":{"line":2,"column":22},"end":{"line":10,"column":1}},"1":{"start":{"line":11,"column":14},"end":{"line":13,"column":1}},"2":{"start":{"line":15,"column":0},"end":{"line":15,"column":25}}},"fnMap":{},"branchMap":{},"s":{"0":7,"1":7,"2":7},"f":{},"b":{},"_coverageSchema":"1a1c01bbd47fc00a2c39e90264f33305004495a9","hash":"753307f79642a6b949e83032d54bc75060a03b32"}
,"/Users/jad/Documents/Projects/_github/joezam1/Auth_System_Nodejs/configuration/server/serverConfig.js": {"path":"/Users/jad/Documents/Projects/_github/joezam1/Auth_System_Nodejs/configuration/server/serverConfig.js","statementMap":{"0":{"start":{"line":1,"column":18},"end":{"line":1,"column":73}},"1":{"start":{"line":2,"column":31},"end":{"line":2,"column":82}},"2":{"start":{"line":3,"column":28},"end":{"line":3,"column":94}},"3":{"start":{"line":5,"column":31},"end":{"line":5,"column":56}},"4":{"start":{"line":7,"column":22},"end":{"line":15,"column":1}},"5":{"start":{"line":12,"column":12},"end":{"line":12,"column":55}},"6":{"start":{"line":16,"column":16},"end":{"line":19,"column":1}},"7":{"start":{"line":21,"column":0},"end":{"line":21,"column":25}},"8":{"start":{"line":25,"column":22},"end":{"line":25,"column":40}},"9":{"start":{"line":26,"column":4},"end":{"line":26,"column":59}},"10":{"start":{"line":27,"column":4},"end":{"line":27,"column":70}},"11":{"start":{"line":28,"column":4},"end":{"line":43,"column":5}},"12":{"start":{"line":31,"column":12},"end":{"line":35,"column":13}},"13":{"start":{"line":33,"column":16},"end":{"line":33,"column":37}},"14":{"start":{"line":34,"column":16},"end":{"line":34,"column":22}},"15":{"start":{"line":36,"column":12},"end":{"line":36,"column":46}},"16":{"start":{"line":37,"column":12},"end":{"line":37,"column":18}},"17":{"start":{"line":40,"column":12},"end":{"line":40,"column":46}},"18":{"start":{"line":41,"column":12},"end":{"line":41,"column":18}},"19":{"start":{"line":47,"column":4},"end":{"line":54,"column":5}},"20":{"start":{"line":48,"column":18},"end":{"line":48,"column":59}},"21":{"start":{"line":49,"column":24},"end":{"line":49,"column":38}},"22":{"start":{"line":50,"column":8},"end":{"line":50,"column":28}},"23":{"start":{"line":51,"column":8},"end":{"line":51,"column":15}},"24":{"start":{"line":53,"column":8},"end":{"line":53,"column":29}}},"fnMap":{"0":{"name":"(anonymous_0)","decl":{"start":{"line":11,"column":16},"end":{"line":11,"column":17}},"loc":{"start":{"line":11,"column":42},"end":{"line":13,"column":9}},"line":11},"1":{"name":"resolveOriginWhiteListing","decl":{"start":{"line":24,"column":9},"end":{"line":24,"column":34}},"loc":{"start":{"line":24,"column":52},"end":{"line":44,"column":1}},"line":24},"2":{"name":"whitelistOrigin","decl":{"start":{"line":46,"column":9},"end":{"line":46,"column":24}},"loc":{"start":{"line":46,"column":42},"end":{"line":55,"column":1}},"line":46}},"branchMap":{"0":{"loc":{"start":{"line":28,"column":4},"end":{"line":43,"column":5}},"type":"switch","locations":[{"start":{"line":30,"column":8},"end":{"line":37,"column":18}},{"start":{"line":39,"column":8},"end":{"line":41,"column":18}}],"line":28},"1":{"loc":{"start":{"line":31,"column":12},"end":{"line":35,"column":13}},"type":"if","locations":[{"start":{"line":31,"column":12},"end":{"line":35,"column":13}},{"start":{},"end":{}}],"line":31},"2":{"loc":{"start":{"line":47,"column":4},"end":{"line":54,"column":5}},"type":"if","locations":[{"start":{"line":47,"column":4},"end":{"line":54,"column":5}},{"start":{"line":52,"column":9},"end":{"line":54,"column":5}}],"line":47}},"s":{"0":1,"1":1,"2":1,"3":1,"4":1,"5":2,"6":1,"7":1,"8":2,"9":2,"10":2,"11":2,"12":0,"13":0,"14":0,"15":0,"16":0,"17":0,"18":0,"19":0,"20":0,"21":0,"22":0,"23":0,"24":0},"f":{"0":2,"1":2,"2":0},"b":{"0":[0,0],"1":[0,0],"2":[0,0]},"_coverageSchema":"1a1c01bbd47fc00a2c39e90264f33305004495a9","hash":"34130c3477acdedc73984019ff41d755dc1a7cb6"}
,"/Users/jad/Documents/Projects/_github/joezam1/Auth_System_Nodejs/configuration/validation/validationConfig.js": {"path":"/Users/jad/Documents/Projects/_github/joezam1/Auth_System_Nodejs/configuration/validation/validationConfig.js","statementMap":{"0":{"start":{"line":1,"column":30},"end":{"line":1,"column":31}},"1":{"start":{"line":2,"column":27},"end":{"line":2,"column":28}},"2":{"start":{"line":5,"column":13},"end":{"line":8,"column":1}},"3":{"start":{"line":10,"column":0},"end":{"line":10,"column":25}}},"fnMap":{},"branchMap":{},"s":{"0":5,"1":5,"2":5,"3":5},"f":{},"b":{},"_coverageSchema":"1a1c01bbd47fc00a2c39e90264f33305004495a9","hash":"88e5fa7ddae888d65702e9dac345279f6c2a87d7"}
}
