{"/Users/jad/Documents/Projects/_github/joezam1/Auth_System_Nodejs/app/backgroundWorkers/expiredCsrfTokenManager.js": {"path":"/Users/jad/Documents/Projects/_github/joezam1/Auth_System_Nodejs/app/backgroundWorkers/expiredCsrfTokenManager.js","statementMap":{"0":{"start":{"line":1,"column":29},"end":{"line":1,"column":86}},"1":{"start":{"line":2,"column":19},"end":{"line":2,"column":44}},"2":{"start":{"line":3,"column":13},"end":{"line":3,"column":28}},"3":{"start":{"line":4,"column":39},"end":{"line":4,"column":76}},"4":{"start":{"line":8,"column":32},"end":{"line":52,"column":4}},"5":{"start":{"line":9,"column":23},"end":{"line":9,"column":32}},"6":{"start":{"line":10,"column":35},"end":{"line":29,"column":5}},"7":{"start":{"line":12,"column":8},"end":{"line":12,"column":68}},"8":{"start":{"line":12,"column":59},"end":{"line":12,"column":66}},"9":{"start":{"line":14,"column":8},"end":{"line":14,"column":44}},"10":{"start":{"line":15,"column":8},"end":{"line":15,"column":70}},"11":{"start":{"line":16,"column":27},"end":{"line":16,"column":79}},"12":{"start":{"line":17,"column":8},"end":{"line":17,"column":48}},"13":{"start":{"line":18,"column":20},"end":{"line":18,"column":38}},"14":{"start":{"line":19,"column":8},"end":{"line":19,"column":40}},"15":{"start":{"line":21,"column":8},"end":{"line":28,"column":9}},"16":{"start":{"line":22,"column":12},"end":{"line":27,"column":15}},"17":{"start":{"line":23,"column":16},"end":{"line":23,"column":85}},"18":{"start":{"line":24,"column":16},"end":{"line":26,"column":17}},"19":{"start":{"line":25,"column":20},"end":{"line":25,"column":53}},"20":{"start":{"line":31,"column":32},"end":{"line":36,"column":5}},"21":{"start":{"line":32,"column":8},"end":{"line":32,"column":46}},"22":{"start":{"line":33,"column":8},"end":{"line":35,"column":9}},"23":{"start":{"line":34,"column":12},"end":{"line":34,"column":49}},"24":{"start":{"line":38,"column":34},"end":{"line":45,"column":5}},"25":{"start":{"line":39,"column":8},"end":{"line":39,"column":77}},"26":{"start":{"line":40,"column":8},"end":{"line":43,"column":9}},"27":{"start":{"line":41,"column":12},"end":{"line":41,"column":37}},"28":{"start":{"line":42,"column":12},"end":{"line":42,"column":37}},"29":{"start":{"line":44,"column":8},"end":{"line":44,"column":75}},"30":{"start":{"line":47,"column":4},"end":{"line":51,"column":7}},"31":{"start":{"line":54,"column":0},"end":{"line":54,"column":41}}},"fnMap":{"0":{"name":"(anonymous_0)","decl":{"start":{"line":8,"column":33},"end":{"line":8,"column":34}},"loc":{"start":{"line":8,"column":43},"end":{"line":52,"column":1}},"line":8},"1":{"name":"(anonymous_1)","decl":{"start":{"line":10,"column":35},"end":{"line":10,"column":36}},"loc":{"start":{"line":10,"column":72},"end":{"line":29,"column":5}},"line":10},"2":{"name":"(anonymous_2)","decl":{"start":{"line":22,"column":39},"end":{"line":22,"column":40}},"loc":{"start":{"line":22,"column":54},"end":{"line":27,"column":13}},"line":22},"3":{"name":"(anonymous_3)","decl":{"start":{"line":31,"column":32},"end":{"line":31,"column":33}},"loc":{"start":{"line":31,"column":52},"end":{"line":36,"column":5}},"line":31},"4":{"name":"(anonymous_4)","decl":{"start":{"line":38,"column":34},"end":{"line":38,"column":35}},"loc":{"start":{"line":38,"column":44},"end":{"line":45,"column":5}},"line":38}},"branchMap":{"0":{"loc":{"start":{"line":12,"column":8},"end":{"line":12,"column":68}},"type":"if","locations":[{"start":{"line":12,"column":8},"end":{"line":12,"column":68}},{"start":{},"end":{}}],"line":12},"1":{"loc":{"start":{"line":21,"column":8},"end":{"line":28,"column":9}},"type":"if","locations":[{"start":{"line":21,"column":8},"end":{"line":28,"column":9}},{"start":{},"end":{}}],"line":21},"2":{"loc":{"start":{"line":24,"column":16},"end":{"line":26,"column":17}},"type":"if","locations":[{"start":{"line":24,"column":16},"end":{"line":26,"column":17}},{"start":{},"end":{}}],"line":24},"3":{"loc":{"start":{"line":33,"column":8},"end":{"line":35,"column":9}},"type":"if","locations":[{"start":{"line":33,"column":8},"end":{"line":35,"column":9}},{"start":{},"end":{}}],"line":33},"4":{"loc":{"start":{"line":40,"column":8},"end":{"line":43,"column":9}},"type":"if","locations":[{"start":{"line":40,"column":8},"end":{"line":43,"column":9}},{"start":{},"end":{}}],"line":40}},"s":{"0":2,"1":2,"2":2,"3":2,"4":2,"5":2,"6":2,"7":0,"8":0,"9":0,"10":0,"11":0,"12":0,"13":0,"14":0,"15":0,"16":0,"17":0,"18":0,"19":0,"20":2,"21":0,"22":0,"23":0,"24":2,"25":0,"26":0,"27":0,"28":0,"29":0,"30":2,"31":2},"f":{"0":2,"1":0,"2":0,"3":0,"4":0},"b":{"0":[0,0],"1":[0,0],"2":[0,0],"3":[0,0],"4":[0,0]},"_coverageSchema":"1a1c01bbd47fc00a2c39e90264f33305004495a9","hash":"85e9400013d28fe2692301cc5e9e054bd09634a5"}
,"/Users/jad/Documents/Projects/_github/joezam1/Auth_System_Nodejs/app/backgroundWorkers/jwtTokenThreadManager.js": {"path":"/Users/jad/Documents/Projects/_github/joezam1/Auth_System_Nodejs/app/backgroundWorkers/jwtTokenThreadManager.js","statementMap":{"0":{"start":{"line":1,"column":29},"end":{"line":1,"column":86}},"1":{"start":{"line":2,"column":19},"end":{"line":2,"column":44}},"2":{"start":{"line":3,"column":13},"end":{"line":3,"column":28}},"3":{"start":{"line":4,"column":28},"end":{"line":4,"column":54}},"4":{"start":{"line":8,"column":30},"end":{"line":52,"column":4}},"5":{"start":{"line":9,"column":20},"end":{"line":9,"column":29}},"6":{"start":{"line":10,"column":35},"end":{"line":28,"column":5}},"7":{"start":{"line":11,"column":8},"end":{"line":11,"column":65}},"8":{"start":{"line":11,"column":56},"end":{"line":11,"column":63}},"9":{"start":{"line":13,"column":8},"end":{"line":13,"column":44}},"10":{"start":{"line":14,"column":8},"end":{"line":14,"column":64}},"11":{"start":{"line":15,"column":27},"end":{"line":15,"column":68}},"12":{"start":{"line":16,"column":8},"end":{"line":16,"column":45}},"13":{"start":{"line":17,"column":20},"end":{"line":17,"column":38}},"14":{"start":{"line":18,"column":8},"end":{"line":18,"column":37}},"15":{"start":{"line":20,"column":8},"end":{"line":27,"column":9}},"16":{"start":{"line":21,"column":12},"end":{"line":26,"column":15}},"17":{"start":{"line":22,"column":16},"end":{"line":22,"column":88}},"18":{"start":{"line":23,"column":16},"end":{"line":25,"column":17}},"19":{"start":{"line":24,"column":20},"end":{"line":24,"column":53}},"20":{"start":{"line":30,"column":32},"end":{"line":35,"column":5}},"21":{"start":{"line":31,"column":8},"end":{"line":31,"column":46}},"22":{"start":{"line":32,"column":8},"end":{"line":34,"column":9}},"23":{"start":{"line":33,"column":12},"end":{"line":33,"column":46}},"24":{"start":{"line":37,"column":34},"end":{"line":45,"column":5}},"25":{"start":{"line":38,"column":8},"end":{"line":38,"column":71}},"26":{"start":{"line":39,"column":8},"end":{"line":42,"column":9}},"27":{"start":{"line":40,"column":12},"end":{"line":40,"column":34}},"28":{"start":{"line":41,"column":12},"end":{"line":41,"column":34}},"29":{"start":{"line":44,"column":8},"end":{"line":44,"column":69}},"30":{"start":{"line":47,"column":4},"end":{"line":51,"column":7}},"31":{"start":{"line":54,"column":0},"end":{"line":54,"column":39}}},"fnMap":{"0":{"name":"(anonymous_0)","decl":{"start":{"line":8,"column":31},"end":{"line":8,"column":32}},"loc":{"start":{"line":8,"column":41},"end":{"line":52,"column":1}},"line":8},"1":{"name":"(anonymous_1)","decl":{"start":{"line":10,"column":35},"end":{"line":10,"column":36}},"loc":{"start":{"line":10,"column":70},"end":{"line":28,"column":5}},"line":10},"2":{"name":"(anonymous_2)","decl":{"start":{"line":21,"column":36},"end":{"line":21,"column":37}},"loc":{"start":{"line":21,"column":51},"end":{"line":26,"column":13}},"line":21},"3":{"name":"(anonymous_3)","decl":{"start":{"line":30,"column":32},"end":{"line":30,"column":33}},"loc":{"start":{"line":30,"column":52},"end":{"line":35,"column":5}},"line":30},"4":{"name":"(anonymous_4)","decl":{"start":{"line":37,"column":34},"end":{"line":37,"column":35}},"loc":{"start":{"line":37,"column":44},"end":{"line":45,"column":5}},"line":37}},"branchMap":{"0":{"loc":{"start":{"line":11,"column":8},"end":{"line":11,"column":65}},"type":"if","locations":[{"start":{"line":11,"column":8},"end":{"line":11,"column":65}},{"start":{},"end":{}}],"line":11},"1":{"loc":{"start":{"line":20,"column":8},"end":{"line":27,"column":9}},"type":"if","locations":[{"start":{"line":20,"column":8},"end":{"line":27,"column":9}},{"start":{},"end":{}}],"line":20},"2":{"loc":{"start":{"line":23,"column":16},"end":{"line":25,"column":17}},"type":"if","locations":[{"start":{"line":23,"column":16},"end":{"line":25,"column":17}},{"start":{},"end":{}}],"line":23},"3":{"loc":{"start":{"line":32,"column":8},"end":{"line":34,"column":9}},"type":"if","locations":[{"start":{"line":32,"column":8},"end":{"line":34,"column":9}},{"start":{},"end":{}}],"line":32},"4":{"loc":{"start":{"line":39,"column":8},"end":{"line":42,"column":9}},"type":"if","locations":[{"start":{"line":39,"column":8},"end":{"line":42,"column":9}},{"start":{},"end":{}}],"line":39}},"s":{"0":3,"1":3,"2":3,"3":3,"4":3,"5":3,"6":3,"7":0,"8":0,"9":0,"10":0,"11":0,"12":0,"13":0,"14":0,"15":0,"16":0,"17":0,"18":0,"19":0,"20":3,"21":0,"22":0,"23":0,"24":3,"25":0,"26":0,"27":0,"28":0,"29":0,"30":3,"31":3},"f":{"0":3,"1":0,"2":0,"3":0,"4":0},"b":{"0":[0,0],"1":[0,0],"2":[0,0],"3":[0,0],"4":[0,0]},"_coverageSchema":"1a1c01bbd47fc00a2c39e90264f33305004495a9","hash":"e441b4d5ec50f707d5adf9492763bf8f5b537166"}
,"/Users/jad/Documents/Projects/_github/joezam1/Auth_System_Nodejs/app/backgroundWorkers/sessionThreadManager.js": {"path":"/Users/jad/Documents/Projects/_github/joezam1/Auth_System_Nodejs/app/backgroundWorkers/sessionThreadManager.js","statementMap":{"0":{"start":{"line":1,"column":29},"end":{"line":1,"column":86}},"1":{"start":{"line":2,"column":19},"end":{"line":2,"column":44}},"2":{"start":{"line":3,"column":13},"end":{"line":3,"column":28}},"3":{"start":{"line":4,"column":27},"end":{"line":4,"column":52}},"4":{"start":{"line":6,"column":29},"end":{"line":50,"column":4}},"5":{"start":{"line":7,"column":24},"end":{"line":7,"column":33}},"6":{"start":{"line":8,"column":35},"end":{"line":26,"column":5}},"7":{"start":{"line":9,"column":8},"end":{"line":9,"column":69}},"8":{"start":{"line":9,"column":60},"end":{"line":9,"column":67}},"9":{"start":{"line":11,"column":8},"end":{"line":11,"column":44}},"10":{"start":{"line":12,"column":8},"end":{"line":12,"column":62}},"11":{"start":{"line":13,"column":27},"end":{"line":13,"column":67}},"12":{"start":{"line":14,"column":8},"end":{"line":14,"column":49}},"13":{"start":{"line":15,"column":20},"end":{"line":15,"column":38}},"14":{"start":{"line":16,"column":8},"end":{"line":16,"column":41}},"15":{"start":{"line":18,"column":8},"end":{"line":25,"column":9}},"16":{"start":{"line":19,"column":12},"end":{"line":24,"column":15}},"17":{"start":{"line":20,"column":16},"end":{"line":20,"column":86}},"18":{"start":{"line":21,"column":16},"end":{"line":23,"column":17}},"19":{"start":{"line":22,"column":20},"end":{"line":22,"column":53}},"20":{"start":{"line":28,"column":32},"end":{"line":33,"column":5}},"21":{"start":{"line":29,"column":8},"end":{"line":29,"column":46}},"22":{"start":{"line":30,"column":8},"end":{"line":32,"column":9}},"23":{"start":{"line":31,"column":12},"end":{"line":31,"column":50}},"24":{"start":{"line":35,"column":34},"end":{"line":43,"column":5}},"25":{"start":{"line":36,"column":8},"end":{"line":36,"column":79}},"26":{"start":{"line":37,"column":8},"end":{"line":40,"column":9}},"27":{"start":{"line":38,"column":12},"end":{"line":38,"column":38}},"28":{"start":{"line":39,"column":12},"end":{"line":39,"column":38}},"29":{"start":{"line":42,"column":8},"end":{"line":42,"column":77}},"30":{"start":{"line":45,"column":4},"end":{"line":49,"column":7}},"31":{"start":{"line":52,"column":0},"end":{"line":52,"column":38}}},"fnMap":{"0":{"name":"(anonymous_0)","decl":{"start":{"line":6,"column":30},"end":{"line":6,"column":31}},"loc":{"start":{"line":6,"column":40},"end":{"line":50,"column":1}},"line":6},"1":{"name":"(anonymous_1)","decl":{"start":{"line":8,"column":35},"end":{"line":8,"column":36}},"loc":{"start":{"line":8,"column":72},"end":{"line":26,"column":5}},"line":8},"2":{"name":"(anonymous_2)","decl":{"start":{"line":19,"column":40},"end":{"line":19,"column":41}},"loc":{"start":{"line":19,"column":55},"end":{"line":24,"column":13}},"line":19},"3":{"name":"(anonymous_3)","decl":{"start":{"line":28,"column":32},"end":{"line":28,"column":33}},"loc":{"start":{"line":28,"column":52},"end":{"line":33,"column":5}},"line":28},"4":{"name":"(anonymous_4)","decl":{"start":{"line":35,"column":34},"end":{"line":35,"column":35}},"loc":{"start":{"line":35,"column":44},"end":{"line":43,"column":5}},"line":35}},"branchMap":{"0":{"loc":{"start":{"line":9,"column":8},"end":{"line":9,"column":69}},"type":"if","locations":[{"start":{"line":9,"column":8},"end":{"line":9,"column":69}},{"start":{},"end":{}}],"line":9},"1":{"loc":{"start":{"line":18,"column":8},"end":{"line":25,"column":9}},"type":"if","locations":[{"start":{"line":18,"column":8},"end":{"line":25,"column":9}},{"start":{},"end":{}}],"line":18},"2":{"loc":{"start":{"line":21,"column":16},"end":{"line":23,"column":17}},"type":"if","locations":[{"start":{"line":21,"column":16},"end":{"line":23,"column":17}},{"start":{},"end":{}}],"line":21},"3":{"loc":{"start":{"line":30,"column":8},"end":{"line":32,"column":9}},"type":"if","locations":[{"start":{"line":30,"column":8},"end":{"line":32,"column":9}},{"start":{},"end":{}}],"line":30},"4":{"loc":{"start":{"line":37,"column":8},"end":{"line":40,"column":9}},"type":"if","locations":[{"start":{"line":37,"column":8},"end":{"line":40,"column":9}},{"start":{},"end":{}}],"line":37}},"s":{"0":3,"1":3,"2":3,"3":3,"4":3,"5":3,"6":3,"7":0,"8":0,"9":0,"10":0,"11":0,"12":0,"13":0,"14":0,"15":0,"16":0,"17":0,"18":0,"19":0,"20":3,"21":0,"22":0,"23":0,"24":3,"25":0,"26":0,"27":0,"28":0,"29":0,"30":3,"31":3},"f":{"0":3,"1":0,"2":0,"3":0,"4":0},"b":{"0":[0,0],"1":[0,0],"2":[0,0],"3":[0,0],"4":[0,0]},"_coverageSchema":"1a1c01bbd47fc00a2c39e90264f33305004495a9","hash":"ae7bda89815425a07b2e674e9a6d4c0cd63e1a4a"}
,"/Users/jad/Documents/Projects/_github/joezam1/Auth_System_Nodejs/app/dataAccessLayer/mysqlDataStore/context/dbAction.js": {"path":"/Users/jad/Documents/Projects/_github/joezam1/Auth_System_Nodejs/app/dataAccessLayer/mysqlDataStore/context/dbAction.js","statementMap":{"0":{"start":{"line":1,"column":29},"end":{"line":1,"column":92}},"1":{"start":{"line":2,"column":21},"end":{"line":2,"column":49}},"2":{"start":{"line":4,"column":28},"end":{"line":25,"column":1}},"3":{"start":{"line":5,"column":4},"end":{"line":24,"column":5}},"4":{"start":{"line":6,"column":19},"end":{"line":6,"column":41}},"5":{"start":{"line":7,"column":26},"end":{"line":7,"column":40}},"6":{"start":{"line":9,"column":8},"end":{"line":12,"column":9}},"7":{"start":{"line":10,"column":35},"end":{"line":10,"column":71}},"8":{"start":{"line":11,"column":12},"end":{"line":11,"column":34}},"9":{"start":{"line":14,"column":8},"end":{"line":17,"column":9}},"10":{"start":{"line":15,"column":35},"end":{"line":15,"column":84}},"11":{"start":{"line":16,"column":12},"end":{"line":16,"column":34}},"12":{"start":{"line":19,"column":26},"end":{"line":19,"column":33}},"13":{"start":{"line":20,"column":8},"end":{"line":20,"column":27}},"14":{"start":{"line":23,"column":8},"end":{"line":23,"column":30}},"15":{"start":{"line":28,"column":46},"end":{"line":43,"column":1}},"16":{"start":{"line":29,"column":26},"end":{"line":29,"column":48}},"17":{"start":{"line":30,"column":28},"end":{"line":39,"column":6}},"18":{"start":{"line":31,"column":8},"end":{"line":37,"column":11}},"19":{"start":{"line":33,"column":12},"end":{"line":35,"column":13}},"20":{"start":{"line":34,"column":16},"end":{"line":34,"column":117}},"21":{"start":{"line":36,"column":12},"end":{"line":36,"column":37}},"22":{"start":{"line":41,"column":17},"end":{"line":41,"column":40}},"23":{"start":{"line":42,"column":4},"end":{"line":42,"column":18}},"24":{"start":{"line":45,"column":44},"end":{"line":49,"column":1}},"25":{"start":{"line":47,"column":4},"end":{"line":47,"column":93}},"26":{"start":{"line":48,"column":4},"end":{"line":48,"column":38}},"27":{"start":{"line":51,"column":44},"end":{"line":69,"column":1}},"28":{"start":{"line":52,"column":4},"end":{"line":68,"column":5}},"29":{"start":{"line":53,"column":8},"end":{"line":56,"column":9}},"30":{"start":{"line":54,"column":35},"end":{"line":54,"column":84}},"31":{"start":{"line":55,"column":12},"end":{"line":55,"column":34}},"32":{"start":{"line":58,"column":8},"end":{"line":61,"column":9}},"33":{"start":{"line":59,"column":35},"end":{"line":59,"column":97}},"34":{"start":{"line":60,"column":12},"end":{"line":60,"column":34}},"35":{"start":{"line":62,"column":26},"end":{"line":62,"column":33}},"36":{"start":{"line":63,"column":8},"end":{"line":63,"column":27}},"37":{"start":{"line":66,"column":8},"end":{"line":66,"column":32}},"38":{"start":{"line":67,"column":8},"end":{"line":67,"column":30}},"39":{"start":{"line":73,"column":42},"end":{"line":77,"column":1}},"40":{"start":{"line":75,"column":4},"end":{"line":75,"column":30}},"41":{"start":{"line":76,"column":4},"end":{"line":76,"column":29}},"42":{"start":{"line":80,"column":40},"end":{"line":90,"column":1}},"43":{"start":{"line":82,"column":4},"end":{"line":87,"column":7}},"44":{"start":{"line":83,"column":8},"end":{"line":86,"column":9}},"45":{"start":{"line":84,"column":12},"end":{"line":84,"column":64}},"46":{"start":{"line":85,"column":12},"end":{"line":85,"column":19}},"47":{"start":{"line":89,"column":4},"end":{"line":89,"column":29}},"48":{"start":{"line":92,"column":14},"end":{"line":99,"column":1}},"49":{"start":{"line":101,"column":1},"end":{"line":101,"column":26}}},"fnMap":{"0":{"name":"(anonymous_0)","decl":{"start":{"line":4,"column":28},"end":{"line":4,"column":29}},"loc":{"start":{"line":4,"column":73},"end":{"line":25,"column":1}},"line":4},"1":{"name":"(anonymous_1)","decl":{"start":{"line":28,"column":46},"end":{"line":28,"column":47}},"loc":{"start":{"line":28,"column":62},"end":{"line":43,"column":1}},"line":28},"2":{"name":"(anonymous_2)","decl":{"start":{"line":30,"column":40},"end":{"line":30,"column":41}},"loc":{"start":{"line":30,"column":65},"end":{"line":39,"column":5}},"line":30},"3":{"name":"(anonymous_3)","decl":{"start":{"line":31,"column":38},"end":{"line":31,"column":39}},"loc":{"start":{"line":31,"column":81},"end":{"line":37,"column":9}},"line":31},"4":{"name":"(anonymous_4)","decl":{"start":{"line":45,"column":44},"end":{"line":45,"column":45}},"loc":{"start":{"line":45,"column":74},"end":{"line":49,"column":1}},"line":45},"5":{"name":"(anonymous_5)","decl":{"start":{"line":51,"column":44},"end":{"line":51,"column":45}},"loc":{"start":{"line":51,"column":105},"end":{"line":69,"column":1}},"line":51},"6":{"name":"(anonymous_6)","decl":{"start":{"line":73,"column":42},"end":{"line":73,"column":43}},"loc":{"start":{"line":73,"column":66},"end":{"line":77,"column":1}},"line":73},"7":{"name":"(anonymous_7)","decl":{"start":{"line":80,"column":40},"end":{"line":80,"column":41}},"loc":{"start":{"line":80,"column":64},"end":{"line":90,"column":1}},"line":80},"8":{"name":"(anonymous_8)","decl":{"start":{"line":82,"column":26},"end":{"line":82,"column":27}},"loc":{"start":{"line":82,"column":41},"end":{"line":87,"column":5}},"line":82}},"branchMap":{"0":{"loc":{"start":{"line":4,"column":54},"end":{"line":4,"column":72}},"type":"default-arg","locations":[{"start":{"line":4,"column":68},"end":{"line":4,"column":72}}],"line":4},"1":{"loc":{"start":{"line":9,"column":8},"end":{"line":12,"column":9}},"type":"if","locations":[{"start":{"line":9,"column":8},"end":{"line":12,"column":9}},{"start":{},"end":{}}],"line":9},"2":{"loc":{"start":{"line":14,"column":8},"end":{"line":17,"column":9}},"type":"if","locations":[{"start":{"line":14,"column":8},"end":{"line":17,"column":9}},{"start":{},"end":{}}],"line":14},"3":{"loc":{"start":{"line":33,"column":12},"end":{"line":35,"column":13}},"type":"if","locations":[{"start":{"line":33,"column":12},"end":{"line":35,"column":13}},{"start":{},"end":{}}],"line":33},"4":{"loc":{"start":{"line":51,"column":86},"end":{"line":51,"column":104}},"type":"default-arg","locations":[{"start":{"line":51,"column":100},"end":{"line":51,"column":104}}],"line":51},"5":{"loc":{"start":{"line":53,"column":8},"end":{"line":56,"column":9}},"type":"if","locations":[{"start":{"line":53,"column":8},"end":{"line":56,"column":9}},{"start":{},"end":{}}],"line":53},"6":{"loc":{"start":{"line":58,"column":8},"end":{"line":61,"column":9}},"type":"if","locations":[{"start":{"line":58,"column":8},"end":{"line":61,"column":9}},{"start":{},"end":{}}],"line":58},"7":{"loc":{"start":{"line":83,"column":8},"end":{"line":86,"column":9}},"type":"if","locations":[{"start":{"line":83,"column":8},"end":{"line":86,"column":9}},{"start":{},"end":{}}],"line":83}},"s":{"0":19,"1":19,"2":19,"3":0,"4":0,"5":0,"6":0,"7":0,"8":0,"9":0,"10":0,"11":0,"12":0,"13":0,"14":0,"15":19,"16":0,"17":0,"18":0,"19":0,"20":0,"21":0,"22":0,"23":0,"24":19,"25":0,"26":0,"27":19,"28":0,"29":0,"30":0,"31":0,"32":0,"33":0,"34":0,"35":0,"36":0,"37":0,"38":0,"39":19,"40":0,"41":0,"42":19,"43":0,"44":0,"45":0,"46":0,"47":0,"48":19,"49":19},"f":{"0":0,"1":0,"2":0,"3":0,"4":0,"5":0,"6":0,"7":0,"8":0},"b":{"0":[0],"1":[0,0],"2":[0,0],"3":[0,0],"4":[0],"5":[0,0],"6":[0,0],"7":[0,0]},"_coverageSchema":"1a1c01bbd47fc00a2c39e90264f33305004495a9","hash":"635f25cccee58c922877ff79e6d22c4275ca8fd8"}
,"/Users/jad/Documents/Projects/_github/joezam1/Auth_System_Nodejs/app/dataAccessLayer/mysqlDataStore/context/dbConnection.js": {"path":"/Users/jad/Documents/Projects/_github/joezam1/Auth_System_Nodejs/app/dataAccessLayer/mysqlDataStore/context/dbConnection.js","statementMap":{"0":{"start":{"line":1,"column":14},"end":{"line":1,"column":31}},"1":{"start":{"line":2,"column":21},"end":{"line":2,"column":81}},"2":{"start":{"line":5,"column":11},"end":{"line":5,"column":15}},"3":{"start":{"line":6,"column":14},"end":{"line":12,"column":1}},"4":{"start":{"line":7,"column":4},"end":{"line":9,"column":5}},"5":{"start":{"line":8,"column":8},"end":{"line":8,"column":33}},"6":{"start":{"line":11,"column":4},"end":{"line":11,"column":16}},"7":{"start":{"line":14,"column":21},"end":{"line":19,"column":1}},"8":{"start":{"line":15,"column":4},"end":{"line":17,"column":5}},"9":{"start":{"line":16,"column":8},"end":{"line":16,"column":33}},"10":{"start":{"line":18,"column":4},"end":{"line":18,"column":24}},"11":{"start":{"line":21,"column":14},"end":{"line":24,"column":1}},"12":{"start":{"line":26,"column":0},"end":{"line":26,"column":25}},"13":{"start":{"line":30,"column":25},"end":{"line":30,"column":37}},"14":{"start":{"line":31,"column":22},"end":{"line":31,"column":54}},"15":{"start":{"line":32,"column":4},"end":{"line":32,"column":23}}},"fnMap":{"0":{"name":"(anonymous_0)","decl":{"start":{"line":6,"column":14},"end":{"line":6,"column":15}},"loc":{"start":{"line":6,"column":24},"end":{"line":12,"column":1}},"line":6},"1":{"name":"(anonymous_1)","decl":{"start":{"line":14,"column":21},"end":{"line":14,"column":22}},"loc":{"start":{"line":14,"column":31},"end":{"line":19,"column":1}},"line":14},"2":{"name":"createMysqlPool","decl":{"start":{"line":29,"column":9},"end":{"line":29,"column":24}},"loc":{"start":{"line":29,"column":26},"end":{"line":33,"column":1}},"line":29}},"branchMap":{"0":{"loc":{"start":{"line":7,"column":4},"end":{"line":9,"column":5}},"type":"if","locations":[{"start":{"line":7,"column":4},"end":{"line":9,"column":5}},{"start":{},"end":{}}],"line":7},"1":{"loc":{"start":{"line":15,"column":4},"end":{"line":17,"column":5}},"type":"if","locations":[{"start":{"line":15,"column":4},"end":{"line":17,"column":5}},{"start":{},"end":{}}],"line":15}},"s":{"0":19,"1":19,"2":19,"3":19,"4":0,"5":0,"6":0,"7":19,"8":0,"9":0,"10":0,"11":19,"12":19,"13":0,"14":0,"15":0},"f":{"0":0,"1":0,"2":0},"b":{"0":[0,0],"1":[0,0]},"_coverageSchema":"1a1c01bbd47fc00a2c39e90264f33305004495a9","hash":"b18e6bc9dcfa8404114be7f4a4a3ede3214d2ea2"}
,"/Users/jad/Documents/Projects/_github/joezam1/Auth_System_Nodejs/app/dataAccessLayer/mysqlDataStore/context/dbContext.js": {"path":"/Users/jad/Documents/Projects/_github/joezam1/Auth_System_Nodejs/app/dataAccessLayer/mysqlDataStore/context/dbContext.js","statementMap":{"0":{"start":{"line":1,"column":18},"end":{"line":1,"column":38}},"1":{"start":{"line":2,"column":24},"end":{"line":2,"column":92}},"2":{"start":{"line":3,"column":13},"end":{"line":3,"column":50}},"3":{"start":{"line":4,"column":13},"end":{"line":4,"column":50}},"4":{"start":{"line":5,"column":17},"end":{"line":5,"column":58}},"5":{"start":{"line":6,"column":17},"end":{"line":6,"column":58}},"6":{"start":{"line":7,"column":24},"end":{"line":7,"column":72}},"7":{"start":{"line":8,"column":16},"end":{"line":8,"column":56}},"8":{"start":{"line":9,"column":24},"end":{"line":9,"column":72}},"9":{"start":{"line":10,"column":14},"end":{"line":10,"column":52}},"10":{"start":{"line":13,"column":26},"end":{"line":13,"column":30}},"11":{"start":{"line":14,"column":25},"end":{"line":14,"column":29}},"12":{"start":{"line":18,"column":4},"end":{"line":25,"column":5}},"13":{"start":{"line":20,"column":23},"end":{"line":20,"column":63}},"14":{"start":{"line":21,"column":23},"end":{"line":21,"column":63}},"15":{"start":{"line":22,"column":23},"end":{"line":22,"column":63}},"16":{"start":{"line":23,"column":22},"end":{"line":23,"column":61}},"17":{"start":{"line":24,"column":8},"end":{"line":24,"column":80}},"18":{"start":{"line":27,"column":4},"end":{"line":27,"column":31}},"19":{"start":{"line":31,"column":28},"end":{"line":34,"column":1}},"20":{"start":{"line":32,"column":19},"end":{"line":32,"column":59}},"21":{"start":{"line":33,"column":4},"end":{"line":33,"column":19}},"22":{"start":{"line":36,"column":26},"end":{"line":63,"column":1}},"23":{"start":{"line":37,"column":4},"end":{"line":60,"column":5}},"24":{"start":{"line":38,"column":24},"end":{"line":38,"column":48}},"25":{"start":{"line":39,"column":27},"end":{"line":39,"column":46}},"26":{"start":{"line":40,"column":27},"end":{"line":40,"column":56}},"27":{"start":{"line":41,"column":27},"end":{"line":41,"column":56}},"28":{"start":{"line":42,"column":31},"end":{"line":42,"column":64}},"29":{"start":{"line":43,"column":31},"end":{"line":43,"column":64}},"30":{"start":{"line":44,"column":38},"end":{"line":44,"column":78}},"31":{"start":{"line":45,"column":30},"end":{"line":45,"column":62}},"32":{"start":{"line":46,"column":38},"end":{"line":46,"column":78}},"33":{"start":{"line":47,"column":28},"end":{"line":47,"column":58}},"34":{"start":{"line":49,"column":8},"end":{"line":58,"column":9}},"35":{"start":{"line":59,"column":8},"end":{"line":59,"column":34}},"36":{"start":{"line":62,"column":4},"end":{"line":62,"column":30}},"37":{"start":{"line":66,"column":14},"end":{"line":69,"column":1}},"38":{"start":{"line":70,"column":0},"end":{"line":70,"column":25}}},"fnMap":{"0":{"name":"getSequelizeConnection","decl":{"start":{"line":16,"column":9},"end":{"line":16,"column":31}},"loc":{"start":{"line":16,"column":33},"end":{"line":28,"column":1}},"line":16},"1":{"name":"(anonymous_1)","decl":{"start":{"line":31,"column":28},"end":{"line":31,"column":29}},"loc":{"start":{"line":31,"column":38},"end":{"line":34,"column":1}},"line":31},"2":{"name":"(anonymous_2)","decl":{"start":{"line":36,"column":26},"end":{"line":36,"column":27}},"loc":{"start":{"line":36,"column":36},"end":{"line":63,"column":1}},"line":36}},"branchMap":{"0":{"loc":{"start":{"line":18,"column":4},"end":{"line":25,"column":5}},"type":"if","locations":[{"start":{"line":18,"column":4},"end":{"line":25,"column":5}},{"start":{},"end":{}}],"line":18},"1":{"loc":{"start":{"line":37,"column":4},"end":{"line":60,"column":5}},"type":"if","locations":[{"start":{"line":37,"column":4},"end":{"line":60,"column":5}},{"start":{},"end":{}}],"line":37}},"s":{"0":33,"1":33,"2":33,"3":33,"4":33,"5":33,"6":33,"7":33,"8":33,"9":33,"10":33,"11":33,"12":33,"13":33,"14":33,"15":33,"16":33,"17":33,"18":33,"19":33,"20":60,"21":60,"22":33,"23":87,"24":33,"25":33,"26":33,"27":33,"28":33,"29":33,"30":33,"31":33,"32":33,"33":33,"34":33,"35":33,"36":54,"37":33,"38":33},"f":{"0":33,"1":60,"2":87},"b":{"0":[33,0],"1":[33,54]},"_coverageSchema":"1a1c01bbd47fc00a2c39e90264f33305004495a9","hash":"90cd3ec964fc2f6e68f963bad4f8f7a17fb800f2"}
,"/Users/jad/Documents/Projects/_github/joezam1/Auth_System_Nodejs/app/dataAccessLayer/mysqlDataStore/mappings/models/authrolesection.js": {"path":"/Users/jad/Documents/Projects/_github/joezam1/Auth_System_Nodejs/app/dataAccessLayer/mysqlDataStore/mappings/models/authrolesection.js","statementMap":{"0":{"start":{"line":4,"column":4},"end":{"line":4,"column":24}},"1":{"start":{"line":5,"column":0},"end":{"line":77,"column":2}},"2":{"start":{"line":14,"column":12},"end":{"line":18,"column":15}},"3":{"start":{"line":19,"column":12},"end":{"line":23,"column":15}},"4":{"start":{"line":26,"column":4},"end":{"line":75,"column":7}},"5":{"start":{"line":76,"column":4},"end":{"line":76,"column":27}}},"fnMap":{"0":{"name":"(anonymous_0)","decl":{"start":{"line":5,"column":17},"end":{"line":5,"column":18}},"loc":{"start":{"line":5,"column":43},"end":{"line":77,"column":1}},"line":5},"1":{"name":"(anonymous_1)","decl":{"start":{"line":12,"column":8},"end":{"line":12,"column":9}},"loc":{"start":{"line":12,"column":33},"end":{"line":24,"column":9}},"line":12}},"branchMap":{},"s":{"0":33,"1":33,"2":0,"3":0,"4":33,"5":33},"f":{"0":33,"1":0},"b":{},"_coverageSchema":"1a1c01bbd47fc00a2c39e90264f33305004495a9","hash":"df3717c2b030cbd16ce23d7072f08b00510b2628"}
,"/Users/jad/Documents/Projects/_github/joezam1/Auth_System_Nodejs/app/dataAccessLayer/mysqlDataStore/mappings/models/register.js": {"path":"/Users/jad/Documents/Projects/_github/joezam1/Auth_System_Nodejs/app/dataAccessLayer/mysqlDataStore/mappings/models/register.js","statementMap":{"0":{"start":{"line":4,"column":4},"end":{"line":4,"column":24}},"1":{"start":{"line":5,"column":0},"end":{"line":67,"column":2}},"2":{"start":{"line":14,"column":6},"end":{"line":17,"column":9}},"3":{"start":{"line":20,"column":2},"end":{"line":65,"column":5}},"4":{"start":{"line":66,"column":2},"end":{"line":66,"column":18}}},"fnMap":{"0":{"name":"(anonymous_0)","decl":{"start":{"line":5,"column":17},"end":{"line":5,"column":18}},"loc":{"start":{"line":5,"column":43},"end":{"line":67,"column":1}},"line":5},"1":{"name":"(anonymous_1)","decl":{"start":{"line":12,"column":4},"end":{"line":12,"column":5}},"loc":{"start":{"line":12,"column":29},"end":{"line":18,"column":5}},"line":12}},"branchMap":{},"s":{"0":33,"1":33,"2":0,"3":33,"4":33},"f":{"0":33,"1":0},"b":{},"_coverageSchema":"1a1c01bbd47fc00a2c39e90264f33305004495a9","hash":"0ef68a08d32fdd76875ef79e7f592c704d6a787b"}
,"/Users/jad/Documents/Projects/_github/joezam1/Auth_System_Nodejs/app/dataAccessLayer/mysqlDataStore/mappings/models/role.js": {"path":"/Users/jad/Documents/Projects/_github/joezam1/Auth_System_Nodejs/app/dataAccessLayer/mysqlDataStore/mappings/models/role.js","statementMap":{"0":{"start":{"line":4,"column":4},"end":{"line":4,"column":24}},"1":{"start":{"line":5,"column":0},"end":{"line":72,"column":2}},"2":{"start":{"line":14,"column":12},"end":{"line":18,"column":15}},"3":{"start":{"line":19,"column":12},"end":{"line":23,"column":15}},"4":{"start":{"line":26,"column":4},"end":{"line":70,"column":7}},"5":{"start":{"line":71,"column":4},"end":{"line":71,"column":16}}},"fnMap":{"0":{"name":"(anonymous_0)","decl":{"start":{"line":5,"column":17},"end":{"line":5,"column":18}},"loc":{"start":{"line":5,"column":43},"end":{"line":72,"column":1}},"line":5},"1":{"name":"(anonymous_1)","decl":{"start":{"line":12,"column":8},"end":{"line":12,"column":9}},"loc":{"start":{"line":12,"column":33},"end":{"line":24,"column":9}},"line":12}},"branchMap":{},"s":{"0":33,"1":33,"2":0,"3":0,"4":33,"5":33},"f":{"0":33,"1":0},"b":{},"_coverageSchema":"1a1c01bbd47fc00a2c39e90264f33305004495a9","hash":"33c1cb3a60175f0f3993374ef40522ab664e51c7"}
,"/Users/jad/Documents/Projects/_github/joezam1/Auth_System_Nodejs/app/dataAccessLayer/mysqlDataStore/mappings/models/session.js": {"path":"/Users/jad/Documents/Projects/_github/joezam1/Auth_System_Nodejs/app/dataAccessLayer/mysqlDataStore/mappings/models/session.js","statementMap":{"0":{"start":{"line":4,"column":4},"end":{"line":4,"column":24}},"1":{"start":{"line":5,"column":0},"end":{"line":76,"column":2}},"2":{"start":{"line":14,"column":12},"end":{"line":18,"column":15}},"3":{"start":{"line":21,"column":4},"end":{"line":74,"column":7}},"4":{"start":{"line":75,"column":4},"end":{"line":75,"column":19}}},"fnMap":{"0":{"name":"(anonymous_0)","decl":{"start":{"line":5,"column":17},"end":{"line":5,"column":18}},"loc":{"start":{"line":5,"column":43},"end":{"line":76,"column":1}},"line":5},"1":{"name":"(anonymous_1)","decl":{"start":{"line":12,"column":8},"end":{"line":12,"column":9}},"loc":{"start":{"line":12,"column":33},"end":{"line":19,"column":9}},"line":12}},"branchMap":{},"s":{"0":33,"1":33,"2":0,"3":33,"4":33},"f":{"0":33,"1":0},"b":{},"_coverageSchema":"1a1c01bbd47fc00a2c39e90264f33305004495a9","hash":"7f36dde4d17883aaafbb4c07ad9615589929c888"}
,"/Users/jad/Documents/Projects/_github/joezam1/Auth_System_Nodejs/app/dataAccessLayer/mysqlDataStore/mappings/models/sessionactivity.js": {"path":"/Users/jad/Documents/Projects/_github/joezam1/Auth_System_Nodejs/app/dataAccessLayer/mysqlDataStore/mappings/models/sessionactivity.js","statementMap":{"0":{"start":{"line":4,"column":4},"end":{"line":4,"column":24}},"1":{"start":{"line":5,"column":0},"end":{"line":70,"column":2}},"2":{"start":{"line":14,"column":12},"end":{"line":18,"column":15}},"3":{"start":{"line":21,"column":4},"end":{"line":68,"column":7}},"4":{"start":{"line":69,"column":4},"end":{"line":69,"column":27}}},"fnMap":{"0":{"name":"(anonymous_0)","decl":{"start":{"line":5,"column":17},"end":{"line":5,"column":18}},"loc":{"start":{"line":5,"column":43},"end":{"line":70,"column":1}},"line":5},"1":{"name":"(anonymous_1)","decl":{"start":{"line":12,"column":8},"end":{"line":12,"column":9}},"loc":{"start":{"line":12,"column":33},"end":{"line":19,"column":9}},"line":12}},"branchMap":{},"s":{"0":33,"1":33,"2":0,"3":33,"4":33},"f":{"0":33,"1":0},"b":{},"_coverageSchema":"1a1c01bbd47fc00a2c39e90264f33305004495a9","hash":"fed471b2966a1c27951e8bfe3e74e9263859228b"}
,"/Users/jad/Documents/Projects/_github/joezam1/Auth_System_Nodejs/app/dataAccessLayer/mysqlDataStore/mappings/models/token.js": {"path":"/Users/jad/Documents/Projects/_github/joezam1/Auth_System_Nodejs/app/dataAccessLayer/mysqlDataStore/mappings/models/token.js","statementMap":{"0":{"start":{"line":4,"column":4},"end":{"line":4,"column":24}},"1":{"start":{"line":5,"column":0},"end":{"line":77,"column":2}},"2":{"start":{"line":14,"column":12},"end":{"line":18,"column":15}},"3":{"start":{"line":21,"column":4},"end":{"line":75,"column":7}},"4":{"start":{"line":76,"column":4},"end":{"line":76,"column":17}}},"fnMap":{"0":{"name":"(anonymous_0)","decl":{"start":{"line":5,"column":17},"end":{"line":5,"column":18}},"loc":{"start":{"line":5,"column":43},"end":{"line":77,"column":1}},"line":5},"1":{"name":"(anonymous_1)","decl":{"start":{"line":12,"column":8},"end":{"line":12,"column":9}},"loc":{"start":{"line":12,"column":33},"end":{"line":19,"column":9}},"line":12}},"branchMap":{},"s":{"0":33,"1":33,"2":0,"3":33,"4":33},"f":{"0":33,"1":0},"b":{},"_coverageSchema":"1a1c01bbd47fc00a2c39e90264f33305004495a9","hash":"13c727c1db1f0c9155c400dd17c3503aabbeec76"}
,"/Users/jad/Documents/Projects/_github/joezam1/Auth_System_Nodejs/app/dataAccessLayer/mysqlDataStore/mappings/models/user.js": {"path":"/Users/jad/Documents/Projects/_github/joezam1/Auth_System_Nodejs/app/dataAccessLayer/mysqlDataStore/mappings/models/user.js","statementMap":{"0":{"start":{"line":4,"column":4},"end":{"line":4,"column":24}},"1":{"start":{"line":5,"column":0},"end":{"line":98,"column":2}},"2":{"start":{"line":14,"column":12},"end":{"line":18,"column":15}},"3":{"start":{"line":19,"column":12},"end":{"line":22,"column":15}},"4":{"start":{"line":23,"column":12},"end":{"line":26,"column":15}},"5":{"start":{"line":27,"column":12},"end":{"line":30,"column":15}},"6":{"start":{"line":33,"column":4},"end":{"line":96,"column":7}},"7":{"start":{"line":97,"column":4},"end":{"line":97,"column":16}}},"fnMap":{"0":{"name":"(anonymous_0)","decl":{"start":{"line":5,"column":17},"end":{"line":5,"column":18}},"loc":{"start":{"line":5,"column":43},"end":{"line":98,"column":1}},"line":5},"1":{"name":"(anonymous_1)","decl":{"start":{"line":12,"column":8},"end":{"line":12,"column":9}},"loc":{"start":{"line":12,"column":33},"end":{"line":31,"column":9}},"line":12}},"branchMap":{},"s":{"0":33,"1":33,"2":0,"3":0,"4":0,"5":0,"6":33,"7":33},"f":{"0":33,"1":0},"b":{},"_coverageSchema":"1a1c01bbd47fc00a2c39e90264f33305004495a9","hash":"23791b8574d4d66dac017f32adb3292741d10d65"}
,"/Users/jad/Documents/Projects/_github/joezam1/Auth_System_Nodejs/app/dataAccessLayer/mysqlDataStore/mappings/models/userrole.js": {"path":"/Users/jad/Documents/Projects/_github/joezam1/Auth_System_Nodejs/app/dataAccessLayer/mysqlDataStore/mappings/models/userrole.js","statementMap":{"0":{"start":{"line":4,"column":4},"end":{"line":4,"column":24}},"1":{"start":{"line":5,"column":0},"end":{"line":71,"column":2}},"2":{"start":{"line":14,"column":12},"end":{"line":18,"column":15}},"3":{"start":{"line":19,"column":12},"end":{"line":23,"column":15}},"4":{"start":{"line":26,"column":4},"end":{"line":69,"column":7}},"5":{"start":{"line":70,"column":4},"end":{"line":70,"column":20}}},"fnMap":{"0":{"name":"(anonymous_0)","decl":{"start":{"line":5,"column":17},"end":{"line":5,"column":18}},"loc":{"start":{"line":5,"column":43},"end":{"line":71,"column":1}},"line":5},"1":{"name":"(anonymous_1)","decl":{"start":{"line":12,"column":8},"end":{"line":12,"column":9}},"loc":{"start":{"line":12,"column":33},"end":{"line":24,"column":9}},"line":12}},"branchMap":{},"s":{"0":33,"1":33,"2":0,"3":0,"4":33,"5":33},"f":{"0":33,"1":0},"b":{},"_coverageSchema":"1a1c01bbd47fc00a2c39e90264f33305004495a9","hash":"69c00752e0fddff889e109e358cad60adf7331af"}
,"/Users/jad/Documents/Projects/_github/joezam1/Auth_System_Nodejs/app/dataAccessLayer/mysqlDataStore/preparedStatements/queryFactory.js": {"path":"/Users/jad/Documents/Projects/_github/joezam1/Auth_System_Nodejs/app/dataAccessLayer/mysqlDataStore/preparedStatements/queryFactory.js","statementMap":{"0":{"start":{"line":1,"column":30},"end":{"line":1,"column":95}},"1":{"start":{"line":5,"column":35},"end":{"line":20,"column":1}},"2":{"start":{"line":7,"column":24},"end":{"line":7,"column":26}},"3":{"start":{"line":8,"column":29},"end":{"line":8,"column":60}},"4":{"start":{"line":9,"column":4},"end":{"line":16,"column":5}},"5":{"start":{"line":9,"column":16},"end":{"line":9,"column":17}},"6":{"start":{"line":10,"column":8},"end":{"line":12,"column":9}},"7":{"start":{"line":11,"column":12},"end":{"line":11,"column":75}},"8":{"start":{"line":13,"column":8},"end":{"line":15,"column":9}},"9":{"start":{"line":14,"column":12},"end":{"line":14,"column":70}},"10":{"start":{"line":17,"column":20},"end":{"line":17,"column":71}},"11":{"start":{"line":19,"column":4},"end":{"line":19,"column":21}},"12":{"start":{"line":23,"column":41},"end":{"line":43,"column":1}},"13":{"start":{"line":25,"column":24},"end":{"line":25,"column":26}},"14":{"start":{"line":26,"column":29},"end":{"line":26,"column":60}},"15":{"start":{"line":27,"column":4},"end":{"line":39,"column":5}},"16":{"start":{"line":27,"column":16},"end":{"line":27,"column":17}},"17":{"start":{"line":28,"column":25},"end":{"line":29,"column":33}},"18":{"start":{"line":29,"column":12},"end":{"line":29,"column":31}},"19":{"start":{"line":30,"column":8},"end":{"line":35,"column":9}},"20":{"start":{"line":31,"column":12},"end":{"line":31,"column":75}},"21":{"start":{"line":33,"column":13},"end":{"line":35,"column":9}},"22":{"start":{"line":34,"column":12},"end":{"line":34,"column":70}},"23":{"start":{"line":36,"column":8},"end":{"line":38,"column":9}},"24":{"start":{"line":37,"column":12},"end":{"line":37,"column":36}},"25":{"start":{"line":40,"column":20},"end":{"line":40,"column":71}},"26":{"start":{"line":42,"column":4},"end":{"line":42,"column":21}},"27":{"start":{"line":46,"column":25},"end":{"line":50,"column":1}},"28":{"start":{"line":47,"column":20},"end":{"line":47,"column":48}},"29":{"start":{"line":49,"column":4},"end":{"line":49,"column":21}},"30":{"start":{"line":53,"column":28},"end":{"line":69,"column":1}},"31":{"start":{"line":55,"column":22},"end":{"line":55,"column":24}},"32":{"start":{"line":56,"column":17},"end":{"line":56,"column":19}},"33":{"start":{"line":57,"column":4},"end":{"line":65,"column":5}},"34":{"start":{"line":57,"column":16},"end":{"line":57,"column":17}},"35":{"start":{"line":58,"column":8},"end":{"line":64,"column":9}},"36":{"start":{"line":59,"column":12},"end":{"line":59,"column":64}},"37":{"start":{"line":60,"column":12},"end":{"line":60,"column":26}},"38":{"start":{"line":62,"column":12},"end":{"line":62,"column":65}},"39":{"start":{"line":63,"column":12},"end":{"line":63,"column":26}},"40":{"start":{"line":66,"column":20},"end":{"line":66,"column":87}},"41":{"start":{"line":68,"column":4},"end":{"line":68,"column":21}},"42":{"start":{"line":71,"column":27},"end":{"line":86,"column":1}},"43":{"start":{"line":73,"column":24},"end":{"line":73,"column":26}},"44":{"start":{"line":74,"column":29},"end":{"line":74,"column":60}},"45":{"start":{"line":75,"column":4},"end":{"line":82,"column":5}},"46":{"start":{"line":75,"column":16},"end":{"line":75,"column":17}},"47":{"start":{"line":76,"column":8},"end":{"line":78,"column":9}},"48":{"start":{"line":77,"column":12},"end":{"line":77,"column":75}},"49":{"start":{"line":79,"column":8},"end":{"line":81,"column":9}},"50":{"start":{"line":80,"column":12},"end":{"line":80,"column":70}},"51":{"start":{"line":83,"column":20},"end":{"line":83,"column":69}},"52":{"start":{"line":85,"column":4},"end":{"line":85,"column":21}},"53":{"start":{"line":88,"column":38},"end":{"line":116,"column":1}},"54":{"start":{"line":89,"column":24},"end":{"line":89,"column":26}},"55":{"start":{"line":90,"column":29},"end":{"line":90,"column":60}},"56":{"start":{"line":91,"column":4},"end":{"line":98,"column":5}},"57":{"start":{"line":91,"column":16},"end":{"line":91,"column":17}},"58":{"start":{"line":92,"column":8},"end":{"line":94,"column":9}},"59":{"start":{"line":93,"column":12},"end":{"line":93,"column":73}},"60":{"start":{"line":95,"column":8},"end":{"line":97,"column":9}},"61":{"start":{"line":96,"column":12},"end":{"line":96,"column":70}},"62":{"start":{"line":100,"column":35},"end":{"line":100,"column":37}},"63":{"start":{"line":101,"column":4},"end":{"line":112,"column":5}},"64":{"start":{"line":102,"column":8},"end":{"line":102,"column":46}},"65":{"start":{"line":103,"column":38},"end":{"line":103,"column":83}},"66":{"start":{"line":104,"column":8},"end":{"line":111,"column":9}},"67":{"start":{"line":104,"column":20},"end":{"line":104,"column":21}},"68":{"start":{"line":105,"column":12},"end":{"line":107,"column":13}},"69":{"start":{"line":106,"column":16},"end":{"line":106,"column":104}},"70":{"start":{"line":108,"column":12},"end":{"line":110,"column":13}},"71":{"start":{"line":109,"column":16},"end":{"line":109,"column":99}},"72":{"start":{"line":113,"column":20},"end":{"line":113,"column":90}},"73":{"start":{"line":115,"column":4},"end":{"line":115,"column":21}},"74":{"start":{"line":119,"column":33},"end":{"line":143,"column":1}},"75":{"start":{"line":121,"column":28},"end":{"line":121,"column":30}},"76":{"start":{"line":122,"column":4},"end":{"line":140,"column":5}},"77":{"start":{"line":125,"column":12},"end":{"line":125,"column":98}},"78":{"start":{"line":126,"column":12},"end":{"line":126,"column":18}},"79":{"start":{"line":129,"column":12},"end":{"line":129,"column":62}},"80":{"start":{"line":130,"column":12},"end":{"line":130,"column":18}},"81":{"start":{"line":133,"column":12},"end":{"line":133,"column":91}},"82":{"start":{"line":134,"column":12},"end":{"line":134,"column":18}},"83":{"start":{"line":137,"column":12},"end":{"line":137,"column":90}},"84":{"start":{"line":138,"column":12},"end":{"line":138,"column":18}},"85":{"start":{"line":142,"column":4},"end":{"line":142,"column":29}},"86":{"start":{"line":145,"column":14},"end":{"line":154,"column":1}},"87":{"start":{"line":156,"column":0},"end":{"line":156,"column":25}}},"fnMap":{"0":{"name":"(anonymous_0)","decl":{"start":{"line":5,"column":35},"end":{"line":5,"column":36}},"loc":{"start":{"line":5,"column":80},"end":{"line":20,"column":1}},"line":5},"1":{"name":"(anonymous_1)","decl":{"start":{"line":23,"column":41},"end":{"line":23,"column":42}},"loc":{"start":{"line":23,"column":128},"end":{"line":43,"column":1}},"line":23},"2":{"name":"(anonymous_2)","decl":{"start":{"line":28,"column":71},"end":{"line":28,"column":72}},"loc":{"start":{"line":28,"column":80},"end":{"line":29,"column":32}},"line":28},"3":{"name":"(anonymous_3)","decl":{"start":{"line":46,"column":25},"end":{"line":46,"column":26}},"loc":{"start":{"line":46,"column":44},"end":{"line":50,"column":1}},"line":46},"4":{"name":"(anonymous_4)","decl":{"start":{"line":53,"column":28},"end":{"line":53,"column":29}},"loc":{"start":{"line":53,"column":73},"end":{"line":69,"column":1}},"line":53},"5":{"name":"(anonymous_5)","decl":{"start":{"line":71,"column":27},"end":{"line":71,"column":28}},"loc":{"start":{"line":71,"column":72},"end":{"line":86,"column":1}},"line":71},"6":{"name":"(anonymous_6)","decl":{"start":{"line":88,"column":38},"end":{"line":88,"column":39}},"loc":{"start":{"line":88,"column":124},"end":{"line":116,"column":1}},"line":88},"7":{"name":"(anonymous_7)","decl":{"start":{"line":119,"column":33},"end":{"line":119,"column":34}},"loc":{"start":{"line":119,"column":108},"end":{"line":143,"column":1}},"line":119}},"branchMap":{"0":{"loc":{"start":{"line":10,"column":8},"end":{"line":12,"column":9}},"type":"if","locations":[{"start":{"line":10,"column":8},"end":{"line":12,"column":9}},{"start":{},"end":{}}],"line":10},"1":{"loc":{"start":{"line":13,"column":8},"end":{"line":15,"column":9}},"type":"if","locations":[{"start":{"line":13,"column":8},"end":{"line":15,"column":9}},{"start":{},"end":{}}],"line":13},"2":{"loc":{"start":{"line":30,"column":8},"end":{"line":35,"column":9}},"type":"if","locations":[{"start":{"line":30,"column":8},"end":{"line":35,"column":9}},{"start":{"line":33,"column":13},"end":{"line":35,"column":9}}],"line":30},"3":{"loc":{"start":{"line":33,"column":13},"end":{"line":35,"column":9}},"type":"if","locations":[{"start":{"line":33,"column":13},"end":{"line":35,"column":9}},{"start":{},"end":{}}],"line":33},"4":{"loc":{"start":{"line":36,"column":8},"end":{"line":38,"column":9}},"type":"if","locations":[{"start":{"line":36,"column":8},"end":{"line":38,"column":9}},{"start":{},"end":{}}],"line":36},"5":{"loc":{"start":{"line":58,"column":8},"end":{"line":64,"column":9}},"type":"if","locations":[{"start":{"line":58,"column":8},"end":{"line":64,"column":9}},{"start":{"line":61,"column":13},"end":{"line":64,"column":9}}],"line":58},"6":{"loc":{"start":{"line":76,"column":8},"end":{"line":78,"column":9}},"type":"if","locations":[{"start":{"line":76,"column":8},"end":{"line":78,"column":9}},{"start":{},"end":{}}],"line":76},"7":{"loc":{"start":{"line":79,"column":8},"end":{"line":81,"column":9}},"type":"if","locations":[{"start":{"line":79,"column":8},"end":{"line":81,"column":9}},{"start":{},"end":{}}],"line":79},"8":{"loc":{"start":{"line":92,"column":8},"end":{"line":94,"column":9}},"type":"if","locations":[{"start":{"line":92,"column":8},"end":{"line":94,"column":9}},{"start":{},"end":{}}],"line":92},"9":{"loc":{"start":{"line":95,"column":8},"end":{"line":97,"column":9}},"type":"if","locations":[{"start":{"line":95,"column":8},"end":{"line":97,"column":9}},{"start":{},"end":{}}],"line":95},"10":{"loc":{"start":{"line":101,"column":4},"end":{"line":112,"column":5}},"type":"if","locations":[{"start":{"line":101,"column":4},"end":{"line":112,"column":5}},{"start":{},"end":{}}],"line":101},"11":{"loc":{"start":{"line":101,"column":7},"end":{"line":101,"column":111}},"type":"binary-expr","locations":[{"start":{"line":101,"column":7},"end":{"line":101,"column":54}},{"start":{"line":101,"column":58},"end":{"line":101,"column":111}}],"line":101},"12":{"loc":{"start":{"line":105,"column":12},"end":{"line":107,"column":13}},"type":"if","locations":[{"start":{"line":105,"column":12},"end":{"line":107,"column":13}},{"start":{},"end":{}}],"line":105},"13":{"loc":{"start":{"line":108,"column":12},"end":{"line":110,"column":13}},"type":"if","locations":[{"start":{"line":108,"column":12},"end":{"line":110,"column":13}},{"start":{},"end":{}}],"line":108},"14":{"loc":{"start":{"line":122,"column":4},"end":{"line":140,"column":5}},"type":"switch","locations":[{"start":{"line":124,"column":8},"end":{"line":126,"column":18}},{"start":{"line":128,"column":8},"end":{"line":130,"column":18}},{"start":{"line":132,"column":8},"end":{"line":134,"column":18}},{"start":{"line":136,"column":8},"end":{"line":138,"column":18}}],"line":122}},"s":{"0":24,"1":24,"2":3,"3":3,"4":3,"5":3,"6":5,"7":2,"8":5,"9":3,"10":3,"11":3,"12":24,"13":2,"14":2,"15":2,"16":2,"17":6,"18":6,"19":6,"20":2,"21":4,"22":4,"23":6,"24":4,"25":2,"26":2,"27":24,"28":2,"29":2,"30":24,"31":3,"32":3,"33":3,"34":3,"35":10,"36":3,"37":3,"38":7,"39":7,"40":3,"41":3,"42":24,"43":1,"44":1,"45":1,"46":1,"47":3,"48":2,"49":3,"50":1,"51":1,"52":1,"53":24,"54":2,"55":2,"56":2,"57":2,"58":4,"59":2,"60":4,"61":2,"62":2,"63":2,"64":2,"65":2,"66":2,"67":2,"68":2,"69":0,"70":2,"71":2,"72":2,"73":2,"74":24,"75":4,"76":4,"77":2,"78":2,"79":0,"80":0,"81":2,"82":2,"83":0,"84":0,"85":4,"86":24,"87":24},"f":{"0":3,"1":2,"2":6,"3":2,"4":3,"5":1,"6":2,"7":4},"b":{"0":[2,3],"1":[3,2],"2":[2,4],"3":[4,0],"4":[4,2],"5":[3,7],"6":[2,1],"7":[1,2],"8":[2,2],"9":[2,2],"10":[2,0],"11":[2,2],"12":[0,2],"13":[2,0],"14":[2,0,2,0]},"_coverageSchema":"1a1c01bbd47fc00a2c39e90264f33305004495a9","hash":"6d316179b749da1c0e087f69e07b0b18cde86dd2"}
,"/Users/jad/Documents/Projects/_github/joezam1/Auth_System_Nodejs/app/dataAccessLayer/mysqlDataStore/preparedStatements/valueSanitizer.js": {"path":"/Users/jad/Documents/Projects/_github/joezam1/Auth_System_Nodejs/app/dataAccessLayer/mysqlDataStore/preparedStatements/valueSanitizer.js","statementMap":{"0":{"start":{"line":1,"column":16},"end":{"line":1,"column":61}},"1":{"start":{"line":2,"column":18},"end":{"line":2,"column":38}},"2":{"start":{"line":3,"column":14},"end":{"line":3,"column":31}},"3":{"start":{"line":8,"column":41},"end":{"line":24,"column":1}},"4":{"start":{"line":9,"column":23},"end":{"line":9,"column":25}},"5":{"start":{"line":11,"column":4},"end":{"line":21,"column":5}},"6":{"start":{"line":12,"column":8},"end":{"line":20,"column":9}},"7":{"start":{"line":13,"column":12},"end":{"line":19,"column":13}},"8":{"start":{"line":14,"column":16},"end":{"line":18,"column":17}},"9":{"start":{"line":15,"column":20},"end":{"line":17,"column":21}},"10":{"start":{"line":16,"column":24},"end":{"line":16,"column":70}},"11":{"start":{"line":23,"column":4},"end":{"line":23,"column":24}},"12":{"start":{"line":27,"column":25},"end":{"line":36,"column":1}},"13":{"start":{"line":28,"column":31},"end":{"line":28,"column":33}},"14":{"start":{"line":29,"column":4},"end":{"line":34,"column":5}},"15":{"start":{"line":29,"column":16},"end":{"line":29,"column":17}},"16":{"start":{"line":31,"column":18},"end":{"line":31,"column":45}},"17":{"start":{"line":32,"column":29},"end":{"line":32,"column":67}},"18":{"start":{"line":33,"column":8},"end":{"line":33,"column":50}},"19":{"start":{"line":35,"column":4},"end":{"line":35,"column":32}},"20":{"start":{"line":39,"column":14},"end":{"line":42,"column":1}},"21":{"start":{"line":44,"column":0},"end":{"line":44,"column":25}},"22":{"start":{"line":49,"column":20},"end":{"line":98,"column":1}},"23":{"start":{"line":51,"column":23},"end":{"line":51,"column":25}},"24":{"start":{"line":52,"column":25},"end":{"line":52,"column":27}},"25":{"start":{"line":53,"column":25},"end":{"line":53,"column":27}},"26":{"start":{"line":54,"column":23},"end":{"line":54,"column":68}},"27":{"start":{"line":56,"column":4},"end":{"line":95,"column":5}},"28":{"start":{"line":60,"column":12},"end":{"line":60,"column":54}},"29":{"start":{"line":61,"column":12},"end":{"line":61,"column":59}},"30":{"start":{"line":62,"column":12},"end":{"line":62,"column":91}},"31":{"start":{"line":63,"column":12},"end":{"line":63,"column":18}},"32":{"start":{"line":66,"column":32},"end":{"line":66,"column":54}},"33":{"start":{"line":67,"column":12},"end":{"line":67,"column":55}},"34":{"start":{"line":68,"column":12},"end":{"line":68,"column":61}},"35":{"start":{"line":69,"column":12},"end":{"line":69,"column":18}},"36":{"start":{"line":74,"column":30},"end":{"line":74,"column":54}},"37":{"start":{"line":75,"column":12},"end":{"line":75,"column":53}},"38":{"start":{"line":76,"column":12},"end":{"line":76,"column":61}},"39":{"start":{"line":77,"column":12},"end":{"line":77,"column":18}},"40":{"start":{"line":80,"column":12},"end":{"line":80,"column":54}},"41":{"start":{"line":81,"column":12},"end":{"line":81,"column":59}},"42":{"start":{"line":82,"column":12},"end":{"line":82,"column":91}},"43":{"start":{"line":83,"column":12},"end":{"line":83,"column":18}},"44":{"start":{"line":86,"column":12},"end":{"line":86,"column":54}},"45":{"start":{"line":87,"column":12},"end":{"line":87,"column":61}},"46":{"start":{"line":88,"column":12},"end":{"line":88,"column":18}},"47":{"start":{"line":91,"column":12},"end":{"line":91,"column":54}},"48":{"start":{"line":92,"column":38},"end":{"line":92,"column":69}},"49":{"start":{"line":93,"column":12},"end":{"line":93,"column":62}},"50":{"start":{"line":94,"column":12},"end":{"line":94,"column":18}},"51":{"start":{"line":97,"column":4},"end":{"line":97,"column":26}},"52":{"start":{"line":101,"column":24},"end":{"line":101,"column":52}},"53":{"start":{"line":102,"column":23},"end":{"line":102,"column":59}},"54":{"start":{"line":103,"column":4},"end":{"line":103,"column":24}}},"fnMap":{"0":{"name":"(anonymous_0)","decl":{"start":{"line":8,"column":41},"end":{"line":8,"column":42}},"loc":{"start":{"line":8,"column":76},"end":{"line":24,"column":1}},"line":8},"1":{"name":"(anonymous_1)","decl":{"start":{"line":27,"column":25},"end":{"line":27,"column":26}},"loc":{"start":{"line":27,"column":59},"end":{"line":36,"column":1}},"line":27},"2":{"name":"(anonymous_2)","decl":{"start":{"line":49,"column":20},"end":{"line":49,"column":21}},"loc":{"start":{"line":49,"column":65},"end":{"line":98,"column":1}},"line":49},"3":{"name":"removeExtraQuotes","decl":{"start":{"line":100,"column":9},"end":{"line":100,"column":26}},"loc":{"start":{"line":100,"column":33},"end":{"line":104,"column":1}},"line":100}},"branchMap":{"0":{"loc":{"start":{"line":12,"column":8},"end":{"line":20,"column":9}},"type":"if","locations":[{"start":{"line":12,"column":8},"end":{"line":20,"column":9}},{"start":{},"end":{}}],"line":12},"1":{"loc":{"start":{"line":14,"column":16},"end":{"line":18,"column":17}},"type":"if","locations":[{"start":{"line":14,"column":16},"end":{"line":18,"column":17}},{"start":{},"end":{}}],"line":14},"2":{"loc":{"start":{"line":14,"column":19},"end":{"line":14,"column":99}},"type":"binary-expr","locations":[{"start":{"line":14,"column":19},"end":{"line":14,"column":66}},{"start":{"line":14,"column":70},"end":{"line":14,"column":99}}],"line":14},"3":{"loc":{"start":{"line":15,"column":20},"end":{"line":17,"column":21}},"type":"if","locations":[{"start":{"line":15,"column":20},"end":{"line":17,"column":21}},{"start":{},"end":{}}],"line":15},"4":{"loc":{"start":{"line":56,"column":4},"end":{"line":95,"column":5}},"type":"switch","locations":[{"start":{"line":58,"column":8},"end":{"line":58,"column":44}},{"start":{"line":59,"column":8},"end":{"line":63,"column":18}},{"start":{"line":65,"column":8},"end":{"line":69,"column":18}},{"start":{"line":71,"column":8},"end":{"line":71,"column":45}},{"start":{"line":72,"column":8},"end":{"line":72,"column":44}},{"start":{"line":73,"column":8},"end":{"line":77,"column":18}},{"start":{"line":79,"column":8},"end":{"line":83,"column":18}},{"start":{"line":85,"column":8},"end":{"line":88,"column":18}},{"start":{"line":90,"column":8},"end":{"line":94,"column":18}}],"line":56},"5":{"loc":{"start":{"line":62,"column":29},"end":{"line":62,"column":90}},"type":"cond-expr","locations":[{"start":{"line":62,"column":72},"end":{"line":62,"column":76}},{"start":{"line":62,"column":78},"end":{"line":62,"column":90}}],"line":62},"6":{"loc":{"start":{"line":82,"column":29},"end":{"line":82,"column":90}},"type":"cond-expr","locations":[{"start":{"line":82,"column":72},"end":{"line":82,"column":76}},{"start":{"line":82,"column":78},"end":{"line":82,"column":90}}],"line":82}},"s":{"0":21,"1":21,"2":21,"3":21,"4":7,"5":7,"6":18,"7":18,"8":118,"9":13,"10":12,"11":7,"12":21,"13":6,"14":6,"15":6,"16":13,"17":13,"18":13,"19":6,"20":21,"21":21,"22":21,"23":13,"24":13,"25":13,"26":13,"27":13,"28":7,"29":7,"30":7,"31":7,"32":0,"33":0,"34":0,"35":0,"36":0,"37":0,"38":0,"39":0,"40":1,"41":1,"42":1,"43":1,"44":4,"45":4,"46":4,"47":1,"48":1,"49":1,"50":1,"51":13,"52":13,"53":13,"54":13},"f":{"0":7,"1":6,"2":13,"3":13},"b":{"0":[18,0],"1":[13,105],"2":[118,118],"3":[12,1],"4":[3,7,0,0,0,0,1,4,1],"5":[1,6],"6":[0,1]},"_coverageSchema":"1a1c01bbd47fc00a2c39e90264f33305004495a9","hash":"1b84bcf0765678d46b7ad3053ce999648ce1dc6f"}
,"/Users/jad/Documents/Projects/_github/joezam1/Auth_System_Nodejs/app/dataAccessLayer/repositories/registerRepository.js": {"path":"/Users/jad/Documents/Projects/_github/joezam1/Auth_System_Nodejs/app/dataAccessLayer/repositories/registerRepository.js","statementMap":{"0":{"start":{"line":1,"column":18},"end":{"line":1,"column":67}},"1":{"start":{"line":2,"column":16},"end":{"line":2,"column":58}},"2":{"start":{"line":3,"column":26},"end":{"line":3,"column":59}},"3":{"start":{"line":4,"column":30},"end":{"line":4,"column":92}},"4":{"start":{"line":5,"column":33},"end":{"line":5,"column":73}},"5":{"start":{"line":7,"column":14},"end":{"line":7,"column":18}},"6":{"start":{"line":8,"column":24},"end":{"line":8,"column":28}},"7":{"start":{"line":11,"column":46},"end":{"line":18,"column":1}},"8":{"start":{"line":12,"column":27},"end":{"line":12,"column":108}},"9":{"start":{"line":13,"column":26},"end":{"line":13,"column":93}},"10":{"start":{"line":14,"column":26},"end":{"line":14,"column":184}},"11":{"start":{"line":16,"column":4},"end":{"line":16,"column":27}},"12":{"start":{"line":20,"column":0},"end":{"line":20,"column":9}},"13":{"start":{"line":22,"column":15},"end":{"line":24,"column":1}},"14":{"start":{"line":25,"column":0},"end":{"line":25,"column":26}},"15":{"start":{"line":30,"column":4},"end":{"line":30,"column":46}},"16":{"start":{"line":31,"column":4},"end":{"line":31,"column":101}}},"fnMap":{"0":{"name":"(anonymous_0)","decl":{"start":{"line":11,"column":46},"end":{"line":11,"column":47}},"loc":{"start":{"line":11,"column":97},"end":{"line":18,"column":1}},"line":11},"1":{"name":"onInit","decl":{"start":{"line":29,"column":9},"end":{"line":29,"column":15}},"loc":{"start":{"line":29,"column":17},"end":{"line":32,"column":1}},"line":29}},"branchMap":{},"s":{"0":3,"1":3,"2":3,"3":3,"4":3,"5":3,"6":3,"7":3,"8":1,"9":1,"10":1,"11":1,"12":3,"13":3,"14":3,"15":3,"16":3},"f":{"0":1,"1":3},"b":{},"_coverageSchema":"1a1c01bbd47fc00a2c39e90264f33305004495a9","hash":"e0d7bdb7a5795172b64351d31e5768640c245729"}
,"/Users/jad/Documents/Projects/_github/joezam1/Auth_System_Nodejs/app/dataAccessLayer/repositories/registerRepositoryHelper.js": {"path":"/Users/jad/Documents/Projects/_github/joezam1/Auth_System_Nodejs/app/dataAccessLayer/repositories/registerRepositoryHelper.js","statementMap":{"0":{"start":{"line":1,"column":16},"end":{"line":1,"column":58}},"1":{"start":{"line":2,"column":18},"end":{"line":2,"column":67}},"2":{"start":{"line":4,"column":14},"end":{"line":4,"column":18}},"3":{"start":{"line":6,"column":44},"end":{"line":24,"column":1}},"4":{"start":{"line":7,"column":18},"end":{"line":7,"column":28}},"5":{"start":{"line":8,"column":33},"end":{"line":10,"column":51}},"6":{"start":{"line":10,"column":53},"end":{"line":10,"column":102}},"7":{"start":{"line":12,"column":23},"end":{"line":12,"column":53}},"8":{"start":{"line":13,"column":4},"end":{"line":13,"column":86}},"9":{"start":{"line":14,"column":4},"end":{"line":14,"column":112}},"10":{"start":{"line":15,"column":4},"end":{"line":15,"column":78}},"11":{"start":{"line":16,"column":4},"end":{"line":16,"column":104}},"12":{"start":{"line":17,"column":4},"end":{"line":17,"column":71}},"13":{"start":{"line":18,"column":4},"end":{"line":18,"column":108}},"14":{"start":{"line":19,"column":4},"end":{"line":19,"column":111}},"15":{"start":{"line":20,"column":4},"end":{"line":20,"column":120}},"16":{"start":{"line":22,"column":27},"end":{"line":22,"column":81}},"17":{"start":{"line":23,"column":4},"end":{"line":23,"column":28}},"18":{"start":{"line":26,"column":0},"end":{"line":26,"column":9}},"19":{"start":{"line":28,"column":16},"end":{"line":30,"column":1}},"20":{"start":{"line":32,"column":0},"end":{"line":32,"column":25}},"21":{"start":{"line":36,"column":4},"end":{"line":36,"column":46}},"22":{"start":{"line":37,"column":4},"end":{"line":37,"column":101}}},"fnMap":{"0":{"name":"(anonymous_0)","decl":{"start":{"line":6,"column":44},"end":{"line":6,"column":45}},"loc":{"start":{"line":6,"column":73},"end":{"line":24,"column":1}},"line":6},"1":{"name":"onInit","decl":{"start":{"line":35,"column":9},"end":{"line":35,"column":15}},"loc":{"start":{"line":35,"column":17},"end":{"line":38,"column":1}},"line":35}},"branchMap":{"0":{"loc":{"start":{"line":8,"column":33},"end":{"line":10,"column":51}},"type":"cond-expr","locations":[{"start":{"line":9,"column":6},"end":{"line":9,"column":53}},{"start":{"line":10,"column":6},"end":{"line":10,"column":51}}],"line":8}},"s":{"0":4,"1":4,"2":4,"3":4,"4":2,"5":2,"6":2,"7":2,"8":2,"9":2,"10":2,"11":2,"12":2,"13":2,"14":2,"15":2,"16":2,"17":2,"18":4,"19":4,"20":4,"21":4,"22":4},"f":{"0":2,"1":4},"b":{"0":[2,0]},"_coverageSchema":"1a1c01bbd47fc00a2c39e90264f33305004495a9","hash":"c1d1c9ca617c416926b40184df957002305d5494"}
,"/Users/jad/Documents/Projects/_github/joezam1/Auth_System_Nodejs/app/dataAccessLayer/repositories/repositoryManager.js": {"path":"/Users/jad/Documents/Projects/_github/joezam1/Auth_System_Nodejs/app/dataAccessLayer/repositories/repositoryManager.js","statementMap":{"0":{"start":{"line":1,"column":21},"end":{"line":1,"column":84}},"1":{"start":{"line":2,"column":23},"end":{"line":2,"column":88}},"2":{"start":{"line":3,"column":17},"end":{"line":3,"column":65}},"3":{"start":{"line":6,"column":30},"end":{"line":14,"column":1}},"4":{"start":{"line":7,"column":32},"end":{"line":7,"column":98}},"5":{"start":{"line":8,"column":25},"end":{"line":8,"column":126}},"6":{"start":{"line":10,"column":26},"end":{"line":10,"column":82}},"7":{"start":{"line":11,"column":26},"end":{"line":11,"column":95}},"8":{"start":{"line":13,"column":4},"end":{"line":13,"column":27}},"9":{"start":{"line":16,"column":46},"end":{"line":24,"column":1}},"10":{"start":{"line":17,"column":32},"end":{"line":17,"column":98}},"11":{"start":{"line":18,"column":25},"end":{"line":18,"column":126}},"12":{"start":{"line":20,"column":26},"end":{"line":20,"column":82}},"13":{"start":{"line":21,"column":26},"end":{"line":21,"column":127}},"14":{"start":{"line":23,"column":4},"end":{"line":23,"column":27}},"15":{"start":{"line":26,"column":52},"end":{"line":43,"column":1}},"16":{"start":{"line":27,"column":4},"end":{"line":42,"column":5}},"17":{"start":{"line":28,"column":36},"end":{"line":28,"column":102}},"18":{"start":{"line":29,"column":50},"end":{"line":29,"column":131}},"19":{"start":{"line":31,"column":29},"end":{"line":31,"column":144}},"20":{"start":{"line":32,"column":8},"end":{"line":32,"column":101}},"21":{"start":{"line":33,"column":30},"end":{"line":33,"column":86}},"22":{"start":{"line":34,"column":30},"end":{"line":34,"column":99}},"23":{"start":{"line":36,"column":8},"end":{"line":36,"column":31}},"24":{"start":{"line":39,"column":8},"end":{"line":39,"column":108}},"25":{"start":{"line":40,"column":8},"end":{"line":40,"column":27}},"26":{"start":{"line":41,"column":8},"end":{"line":41,"column":32}},"27":{"start":{"line":45,"column":58},"end":{"line":54,"column":1}},"28":{"start":{"line":47,"column":29},"end":{"line":47,"column":91}},"29":{"start":{"line":48,"column":25},"end":{"line":48,"column":139}},"30":{"start":{"line":49,"column":32},"end":{"line":49,"column":116}},"31":{"start":{"line":50,"column":26},"end":{"line":50,"column":82}},"32":{"start":{"line":51,"column":26},"end":{"line":51,"column":95}},"33":{"start":{"line":53,"column":4},"end":{"line":53,"column":27}},"34":{"start":{"line":59,"column":16},"end":{"line":64,"column":1}},"35":{"start":{"line":66,"column":0},"end":{"line":66,"column":25}},"36":{"start":{"line":69,"column":25},"end":{"line":69,"column":27}},"37":{"start":{"line":70,"column":4},"end":{"line":74,"column":5}},"38":{"start":{"line":70,"column":14},"end":{"line":70,"column":15}},"39":{"start":{"line":71,"column":8},"end":{"line":73,"column":9}},"40":{"start":{"line":72,"column":12},"end":{"line":72,"column":35}},"41":{"start":{"line":75,"column":4},"end":{"line":75,"column":26}}},"fnMap":{"0":{"name":"(anonymous_0)","decl":{"start":{"line":6,"column":30},"end":{"line":6,"column":31}},"loc":{"start":{"line":6,"column":102},"end":{"line":14,"column":1}},"line":6},"1":{"name":"(anonymous_1)","decl":{"start":{"line":16,"column":46},"end":{"line":16,"column":47}},"loc":{"start":{"line":16,"column":132},"end":{"line":24,"column":1}},"line":16},"2":{"name":"(anonymous_2)","decl":{"start":{"line":26,"column":52},"end":{"line":26,"column":53}},"loc":{"start":{"line":26,"column":126},"end":{"line":43,"column":1}},"line":26},"3":{"name":"(anonymous_3)","decl":{"start":{"line":45,"column":58},"end":{"line":45,"column":59}},"loc":{"start":{"line":45,"column":118},"end":{"line":54,"column":1}},"line":45},"4":{"name":"getNullValuesIndexPositions","decl":{"start":{"line":68,"column":9},"end":{"line":68,"column":36}},"loc":{"start":{"line":68,"column":53},"end":{"line":76,"column":1}},"line":68}},"branchMap":{"0":{"loc":{"start":{"line":71,"column":8},"end":{"line":73,"column":9}},"type":"if","locations":[{"start":{"line":71,"column":8},"end":{"line":73,"column":9}},{"start":{},"end":{}}],"line":71}},"s":{"0":20,"1":20,"2":20,"3":20,"4":1,"5":1,"6":1,"7":1,"8":1,"9":20,"10":2,"11":2,"12":2,"13":2,"14":2,"15":20,"16":1,"17":1,"18":1,"19":1,"20":1,"21":1,"22":1,"23":1,"24":0,"25":0,"26":0,"27":20,"28":1,"29":1,"30":1,"31":1,"32":1,"33":1,"34":20,"35":20,"36":1,"37":1,"38":1,"39":3,"40":1,"41":1},"f":{"0":1,"1":2,"2":1,"3":1,"4":1},"b":{"0":[1,2]},"_coverageSchema":"1a1c01bbd47fc00a2c39e90264f33305004495a9","hash":"97778597655a4ab86b288da521cb8d4561c1c043"}
,"/Users/jad/Documents/Projects/_github/joezam1/Auth_System_Nodejs/app/dataAccessLayer/repositories/roleRepository.js": {"path":"/Users/jad/Documents/Projects/_github/joezam1/Auth_System_Nodejs/app/dataAccessLayer/repositories/roleRepository.js","statementMap":{"0":{"start":{"line":1,"column":18},"end":{"line":1,"column":67}},"1":{"start":{"line":2,"column":17},"end":{"line":2,"column":65}},"2":{"start":{"line":3,"column":21},"end":{"line":3,"column":84}},"3":{"start":{"line":4,"column":29},"end":{"line":4,"column":79}},"4":{"start":{"line":6,"column":14},"end":{"line":6,"column":16}},"5":{"start":{"line":7,"column":20},"end":{"line":7,"column":22}},"6":{"start":{"line":10,"column":23},"end":{"line":20,"column":1}},"7":{"start":{"line":11,"column":26},"end":{"line":11,"column":72}},"8":{"start":{"line":12,"column":26},"end":{"line":12,"column":79}},"9":{"start":{"line":13,"column":4},"end":{"line":15,"column":5}},"10":{"start":{"line":14,"column":8},"end":{"line":14,"column":31}},"11":{"start":{"line":17,"column":25},"end":{"line":17,"column":100}},"12":{"start":{"line":19,"column":4},"end":{"line":19,"column":26}},"13":{"start":{"line":22,"column":0},"end":{"line":22,"column":9}},"14":{"start":{"line":24,"column":14},"end":{"line":26,"column":1}},"15":{"start":{"line":28,"column":0},"end":{"line":28,"column":25}},"16":{"start":{"line":33,"column":4},"end":{"line":33,"column":46}},"17":{"start":{"line":34,"column":18},"end":{"line":34,"column":38}},"18":{"start":{"line":35,"column":4},"end":{"line":35,"column":80}}},"fnMap":{"0":{"name":"(anonymous_0)","decl":{"start":{"line":10,"column":23},"end":{"line":10,"column":24}},"loc":{"start":{"line":10,"column":39},"end":{"line":20,"column":1}},"line":10},"1":{"name":"onInit","decl":{"start":{"line":32,"column":9},"end":{"line":32,"column":15}},"loc":{"start":{"line":32,"column":17},"end":{"line":36,"column":1}},"line":32}},"branchMap":{"0":{"loc":{"start":{"line":13,"column":4},"end":{"line":15,"column":5}},"type":"if","locations":[{"start":{"line":13,"column":4},"end":{"line":15,"column":5}},{"start":{},"end":{}}],"line":13}},"s":{"0":9,"1":9,"2":9,"3":9,"4":9,"5":9,"6":9,"7":1,"8":1,"9":1,"10":0,"11":1,"12":1,"13":9,"14":9,"15":9,"16":9,"17":9,"18":9},"f":{"0":1,"1":9},"b":{"0":[0,1]},"_coverageSchema":"1a1c01bbd47fc00a2c39e90264f33305004495a9","hash":"e98962d9eb07b38acf28da273c6378f131753650"}
,"/Users/jad/Documents/Projects/_github/joezam1/Auth_System_Nodejs/app/dataAccessLayer/repositories/roleRepositoryHelper.js": {"path":"/Users/jad/Documents/Projects/_github/joezam1/Auth_System_Nodejs/app/dataAccessLayer/repositories/roleRepositoryHelper.js","statementMap":{"0":{"start":{"line":2,"column":18},"end":{"line":2,"column":67}},"1":{"start":{"line":3,"column":24},"end":{"line":3,"column":73}},"2":{"start":{"line":5,"column":14},"end":{"line":5,"column":18}},"3":{"start":{"line":9,"column":43},"end":{"line":17,"column":1}},"4":{"start":{"line":10,"column":20},"end":{"line":10,"column":41}},"5":{"start":{"line":11,"column":4},"end":{"line":11,"column":51}},"6":{"start":{"line":12,"column":4},"end":{"line":12,"column":47}},"7":{"start":{"line":13,"column":4},"end":{"line":13,"column":61}},"8":{"start":{"line":14,"column":4},"end":{"line":14,"column":65}},"9":{"start":{"line":16,"column":4},"end":{"line":16,"column":21}},"10":{"start":{"line":20,"column":43},"end":{"line":38,"column":1}},"11":{"start":{"line":21,"column":19},"end":{"line":21,"column":21}},"12":{"start":{"line":22,"column":4},"end":{"line":35,"column":5}},"13":{"start":{"line":22,"column":16},"end":{"line":22,"column":17}},"14":{"start":{"line":23,"column":27},"end":{"line":23,"column":49}},"15":{"start":{"line":24,"column":28},"end":{"line":24,"column":54}},"16":{"start":{"line":25,"column":8},"end":{"line":25,"column":71}},"17":{"start":{"line":26,"column":8},"end":{"line":26,"column":77}},"18":{"start":{"line":27,"column":8},"end":{"line":27,"column":67}},"19":{"start":{"line":28,"column":8},"end":{"line":28,"column":81}},"20":{"start":{"line":29,"column":8},"end":{"line":29,"column":83}},"21":{"start":{"line":30,"column":8},"end":{"line":30,"column":87}},"22":{"start":{"line":31,"column":8},"end":{"line":31,"column":87}},"23":{"start":{"line":33,"column":31},"end":{"line":33,"column":86}},"24":{"start":{"line":34,"column":8},"end":{"line":34,"column":40}},"25":{"start":{"line":37,"column":4},"end":{"line":37,"column":20}},"26":{"start":{"line":40,"column":0},"end":{"line":40,"column":9}},"27":{"start":{"line":41,"column":16},"end":{"line":44,"column":1}},"28":{"start":{"line":46,"column":0},"end":{"line":46,"column":25}},"29":{"start":{"line":50,"column":4},"end":{"line":50,"column":46}}},"fnMap":{"0":{"name":"(anonymous_0)","decl":{"start":{"line":9,"column":43},"end":{"line":9,"column":44}},"loc":{"start":{"line":9,"column":66},"end":{"line":17,"column":1}},"line":9},"1":{"name":"(anonymous_1)","decl":{"start":{"line":20,"column":43},"end":{"line":20,"column":44}},"loc":{"start":{"line":20,"column":72},"end":{"line":38,"column":1}},"line":20},"2":{"name":"onInit","decl":{"start":{"line":49,"column":9},"end":{"line":49,"column":15}},"loc":{"start":{"line":49,"column":17},"end":{"line":51,"column":1}},"line":49}},"branchMap":{},"s":{"0":11,"1":11,"2":11,"3":11,"4":1,"5":1,"6":1,"7":1,"8":1,"9":1,"10":11,"11":2,"12":2,"13":2,"14":5,"15":5,"16":5,"17":5,"18":5,"19":5,"20":5,"21":5,"22":5,"23":5,"24":5,"25":2,"26":11,"27":11,"28":11,"29":11},"f":{"0":1,"1":2,"2":11},"b":{},"_coverageSchema":"1a1c01bbd47fc00a2c39e90264f33305004495a9","hash":"58d0967cc890bce9ed47ac72131c8f295d4d976c"}
,"/Users/jad/Documents/Projects/_github/joezam1/Auth_System_Nodejs/app/dataAccessLayer/repositories/sessionRepository.js": {"path":"/Users/jad/Documents/Projects/_github/joezam1/Auth_System_Nodejs/app/dataAccessLayer/repositories/sessionRepository.js","statementMap":{"0":{"start":{"line":1,"column":18},"end":{"line":1,"column":67}},"1":{"start":{"line":2,"column":16},"end":{"line":2,"column":58}},"2":{"start":{"line":3,"column":26},"end":{"line":3,"column":59}},"3":{"start":{"line":4,"column":30},"end":{"line":4,"column":92}},"4":{"start":{"line":6,"column":32},"end":{"line":6,"column":85}},"5":{"start":{"line":10,"column":14},"end":{"line":10,"column":18}},"6":{"start":{"line":11,"column":23},"end":{"line":11,"column":27}},"7":{"start":{"line":12,"column":31},"end":{"line":12,"column":35}},"8":{"start":{"line":16,"column":45},"end":{"line":30,"column":1}},"9":{"start":{"line":20,"column":26},"end":{"line":20,"column":104}},"10":{"start":{"line":22,"column":26},"end":{"line":22,"column":92}},"11":{"start":{"line":24,"column":26},"end":{"line":24,"column":183}},"12":{"start":{"line":25,"column":4},"end":{"line":25,"column":52}},"13":{"start":{"line":26,"column":4},"end":{"line":29,"column":7}},"14":{"start":{"line":32,"column":52},"end":{"line":42,"column":1}},"15":{"start":{"line":33,"column":4},"end":{"line":33,"column":74}},"16":{"start":{"line":34,"column":34},"end":{"line":34,"column":128}},"17":{"start":{"line":35,"column":4},"end":{"line":35,"column":66}},"18":{"start":{"line":36,"column":4},"end":{"line":36,"column":55}},"19":{"start":{"line":37,"column":26},"end":{"line":37,"column":100}},"20":{"start":{"line":39,"column":26},"end":{"line":39,"column":191}},"21":{"start":{"line":41,"column":4},"end":{"line":41,"column":27}},"22":{"start":{"line":45,"column":34},"end":{"line":59,"column":1}},"23":{"start":{"line":48,"column":26},"end":{"line":48,"column":104}},"24":{"start":{"line":49,"column":26},"end":{"line":49,"column":56}},"25":{"start":{"line":51,"column":26},"end":{"line":51,"column":158}},"26":{"start":{"line":53,"column":4},"end":{"line":55,"column":5}},"27":{"start":{"line":54,"column":8},"end":{"line":54,"column":31}},"28":{"start":{"line":56,"column":27},"end":{"line":56,"column":108}},"29":{"start":{"line":58,"column":4},"end":{"line":58,"column":28}},"30":{"start":{"line":61,"column":37},"end":{"line":68,"column":1}},"31":{"start":{"line":62,"column":26},"end":{"line":62,"column":104}},"32":{"start":{"line":63,"column":26},"end":{"line":63,"column":56}},"33":{"start":{"line":65,"column":26},"end":{"line":65,"column":150}},"34":{"start":{"line":67,"column":4},"end":{"line":67,"column":27}},"35":{"start":{"line":70,"column":50},"end":{"line":78,"column":1}},"36":{"start":{"line":72,"column":26},"end":{"line":72,"column":104}},"37":{"start":{"line":73,"column":26},"end":{"line":73,"column":56}},"38":{"start":{"line":74,"column":37},"end":{"line":74,"column":66}},"39":{"start":{"line":75,"column":26},"end":{"line":75,"column":157}},"40":{"start":{"line":77,"column":4},"end":{"line":77,"column":27}},"41":{"start":{"line":80,"column":44},"end":{"line":96,"column":1}},"42":{"start":{"line":83,"column":34},"end":{"line":83,"column":128}},"43":{"start":{"line":84,"column":4},"end":{"line":84,"column":74}},"44":{"start":{"line":85,"column":4},"end":{"line":85,"column":55}},"45":{"start":{"line":87,"column":26},"end":{"line":87,"column":171}},"46":{"start":{"line":88,"column":26},"end":{"line":88,"column":143}},"47":{"start":{"line":90,"column":4},"end":{"line":92,"column":5}},"48":{"start":{"line":91,"column":8},"end":{"line":91,"column":31}},"49":{"start":{"line":93,"column":42},"end":{"line":93,"column":132}},"50":{"start":{"line":95,"column":4},"end":{"line":95,"column":43}},"51":{"start":{"line":98,"column":60},"end":{"line":105,"column":1}},"52":{"start":{"line":99,"column":34},"end":{"line":99,"column":128}},"53":{"start":{"line":100,"column":26},"end":{"line":100,"column":65}},"54":{"start":{"line":101,"column":37},"end":{"line":101,"column":82}},"55":{"start":{"line":102,"column":26},"end":{"line":102,"column":165}},"56":{"start":{"line":104,"column":4},"end":{"line":104,"column":27}},"57":{"start":{"line":107,"column":0},"end":{"line":107,"column":9}},"58":{"start":{"line":108,"column":16},"end":{"line":116,"column":1}},"59":{"start":{"line":118,"column":0},"end":{"line":118,"column":25}},"60":{"start":{"line":123,"column":4},"end":{"line":123,"column":46}},"61":{"start":{"line":124,"column":4},"end":{"line":124,"column":99}},"62":{"start":{"line":125,"column":4},"end":{"line":125,"column":115}}},"fnMap":{"0":{"name":"(anonymous_0)","decl":{"start":{"line":16,"column":45},"end":{"line":16,"column":46}},"loc":{"start":{"line":16,"column":99},"end":{"line":30,"column":1}},"line":16},"1":{"name":"(anonymous_1)","decl":{"start":{"line":32,"column":52},"end":{"line":32,"column":53}},"loc":{"start":{"line":32,"column":130},"end":{"line":42,"column":1}},"line":32},"2":{"name":"(anonymous_2)","decl":{"start":{"line":45,"column":34},"end":{"line":45,"column":35}},"loc":{"start":{"line":45,"column":68},"end":{"line":59,"column":1}},"line":45},"3":{"name":"(anonymous_3)","decl":{"start":{"line":61,"column":37},"end":{"line":61,"column":38}},"loc":{"start":{"line":61,"column":71},"end":{"line":68,"column":1}},"line":61},"4":{"name":"(anonymous_4)","decl":{"start":{"line":70,"column":50},"end":{"line":70,"column":51}},"loc":{"start":{"line":70,"column":84},"end":{"line":78,"column":1}},"line":70},"5":{"name":"(anonymous_5)","decl":{"start":{"line":80,"column":44},"end":{"line":80,"column":45}},"loc":{"start":{"line":80,"column":114},"end":{"line":96,"column":1}},"line":80},"6":{"name":"(anonymous_6)","decl":{"start":{"line":98,"column":60},"end":{"line":98,"column":61}},"loc":{"start":{"line":98,"column":102},"end":{"line":105,"column":1}},"line":98},"7":{"name":"onInit","decl":{"start":{"line":122,"column":9},"end":{"line":122,"column":15}},"loc":{"start":{"line":122,"column":17},"end":{"line":126,"column":1}},"line":122}},"branchMap":{"0":{"loc":{"start":{"line":53,"column":4},"end":{"line":55,"column":5}},"type":"if","locations":[{"start":{"line":53,"column":4},"end":{"line":55,"column":5}},{"start":{},"end":{}}],"line":53},"1":{"loc":{"start":{"line":90,"column":4},"end":{"line":92,"column":5}},"type":"if","locations":[{"start":{"line":90,"column":4},"end":{"line":92,"column":5}},{"start":{},"end":{}}],"line":90}},"s":{"0":6,"1":6,"2":6,"3":6,"4":6,"5":6,"6":6,"7":6,"8":6,"9":1,"10":1,"11":1,"12":1,"13":1,"14":6,"15":1,"16":1,"17":1,"18":1,"19":1,"20":1,"21":1,"22":6,"23":1,"24":1,"25":1,"26":1,"27":0,"28":1,"29":1,"30":6,"31":1,"32":1,"33":1,"34":1,"35":6,"36":1,"37":1,"38":1,"39":1,"40":1,"41":6,"42":1,"43":1,"44":1,"45":1,"46":1,"47":1,"48":0,"49":1,"50":1,"51":6,"52":1,"53":1,"54":1,"55":1,"56":1,"57":6,"58":6,"59":6,"60":6,"61":6,"62":6},"f":{"0":1,"1":1,"2":1,"3":1,"4":1,"5":1,"6":1,"7":6},"b":{"0":[0,1],"1":[0,1]},"_coverage
[...]
ne":23,"column":9}},{"start":{},"end":{}}],"line":20},"2":{"loc":{"start":{"line":20,"column":11},"end":{"line":20,"column":102}},"type":"binary-expr","locations":[{"start":{"line":20,"column":11},"end":{"line":20,"column":51}},{"start":{"line":20,"column":55},"end":{"line":20,"column":102}}],"line":20},"3":{"loc":{"start":{"line":32,"column":8},"end":{"line":65,"column":9}},"type":"if","locations":[{"start":{"line":32,"column":8},"end":{"line":65,"column":9}},{"start":{},"end":{}}],"line":32},"4":{"loc":{"start":{"line":34,"column":12},"end":{"line":64,"column":13}},"type":"switch","locations":[{"start":{"line":35,"column":16},"end":{"line":39,"column":22}},{"start":{"line":41,"column":16},"end":{"line":45,"column":22}},{"start":{"line":47,"column":16},"end":{"line":51,"column":22}},{"start":{"line":53,"column":16},"end":{"line":57,"column":22}},{"start":{"line":59,"column":16},"end":{"line":63,"column":22}}],"line":34},"5":{"loc":{"start":{"line":36,"column":16},"end":{"line":38,"column":17}},"type":"if","locations":[{"start":{"line":36,"column":16},"end":{"line":38,"column":17}},{"start":{},"end":{}}],"line":36},"6":{"loc":{"start":{"line":42,"column":16},"end":{"line":44,"column":17}},"type":"if","locations":[{"start":{"line":42,"column":16},"end":{"line":44,"column":17}},{"start":{},"end":{}}],"line":42},"7":{"loc":{"start":{"line":48,"column":16},"end":{"line":50,"column":17}},"type":"if","locations":[{"start":{"line":48,"column":16},"end":{"line":50,"column":17}},{"start":{},"end":{}}],"line":48},"8":{"loc":{"start":{"line":54,"column":16},"end":{"line":56,"column":17}},"type":"if","locations":[{"start":{"line":54,"column":16},"end":{"line":56,"column":17}},{"start":{},"end":{}}],"line":54},"9":{"loc":{"start":{"line":60,"column":16},"end":{"line":62,"column":17}},"type":"if","locations":[{"start":{"line":60,"column":16},"end":{"line":62,"column":17}},{"start":{},"end":{}}],"line":60},"10":{"loc":{"start":{"line":75,"column":8},"end":{"line":117,"column":9}},"type":"if","locations":[{"start":{"line":75,"column":8},"end":{"line":117,"column":9}},{"start":{},"end":{}}],"line":75},"11":{"loc":{"start":{"line":77,"column":12},"end":{"line":116,"column":13}},"type":"if","locations":[{"start":{"line":77,"column":12},"end":{"line":116,"column":13}},{"start":{"line":85,"column":17},"end":{"line":116,"column":13}}],"line":77},"12":{"loc":{"start":{"line":79,"column":16},"end":{"line":82,"column":17}},"type":"if","locations":[{"start":{"line":79,"column":16},"end":{"line":82,"column":17}},{"start":{},"end":{}}],"line":79},"13":{"loc":{"start":{"line":85,"column":17},"end":{"line":116,"column":13}},"type":"if","locations":[{"start":{"line":85,"column":17},"end":{"line":116,"column":13}},{"start":{"line":94,"column":17},"end":{"line":116,"column":13}}],"line":85},"14":{"loc":{"start":{"line":87,"column":16},"end":{"line":90,"column":17}},"type":"if","locations":[{"start":{"line":87,"column":16},"end":{"line":90,"column":17}},{"start":{},"end":{}}],"line":87},"15":{"loc":{"start":{"line":94,"column":17},"end":{"line":116,"column":13}},"type":"if","locations":[{"start":{"line":94,"column":17},"end":{"line":116,"column":13}},{"start":{"line":102,"column":17},"end":{"line":116,"column":13}}],"line":94},"16":{"loc":{"start":{"line":96,"column":16},"end":{"line":99,"column":17}},"type":"if","locations":[{"start":{"line":96,"column":16},"end":{"line":99,"column":17}},{"start":{},"end":{}}],"line":96},"17":{"loc":{"start":{"line":102,"column":17},"end":{"line":116,"column":13}},"type":"if","locations":[{"start":{"line":102,"column":17},"end":{"line":116,"column":13}},{"start":{"line":110,"column":17},"end":{"line":116,"column":13}}],"line":102},"18":{"loc":{"start":{"line":104,"column":16},"end":{"line":107,"column":17}},"type":"if","locations":[{"start":{"line":104,"column":16},"end":{"line":107,"column":17}},{"start":{},"end":{}}],"line":104},"19":{"loc":{"start":{"line":110,"column":17},"end":{"line":116,"column":13}},"type":"if","locations":[{"start":{"line":110,"column":17},"end":{"line":116,"column":13}},{"start":{},"end":{}}],"line":110},"20":{"loc":{"start":{"line":112,"column":16},"end":{"line":115,"column":17}},"type":"if","locations":[{"start":{"line":112,"column":16},"end":{"line":115,"column":17}},{"start":{},"end":{}}],"line":112}},"s":{"0":6,"1":6,"2":6,"3":6,"4":6,"5":6,"6":6,"7":6,"8":6,"9":4,"10":4,"11":28,"12":0,"13":28,"14":28,"15":28,"16":1,"17":1,"18":4,"19":6,"20":4,"21":4,"22":28,"23":28,"24":28,"25":28,"26":1,"27":28,"28":0,"29":0,"30":0,"31":0,"32":0,"33":0,"34":0,"35":0,"36":0,"37":0,"38":0,"39":0,"40":4,"41":4,"42":4,"43":4,"44":28,"45":28,"46":4,"47":4,"48":0,"49":0,"50":24,"51":12,"52":12,"53":3,"54":3,"55":12,"56":4,"57":4,"58":0,"59":0,"60":8,"61":4,"62":4,"63":0,"64":0,"65":4,"66":4,"67":4,"68":1,"69":1,"70":4,"71":6,"72":6,"73":1,"74":1,"75":1},"f":{"0":4,"1":4,"2":4,"3":1},"b":{"0":[0,28],"1":[1,27],"2":[28,24],"3":[28,0],"4":[28,0,0,0,0],"5":[1,27],"6":[0,0],"7":[0,0],"8":[0,0],"9":[0,0],"10":[28,0],"11":[4,24],"12":[0,4],"13":[12,12],"14":[3,9],"15":[4,8],"16":[0,4],"17":[4,4],"18":[0,4],"19":[4,0],"20":[1,3]},"_coverageSchema":"1a1c01bbd47fc00a2c39e90264f33305004495a9","hash":"1a2dd5d9b84e1892d5dc5522f80e867e5fc1f0ab"}
,"/Users/jad/Documents/Projects/_github/joezam1/Auth_System_Nodejs/app/services/validation/validationService.js": {"path":"/Users/jad/Documents/Projects/_github/joezam1/Auth_System_Nodejs/app/services/validation/validationService.js","statementMap":{"0":{"start":{"line":1,"column":29},"end":{"line":1,"column":65}},"1":{"start":{"line":5,"column":33},"end":{"line":12,"column":1}},"2":{"start":{"line":6,"column":28},"end":{"line":6,"column":78}},"3":{"start":{"line":7,"column":26},"end":{"line":7,"column":74}},"4":{"start":{"line":8,"column":27},"end":{"line":8,"column":76}},"5":{"start":{"line":10,"column":23},"end":{"line":10,"column":91}},"6":{"start":{"line":11,"column":4},"end":{"line":11,"column":24}},"7":{"start":{"line":15,"column":24},"end":{"line":17,"column":1}},"8":{"start":{"line":19,"column":0},"end":{"line":19,"column":35}}},"fnMap":{"0":{"name":"(anonymous_0)","decl":{"start":{"line":5,"column":33},"end":{"line":5,"column":34}},"loc":{"start":{"line":5,"column":52},"end":{"line":12,"column":1}},"line":5}},"branchMap":{},"s":{"0":5,"1":5,"2":2,"3":2,"4":2,"5":2,"6":2,"7":5,"8":5},"f":{"0":2},"b":{},"_coverageSchema":"1a1c01bbd47fc00a2c39e90264f33305004495a9","hash":"2fc00551ca75caa24714e9807d67ace59b799c56"}
,"/Users/jad/Documents/Projects/_github/joezam1/Auth_System_Nodejs/configuration/authentication/sessionConfig.js": {"path":"/Users/jad/Documents/Projects/_github/joezam1/Auth_System_Nodejs/configuration/authentication/sessionConfig.js","statementMap":{"0":{"start":{"line":1,"column":35},"end":{"line":1,"column":58}},"1":{"start":{"line":2,"column":41},"end":{"line":2,"column":60}},"2":{"start":{"line":3,"column":36},"end":{"line":3,"column":54}},"3":{"start":{"line":4,"column":40},"end":{"line":4,"column":54}},"4":{"start":{"line":5,"column":36},"end":{"line":5,"column":50}},"5":{"start":{"line":6,"column":37},"end":{"line":6,"column":50}},"6":{"start":{"line":7,"column":37},"end":{"line":7,"column":50}},"7":{"start":{"line":8,"column":35},"end":{"line":8,"column":48}},"8":{"start":{"line":9,"column":37},"end":{"line":9,"column":45}},"9":{"start":{"line":10,"column":35},"end":{"line":10,"column":39}},"10":{"start":{"line":11,"column":21},"end":{"line":11,"column":39}},"11":{"start":{"line":12,"column":23},"end":{"line":12,"column":73}},"12":{"start":{"line":13,"column":37},"end":{"line":13,"column":64}},"13":{"start":{"line":14,"column":39},"end":{"line":14,"column":68}},"14":{"start":{"line":15,"column":48},"end":{"line":15,"column":80}},"15":{"start":{"line":16,"column":49},"end":{"line":16,"column":78}},"16":{"start":{"line":17,"column":58},"end":{"line":17,"column":87}},"17":{"start":{"line":18,"column":61},"end":{"line":18,"column":87}},"18":{"start":{"line":20,"column":22},"end":{"line":32,"column":1}},"19":{"start":{"line":34,"column":16},"end":{"line":44,"column":1}},"20":{"start":{"line":46,"column":0},"end":{"line":46,"column":25}}},"fnMap":{},"branchMap":{},"s":{"0":24,"1":24,"2":24,"3":24,"4":24,"5":24,"6":24,"7":24,"8":24,"9":24,"10":24,"11":24,"12":24,"13":24,"14":24,"15":24,"16":24,"17":24,"18":24,"19":24,"20":24},"f":{},"b":{},"_coverageSchema":"1a1c01bbd47fc00a2c39e90264f33305004495a9","hash":"dc4acd0b4d11cbc0844e55e74319cf7255f441a3"}
,"/Users/jad/Documents/Projects/_github/joezam1/Auth_System_Nodejs/configuration/authorization/jwtConfig.js": {"path":"/Users/jad/Documents/Projects/_github/joezam1/Auth_System_Nodejs/configuration/authorization/jwtConfig.js","statementMap":{"0":{"start":{"line":2,"column":36},"end":{"line":2,"column":60}},"1":{"start":{"line":3,"column":33},"end":{"line":3,"column":57}},"2":{"start":{"line":4,"column":41},"end":{"line":4,"column":60}},"3":{"start":{"line":5,"column":36},"end":{"line":5,"column":54}},"4":{"start":{"line":6,"column":33},"end":{"line":6,"column":51}},"5":{"start":{"line":7,"column":40},"end":{"line":7,"column":54}},"6":{"start":{"line":8,"column":36},"end":{"line":8,"column":50}},"7":{"start":{"line":9,"column":37},"end":{"line":9,"column":50}},"8":{"start":{"line":10,"column":37},"end":{"line":10,"column":50}},"9":{"start":{"line":11,"column":35},"end":{"line":11,"column":48}},"10":{"start":{"line":12,"column":37},"end":{"line":12,"column":45}},"11":{"start":{"line":13,"column":35},"end":{"line":13,"column":39}},"12":{"start":{"line":14,"column":37},"end":{"line":14,"column":50}},"13":{"start":{"line":15,"column":19},"end":{"line":15,"column":141}},"14":{"start":{"line":17,"column":63},"end":{"line":17,"column":90}},"15":{"start":{"line":19,"column":64},"end":{"line":19,"column":96}},"16":{"start":{"line":20,"column":59},"end":{"line":20,"column":88}},"17":{"start":{"line":21,"column":60},"end":{"line":21,"column":89}},"18":{"start":{"line":23,"column":16},"end":{"line":32,"column":1}},"19":{"start":{"line":34,"column":0},"end":{"line":34,"column":25}}},"fnMap":{},"branchMap":{},"s":{"0":7,"1":7,"2":7,"3":7,"4":7,"5":7,"6":7,"7":7,"8":7,"9":7,"10":7,"11":7,"12":7,"13":7,"14":7,"15":7,"16":7,"17":7,"18":7,"19":7},"f":{},"b":{},"_coverageSchema":"1a1c01bbd47fc00a2c39e90264f33305004495a9","hash":"d076011706dc830718189263f16ff1017137173b"}
,"/Users/jad/Documents/Projects/_github/joezam1/Auth_System_Nodejs/configuration/csrfProtection/antiForgeryTokenConfig.js": {"path":"/Users/jad/Documents/Projects/_github/joezam1/Auth_System_Nodejs/configuration/csrfProtection/antiForgeryTokenConfig.js","statementMap":{"0":{"start":{"line":1,"column":22},"end":{"line":1,"column":80}},"1":{"start":{"line":4,"column":35},"end":{"line":4,"column":58}},"2":{"start":{"line":5,"column":41},"end":{"line":5,"column":60}},"3":{"start":{"line":6,"column":36},"end":{"line":6,"column":54}},"4":{"start":{"line":7,"column":40},"end":{"line":7,"column":54}},"5":{"start":{"line":8,"column":36},"end":{"line":8,"column":50}},"6":{"start":{"line":9,"column":37},"end":{"line":9,"column":50}},"7":{"start":{"line":10,"column":37},"end":{"line":10,"column":50}},"8":{"start":{"line":11,"column":35},"end":{"line":11,"column":48}},"9":{"start":{"line":12,"column":37},"end":{"line":12,"column":45}},"10":{"start":{"line":13,"column":35},"end":{"line":13,"column":39}},"11":{"start":{"line":16,"column":36},"end":{"line":16,"column":63}},"12":{"start":{"line":19,"column":59},"end":{"line":19,"column":86}},"13":{"start":{"line":20,"column":71},"end":{"line":20,"column":100}},"14":{"start":{"line":22,"column":46},"end":{"line":22,"column":126}},"15":{"start":{"line":24,"column":45},"end":{"line":24,"column":125}},"16":{"start":{"line":25,"column":63},"end":{"line":25,"column":89}},"17":{"start":{"line":26,"column":47},"end":{"line":26,"column":49}},"18":{"start":{"line":27,"column":46},"end":{"line":27,"column":114}},"19":{"start":{"line":30,"column":15},"end":{"line":30,"column":70}},"20":{"start":{"line":35,"column":16},"end":{"line":44,"column":1}},"21":{"start":{"line":46,"column":0},"end":{"line":46,"column":25}}},"fnMap":{},"branchMap":{},"s":{"0":10,"1":10,"2":10,"3":10,"4":10,"5":10,"6":10,"7":10,"8":10,"9":10,"10":10,"11":10,"12":10,"13":10,"14":10,"15":10,"16":10,"17":10,"18":10,"19":10,"20":10,"21":10},"f":{},"b":{},"_coverageSchema":"1a1c01bbd47fc00a2c39e90264f33305004495a9","hash":"51b6328beff05e52b9cd93a7c25df0fa010e4855"}
,"/Users/jad/Documents/Projects/_github/joezam1/Auth_System_Nodejs/configuration/database/mysqlConfig.js": {"path":"/Users/jad/Documents/Projects/_github/joezam1/Auth_System_Nodejs/configuration/database/mysqlConfig.js","statementMap":{"0":{"start":{"line":1,"column":20},"end":{"line":10,"column":1}},"1":{"start":{"line":12,"column":0},"end":{"line":12,"column":29}}},"fnMap":{},"branchMap":{},"s":{"0":19,"1":19},"f":{},"b":{},"_coverageSchema":"1a1c01bbd47fc00a2c39e90264f33305004495a9","hash":"d4fbe4e1991db181aed628f6f73d9b9469ed226b"}
,"/Users/jad/Documents/Projects/_github/joezam1/Auth_System_Nodejs/configuration/encryption/cryptoJsConfig.js": {"path":"/Users/jad/Documents/Projects/_github/joezam1/Auth_System_Nodejs/configuration/encryption/cryptoJsConfig.js","statementMap":{"0":{"start":{"line":2,"column":19},"end":{"line":2,"column":93}},"1":{"start":{"line":6,"column":16},"end":{"line":8,"column":2}},"2":{"start":{"line":11,"column":0},"end":{"line":11,"column":25}}},"fnMap":{},"branchMap":{},"s":{"0":8,"1":8,"2":8},"f":{},"b":{},"_coverageSchema":"1a1c01bbd47fc00a2c39e90264f33305004495a9","hash":"5639f68372870b4d3f091393fc74cbf8f3624fbc"}
,"/Users/jad/Documents/Projects/_github/joezam1/Auth_System_Nodejs/configuration/environment/envConfig.js": {"path":"/Users/jad/Documents/Projects/_github/joezam1/Auth_System_Nodejs/configuration/environment/envConfig.js","statementMap":{"0":{"start":{"line":1,"column":15},"end":{"line":1,"column":32}},"1":{"start":{"line":2,"column":13},"end":{"line":2,"column":28}},"2":{"start":{"line":5,"column":0},"end":{"line":5,"column":68}},"3":{"start":{"line":6,"column":23},"end":{"line":8,"column":1}},"4":{"start":{"line":10,"column":0},"end":{"line":10,"column":51}},"5":{"start":{"line":11,"column":0},"end":{"line":11,"column":32}},"6":{"start":{"line":13,"column":16},"end":{"line":16,"column":1}},"7":{"start":{"line":18,"column":0},"end":{"line":18,"column":27}}},"fnMap":{},"branchMap":{},"s":{"0":1,"1":1,"2":1,"3":1,"4":1,"5":1,"6":1,"7":1},"f":{},"b":{},"_coverageSchema":"1a1c01bbd47fc00a2c39e90264f33305004495a9","hash":"ce523cb061f30445bbbd2e3df19429cc706a2b91"}
,"/Users/jad/Documents/Projects/_github/joezam1/Auth_System_Nodejs/configuration/environment/environmentDescription.js": {"path":"/Users/jad/Documents/Projects/_github/joezam1/Auth_System_Nodejs/configuration/environment/environmentDescription.js","statementMap":{"0":{"start":{"line":1,"column":29},"end":{"line":4,"column":1}},"1":{"start":{"line":6,"column":0},"end":{"line":6,"column":40}}},"fnMap":{},"branchMap":{},"s":{"0":1,"1":1},"f":{},"b":{},"_coverageSchema":"1a1c01bbd47fc00a2c39e90264f33305004495a9","hash":"4aa6cc5229300913b4ba56a76d57a22855d82e3c"}
,"/Users/jad/Documents/Projects/_github/joezam1/Auth_System_Nodejs/configuration/sequelizeORM/sequelizeConfig.js": {"path":"/Users/jad/Documents/Projects/_github/joezam1/Auth_System_Nodejs/configuration/sequelizeORM/sequelizeConfig.js","statementMap":{"0":{"start":{"line":2,"column":22},"end":{"line":10,"column":1}},"1":{"start":{"line":11,"column":14},"end":{"line":13,"column":1}},"2":{"start":{"line":15,"column":0},"end":{"line":15,"column":25}}},"fnMap":{},"branchMap":{},"s":{"0":33,"1":33,"2":33},"f":{},"b":{},"_coverageSchema":"1a1c01bbd47fc00a2c39e90264f33305004495a9","hash":"753307f79642a6b949e83032d54bc75060a03b32"}
,"/Users/jad/Documents/Projects/_github/joezam1/Auth_System_Nodejs/configuration/server/serverConfig.js": {"path":"/Users/jad/Documents/Projects/_github/joezam1/Auth_System_Nodejs/configuration/server/serverConfig.js","statementMap":{"0":{"start":{"line":1,"column":18},"end":{"line":1,"column":73}},"1":{"start":{"line":2,"column":31},"end":{"line":2,"column":82}},"2":{"start":{"line":3,"column":28},"end":{"line":3,"column":94}},"3":{"start":{"line":5,"column":31},"end":{"line":5,"column":56}},"4":{"start":{"line":7,"column":22},"end":{"line":15,"column":1}},"5":{"start":{"line":12,"column":12},"end":{"line":12,"column":55}},"6":{"start":{"line":16,"column":16},"end":{"line":19,"column":1}},"7":{"start":{"line":21,"column":0},"end":{"line":21,"column":25}},"8":{"start":{"line":25,"column":22},"end":{"line":25,"column":40}},"9":{"start":{"line":26,"column":4},"end":{"line":26,"column":59}},"10":{"start":{"line":27,"column":4},"end":{"line":27,"column":70}},"11":{"start":{"line":28,"column":4},"end":{"line":43,"column":5}},"12":{"start":{"line":31,"column":12},"end":{"line":35,"column":13}},"13":{"start":{"line":33,"column":16},"end":{"line":33,"column":37}},"14":{"start":{"line":34,"column":16},"end":{"line":34,"column":22}},"15":{"start":{"line":36,"column":12},"end":{"line":36,"column":46}},"16":{"start":{"line":37,"column":12},"end":{"line":37,"column":18}},"17":{"start":{"line":40,"column":12},"end":{"line":40,"column":46}},"18":{"start":{"line":41,"column":12},"end":{"line":41,"column":18}},"19":{"start":{"line":47,"column":4},"end":{"line":54,"column":5}},"20":{"start":{"line":48,"column":18},"end":{"line":48,"column":59}},"21":{"start":{"line":49,"column":24},"end":{"line":49,"column":38}},"22":{"start":{"line":50,"column":8},"end":{"line":50,"column":28}},"23":{"start":{"line":51,"column":8},"end":{"line":51,"column":15}},"24":{"start":{"line":53,"column":8},"end":{"line":53,"column":29}}},"fnMap":{"0":{"name":"(anonymous_0)","decl":{"start":{"line":11,"column":16},"end":{"line":11,"column":17}},"loc":{"start":{"line":11,"column":42},"end":{"line":13,"column":9}},"line":11},"1":{"name":"resolveOriginWhiteListing","decl":{"start":{"line":24,"column":9},"end":{"line":24,"column":34}},"loc":{"start":{"line":24,"column":52},"end":{"line":44,"column":1}},"line":24},"2":{"name":"whitelistOrigin","decl":{"start":{"line":46,"column":9},"end":{"line":46,"column":24}},"loc":{"start":{"line":46,"column":42},"end":{"line":55,"column":1}},"line":46}},"branchMap":{"0":{"loc":{"start":{"line":28,"column":4},"end":{"line":43,"column":5}},"type":"switch","locations":[{"start":{"line":30,"column":8},"end":{"line":37,"column":18}},{"start":{"line":39,"column":8},"end":{"line":41,"column":18}}],"line":28},"1":{"loc":{"start":{"line":31,"column":12},"end":{"line":35,"column":13}},"type":"if","locations":[{"start":{"line":31,"column":12},"end":{"line":35,"column":13}},{"start":{},"end":{}}],"line":31},"2":{"loc":{"start":{"line":47,"column":4},"end":{"line":54,"column":5}},"type":"if","locations":[{"start":{"line":47,"column":4},"end":{"line":54,"column":5}},{"start":{"line":52,"column":9},"end":{"line":54,"column":5}}],"line":47}},"s":{"0":1,"1":1,"2":1,"3":1,"4":1,"5":2,"6":1,"7":1,"8":2,"9":2,"10":2,"11":2,"12":0,"13":0,"14":0,"15":0,"16":0,"17":0,"18":0,"19":0,"20":0,"21":0,"22":0,"23":0,"24":0},"f":{"0":2,"1":2,"2":0},"b":{"0":[0,0],"1":[0,0],"2":[0,0]},"_coverageSchema":"1a1c01bbd47fc00a2c39e90264f33305004495a9","hash":"34130c3477acdedc73984019ff41d755dc1a7cb6"}
,"/Users/jad/Documents/Projects/_github/joezam1/Auth_System_Nodejs/configuration/validation/validationConfig.js": {"path":"/Users/jad/Documents/Projects/_github/joezam1/Auth_System_Nodejs/configuration/validation/validationConfig.js","statementMap":{"0":{"start":{"line":1,"column":30},"end":{"line":1,"column":31}},"1":{"start":{"line":2,"column":27},"end":{"line":2,"column":28}},"2":{"start":{"line":5,"column":13},"end":{"line":8,"column":1}},"3":{"start":{"line":10,"column":0},"end":{"line":10,"column":25}}},"fnMap":{},"branchMap":{},"s":{"0":49,"1":49,"2":49,"3":49},"f":{},"b":{},"_coverageSchema":"1a1c01bbd47fc00a2c39e90264f33305004495a9","hash":"88e5fa7ddae888d65702e9dac345279f6c2a87d7"}
}
