TN:
SF:app/dataAccessLayer/mysqlDataStore/context/dbAction.js
FN:4,(anonymous_0)
FN:28,(anonymous_1)
FN:30,(anonymous_2)
FN:31,(anonymous_3)
FN:45,(anonymous_4)
FN:51,(anonymous_5)
FN:73,(anonymous_6)
FN:80,(anonymous_7)
FN:82,(anonymous_8)
FNF:9
FNH:0
FNDA:0,(anonymous_0)
FNDA:0,(anonymous_1)
FNDA:0,(anonymous_2)
FNDA:0,(anonymous_3)
FNDA:0,(anonymous_4)
FNDA:0,(anonymous_5)
FNDA:0,(anonymous_6)
FNDA:0,(anonymous_7)
FNDA:0,(anonymous_8)
DA:1,3
DA:2,3
DA:4,3
DA:5,0
DA:6,0
DA:7,0
DA:9,0
DA:10,0
DA:11,0
DA:14,0
DA:15,0
DA:16,0
DA:19,0
DA:20,0
DA:23,0
DA:28,3
DA:29,0
DA:30,0
DA:31,0
DA:33,0
DA:34,0
DA:36,0
DA:41,0
DA:42,0
DA:45,3
DA:47,0
DA:48,0
DA:51,3
DA:52,0
DA:53,0
DA:54,0
DA:55,0
DA:58,0
DA:59,0
DA:60,0
DA:62,0
DA:63,0
DA:66,0
DA:67,0
DA:73,3
DA:75,0
DA:76,0
DA:80,3
DA:82,0
DA:83,0
DA:84,0
DA:85,0
DA:89,0
DA:92,3
DA:101,3
LF:50
LH:10
BRDA:4,0,0,0
BRDA:9,1,0,0
BRDA:9,1,1,0
BRDA:14,2,0,0
BRDA:14,2,1,0
BRDA:33,3,0,0
BRDA:33,3,1,0
BRDA:51,4,0,0
BRDA:53,5,0,0
BRDA:53,5,1,0
BRDA:58,6,0,0
BRDA:58,6,1,0
BRDA:83,7,0,0
BRDA:83,7,1,0
BRF:14
BRH:0
end_of_record
TN:
SF:app/dataAccessLayer/mysqlDataStore/context/dbConnection.js
FN:6,(anonymous_0)
FN:14,(anonymous_1)
FN:29,createMysqlPool
FNF:3
FNH:0
FNDA:0,(anonymous_0)
FNDA:0,(anonymous_1)
FNDA:0,createMysqlPool
DA:1,3
DA:2,3
DA:5,3
DA:6,3
DA:7,0
DA:8,0
DA:11,0
DA:14,3
DA:15,0
DA:16,0
DA:18,0
DA:21,3
DA:26,3
DA:30,0
DA:31,0
DA:32,0
LF:16
LH:7
BRDA:7,0,0,0
BRDA:7,0,1,0
BRDA:15,1,0,0
BRDA:15,1,1,0
BRF:4
BRH:0
end_of_record
TN:
SF:app/dataAccessLayer/mysqlDataStore/context/dbContext.js
FN:15,getSequelizeConnection
FN:30,(anonymous_1)
FN:35,(anonymous_2)
FNF:3
FNH:3
FNDA:5,getSequelizeConnection
FNDA:4,(anonymous_1)
FNDA:7,(anonymous_2)
DA:1,5
DA:2,5
DA:3,5
DA:4,5
DA:5,5
DA:6,5
DA:7,5
DA:8,5
DA:9,5
DA:12,5
DA:13,5
DA:17,5
DA:19,5
DA:20,5
DA:21,5
DA:22,5
DA:23,5
DA:26,5
DA:30,5
DA:31,4
DA:32,4
DA:35,5
DA:36,7
DA:37,5
DA:38,5
DA:39,5
DA:40,5
DA:41,5
DA:42,5
DA:43,5
DA:44,5
DA:45,5
DA:47,5
DA:56,5
DA:59,2
DA:63,5
DA:67,5
LF:37
LH:37
BRDA:17,0,0,5
BRDA:17,0,1,0
BRDA:36,1,0,5
BRDA:36,1,1,2
BRF:4
BRH:3
end_of_record
TN:
SF:app/dataAccessLayer/mysqlDataStore/mappings/models/authrolesection.js
FN:5,(anonymous_0)
FN:12,(anonymous_1)
FNF:2
FNH:1
FNDA:5,(anonymous_0)
FNDA:0,(anonymous_1)
DA:4,5
DA:5,5
DA:14,0
DA:19,0
DA:26,5
DA:76,5
LF:6
LH:4
BRF:0
BRH:0
end_of_record
TN:
SF:app/dataAccessLayer/mysqlDataStore/mappings/models/register.js
FN:5,(anonymous_0)
FN:12,(anonymous_1)
FNF:2
FNH:1
FNDA:5,(anonymous_0)
FNDA:0,(anonymous_1)
DA:4,5
DA:5,5
DA:14,0
DA:20,5
DA:66,5
LF:5
LH:4
BRF:0
BRH:0
end_of_record
TN:
SF:app/dataAccessLayer/mysqlDataStore/mappings/models/role.js
FN:5,(anonymous_0)
FN:12,(anonymous_1)
FNF:2
FNH:1
FNDA:5,(anonymous_0)
FNDA:0,(anonymous_1)
DA:4,5
DA:5,5
DA:14,0
DA:19,0
DA:26,5
DA:71,5
LF:6
LH:4
BRF:0
BRH:0
end_of_record
TN:
SF:app/dataAccessLayer/mysqlDataStore/mappings/models/session.js
FN:5,(anonymous_0)
FN:12,(anonymous_1)
FNF:2
FNH:1
FNDA:5,(anonymous_0)
FNDA:0,(anonymous_1)
DA:4,5
DA:5,5
DA:14,0
DA:21,5
DA:75,5
LF:5
LH:4
BRF:0
BRH:0
end_of_record
TN:
SF:app/dataAccessLayer/mysqlDataStore/mappings/models/sessionactivity.js
FN:5,(anonymous_0)
FN:12,(anonymous_1)
FNF:2
FNH:1
FNDA:5,(anonymous_0)
FNDA:0,(anonymous_1)
DA:4,5
DA:5,5
DA:14,0
DA:21,5
DA:69,5
LF:5
LH:4
BRF:0
BRH:0
end_of_record
TN:
SF:app/dataAccessLayer/mysqlDataStore/mappings/models/user.js
FN:5,(anonymous_0)
FN:12,(anonymous_1)
FNF:2
FNH:1
FNDA:5,(anonymous_0)
FNDA:0,(anonymous_1)
DA:4,5
DA:5,5
DA:14,0
DA:19,0
DA:23,0
DA:27,0
DA:33,5
DA:97,5
LF:8
LH:4
BRF:0
BRH:0
end_of_record
TN:
SF:app/dataAccessLayer/mysqlDataStore/mappings/models/userrole.js
FN:5,(anonymous_0)
FN:12,(anonymous_1)
FNF:2
FNH:1
FNDA:5,(anonymous_0)
FNDA:0,(anonymous_1)
DA:4,5
DA:5,5
DA:14,0
DA:19,0
DA:26,5
DA:70,5
LF:6
LH:4
BRF:0
BRH:0
end_of_record
TN:
SF:app/dataAccessLayer/mysqlDataStore/preparedStatements/queryManager.js
FN:3,(anonymous_0)
FN:19,(anonymous_1)
FN:26,(anonymous_2)
FNF:3
FNH:3
FNDA:2,(anonymous_0)
FNDA:2,(anonymous_1)
FNDA:4,(anonymous_2)
DA:3,4
DA:5,2
DA:6,2
DA:7,2
DA:8,5
DA:9,3
DA:10,5
DA:11,2
DA:14,2
DA:16,2
DA:19,4
DA:20,2
DA:22,2
DA:26,4
DA:28,4
DA:29,4
DA:30,4
DA:31,16
DA:32,4
DA:33,4
DA:35,12
DA:36,12
DA:39,4
DA:41,4
DA:45,4
DA:51,4
LF:26
LH:26
BRDA:8,0,0,3
BRDA:8,0,1,2
BRDA:10,1,0,2
BRDA:10,1,1,3
BRDA:31,2,0,4
BRDA:31,2,1,12
BRF:6
BRH:6
end_of_record
TN:
SF:app/dataAccessLayer/mysqlDataStore/preparedStatements/valueSanitizer.js
FN:8,(anonymous_0)
FN:27,(anonymous_1)
FN:49,(anonymous_2)
FN:100,removeExtraQuotes
FNF:4
FNH:4
FNDA:5,(anonymous_0)
FNDA:5,(anonymous_1)
FNDA:18,(anonymous_2)
FNDA:18,removeExtraQuotes
DA:1,3
DA:2,3
DA:3,3
DA:8,3
DA:9,5
DA:11,5
DA:12,33
DA:13,33
DA:14,212
DA:15,22
DA:16,17
DA:23,5
DA:27,3
DA:28,5
DA:29,5
DA:31,18
DA:32,18
DA:33,18
DA:35,5
DA:39,3
DA:44,3
DA:49,3
DA:51,18
DA:52,18
DA:53,18
DA:54,18
DA:56,18
DA:60,7
DA:61,7
DA:62,7
DA:63,7
DA:66,0
DA:67,0
DA:68,0
DA:69,0
DA:74,0
DA:75,0
DA:76,0
DA:77,0
DA:80,5
DA:81,5
DA:82,5
DA:83,5
DA:86,5
DA:87,5
DA:88,5
DA:91,1
DA:92,1
DA:93,1
DA:94,1
DA:97,18
DA:101,18
DA:102,18
DA:103,18
LF:54
LH:46
BRDA:12,0,0,33
BRDA:12,0,1,0
BRDA:14,1,0,22
BRDA:14,1,1,190
BRDA:14,2,0,212
BRDA:14,2,1,212
BRDA:15,3,0,17
BRDA:15,3,1,5
BRDA:56,4,0,7
BRDA:56,4,1,7
BRDA:56,4,2,0
BRDA:56,4,3,0
BRDA:56,4,4,0
BRDA:56,4,5,0
BRDA:56,4,6,5
BRDA:56,4,7,5
BRDA:56,4,8,1
BRDA:62,5,0,1
BRDA:62,5,1,6
BRDA:82,6,0,0
BRDA:82,6,1,5
BRF:21
BRH:15
end_of_record
TN:
SF:app/dataAccessLayer/repositories/registerRepository.js
FN:10,(anonymous_0)
FN:32,onInit
FN:37,getRegisterDtoModelMappedFromDomain
FNF:3
FNH:3
FNDA:1,(anonymous_0)
FNDA:1,onInit
FNDA:1,getRegisterDtoModelMappedFromDomain
DA:1,1
DA:2,1
DA:3,1
DA:4,1
DA:5,1
DA:7,1
DA:8,1
DA:10,1
DA:11,1
DA:12,1
DA:13,1
DA:14,1
DA:15,1
DA:16,1
DA:18,1
DA:22,1
DA:24,1
DA:28,1
DA:33,1
DA:34,1
DA:38,1
DA:39,1
DA:41,1
DA:43,1
DA:44,1
DA:45,1
DA:46,1
DA:47,1
DA:48,1
DA:49,1
DA:50,1
DA:51,1
DA:53,1
DA:54,1
LF:34
LH:34
BRDA:39,0,0,1
BRDA:39,0,1,0
BRF:2
BRH:1
end_of_record
TN:
SF:app/dataAccessLayer/repositories/roleRepository.js
FN:9,(anonymous_0)
FN:30,onInit
FN:36,getRolesDtoModelMappedFromDatabase
FNF:3
FNH:3
FNDA:1,(anonymous_0)
FNDA:1,onInit
FNDA:1,getRolesDtoModelMappedFromDatabase
DA:1,1
DA:2,1
DA:3,1
DA:5,1
DA:6,1
DA:9,1
DA:10,1
DA:11,1
DA:12,1
DA:13,0
DA:15,1
DA:17,1
DA:20,1
DA:22,1
DA:26,1
DA:31,1
DA:32,1
DA:33,1
DA:37,1
DA:38,1
DA:39,3
DA:40,3
DA:41,3
DA:42,3
DA:43,3
DA:44,3
DA:45,3
DA:46,3
DA:47,3
DA:49,3
DA:50,3
DA:53,1
LF:32
LH:31
BRDA:12,0,0,0
BRDA:12,0,1,1
BRF:2
BRH:1
end_of_record
TN:
SF:app/dataAccessLayer/repositories/userRepository.js
FN:11,(anonymous_0)
FN:29,(anonymous_1)
FN:42,(anonymous_2)
FN:66,onInit
FN:72,getUserDtoModelMappedFromDomain
FN:107,getUsersDtoModelMappedFromDatabase
FN:133,getUserRoleDtoModelMappedFromDomain
FNF:7
FNH:7
FNDA:1,(anonymous_0)
FNDA:1,(anonymous_1)
FNDA:1,(anonymous_2)
FNDA:1,onInit
FNDA:2,getUserDtoModelMappedFromDomain
FNDA:1,getUsersDtoModelMappedFromDatabase
FNDA:1,getUserRoleDtoModelMappedFromDomain
DA:1,1
DA:2,1
DA:3,1
DA:4,1
DA:5,1
DA:7,1
DA:8,1
DA:9,1
DA:11,1
DA:12,1
DA:13,1
DA:14,1
DA:15,1
DA:16,1
DA:17,1
DA:19,1
DA:20,1
DA:21,1
DA:22,0
DA:24,1
DA:26,1
DA:29,1
DA:30,1
DA:31,1
DA:32,1
DA:33,1
DA:34,1
DA:36,1
DA:37,1
DA:39,1
DA:42,1
DA:43,1
DA:44,1
DA:45,1
DA:46,1
DA:48,1
DA:49,1
DA:51,1
DA:54,1
DA:56,1
DA:62,1
DA:67,1
DA:68,1
DA:69,1
DA:73,2
DA:75,2
DA:76,2
DA:78,2
DA:80,2
DA:81,2
DA:82,2
DA:83,2
DA:84,2
DA:85,2
DA:86,2
DA:87,2
DA:88,2
DA:89,2
DA:90,2
DA:91,2
DA:92,2
DA:93,2
DA:94,2
DA:95,2
DA:96,2
DA:97,2
DA:98,2
DA:99,2
DA:100,2
DA:101,2
DA:103,2
DA:104,2
DA:108,1
DA:109,1
DA:110,1
DA:111,1
DA:112,1
DA:113,1
DA:114,1
DA:115,1
DA:116,1
DA:117,1
DA:118,1
DA:119,1
DA:120,1
DA:121,1
DA:122,1
DA:123,1
DA:125,1
DA:126,1
DA:129,1
DA:134,1
DA:135,1
DA:136,1
DA:137,1
DA:138,1
DA:139,1
DA:140,1
DA:141,1
DA:142,1
DA:143,1
DA:144,1
DA:145,1
DA:146,1
DA:148,1
DA:149,1
LF:106
LH:105
BRDA:21,0,0,0
BRDA:21,0,1,1
BRDA:76,1,0,0
BRDA:76,1,1,2
BRF:4
BRH:2
end_of_record
TN:
SF:app/domainLayer/register.js
FN:2,(anonymous_0)
FN:8,(anonymous_1)
FN:12,(anonymous_2)
FN:16,(anonymous_3)
FN:21,(anonymous_4)
FN:25,(anonymous_5)
FN:30,(anonymous_6)
FN:34,(anonymous_7)
FNF:8
FNH:7
FNDA:1,(anonymous_0)
FNDA:1,(anonymous_1)
FNDA:1,(anonymous_2)
FNDA:1,(anonymous_3)
FNDA:1,(anonymous_4)
FNDA:1,(anonymous_5)
FNDA:3,(anonymous_6)
FNDA:0,(anonymous_7)
DA:2,1
DA:3,1
DA:4,1
DA:5,1
DA:8,1
DA:9,1
DA:12,1
DA:13,1
DA:16,1
DA:17,1
DA:21,1
DA:22,1
DA:25,1
DA:26,1
DA:30,1
DA:31,3
DA:34,1
DA:35,0
DA:41,1
DA:51,1
DA:54,1
LF:21
LH:20
BRF:0
BRH:0
end_of_record
TN:
SF:app/domainLayer/user.js
FN:4,(anonymous_0)
FN:15,(anonymous_1)
FN:19,(anonymous_2)
FN:23,(anonymous_3)
FN:26,(anonymous_4)
FN:30,(anonymous_5)
FN:34,(anonymous_6)
FN:38,(anonymous_7)
FN:42,(anonymous_8)
FN:46,(anonymous_9)
FN:72,(anonymous_10)
FN:76,(anonymous_11)
FN:80,(anonymous_12)
FN:84,(anonymous_13)
FN:88,(anonymous_14)
FN:92,(anonymous_15)
FN:96,(anonymous_16)
FN:100,(anonymous_17)
FN:104,(anonymous_18)
FNF:19
FNH:12
FNDA:2,(anonymous_0)
FNDA:0,(anonymous_1)
FNDA:0,(anonymous_2)
FNDA:0,(anonymous_3)
FNDA:0,(anonymous_4)
FNDA:2,(anonymous_5)
FNDA:2,(anonymous_6)
FNDA:0,(anonymous_7)
FNDA:2,(anonymous_8)
FNDA:0,(anonymous_9)
FNDA:2,(anonymous_10)
FNDA:2,(anonymous_11)
FNDA:2,(anonymous_12)
FNDA:2,(anonymous_13)
FNDA:2,(anonymous_14)
FNDA:2,(anonymous_15)
FNDA:2,(anonymous_16)
FNDA:4,(anonymous_17)
FNDA:0,(anonymous_18)
DA:1,1
DA:2,1
DA:4,1
DA:5,2
DA:6,2
DA:7,2
DA:8,2
DA:9,2
DA:10,2
DA:11,2
DA:12,2
DA:15,2
DA:16,0
DA:19,2
DA:20,0
DA:23,2
DA:24,0
DA:26,2
DA:27,0
DA:30,2
DA:31,2
DA:34,2
DA:35,2
DA:38,2
DA:39,0
DA:42,2
DA:43,2
DA:46,2
DA:47,0
DA:48,0
DA:50,0
DA:51,0
DA:54,0
DA:55,0
DA:58,0
DA:59,0
DA:62,0
DA:63,0
DA:65,0
DA:66,0
DA:69,0
DA:72,2
DA:73,2
DA:76,2
DA:77,2
DA:80,2
DA:81,2
DA:84,2
DA:85,2
DA:88,2
DA:89,2
DA:92,2
DA:93,2
DA:96,2
DA:97,2
DA:100,2
DA:101,4
DA:104,2
DA:105,0
DA:115,2
DA:135,2
DA:138,1
LF:62
LH:43
BRDA:47,0,0,0
BRDA:47,0,1,0
BRDA:47,1,0,0
BRDA:47,1,1,0
BRDA:50,2,0,0
BRDA:50,2,1,0
BRDA:50,3,0,0
BRDA:50,3,1,0
BRDA:54,4,0,0
BRDA:54,4,1,0
BRDA:54,5,0,0
BRDA:54,5,1,0
BRDA:58,6,0,0
BRDA:58,6,1,0
BRDA:58,7,0,0
BRDA:58,7,1,0
BRDA:62,8,0,0
BRDA:62,8,1,0
BRDA:62,9,0,0
BRDA:62,9,1,0
BRDA:65,10,0,0
BRDA:65,10,1,0
BRDA:65,11,0,0
BRDA:65,11,1,0
BRF:24
BRH:0
end_of_record
TN:
SF:app/domainLayer/userRole.js
FN:2,(anonymous_0)
FN:7,(anonymous_1)
FN:11,(anonymous_2)
FN:15,(anonymous_3)
FN:19,(anonymous_4)
FN:23,(anonymous_5)
FN:27,(anonymous_6)
FN:31,(anonymous_7)
FNF:8
FNH:7
FNDA:1,(anonymous_0)
FNDA:1,(anonymous_1)
FNDA:1,(anonymous_2)
FNDA:1,(anonymous_3)
FNDA:1,(anonymous_4)
FNDA:1,(anonymous_5)
FNDA:1,(anonymous_6)
FNDA:0,(anonymous_7)
DA:2,1
DA:3,1
DA:4,1
DA:5,1
DA:7,1
DA:8,1
DA:11,1
DA:12,1
DA:15,1
DA:16,1
DA:19,1
DA:20,1
DA:23,1
DA:24,1
DA:27,1
DA:28,1
DA:31,1
DA:32,0
DA:39,1
DA:49,1
DA:52,1
LF:21
LH:20
BRF:0
BRH:0
end_of_record
TN:
SF:app/library/common/helpers.js
FN:5,(anonymous_0)
FN:13,(anonymous_1)
FN:20,(anonymous_2)
FN:29,(anonymous_3)
FN:50,getHtmlBreakSeparator
FN:55,getmessageFormatForDisplay
FNF:6
FNH:6
FNDA:19,(anonymous_0)
FNDA:8,(anonymous_1)
FNDA:4,(anonymous_2)
FNDA:10,(anonymous_3)
FNDA:2,getHtmlBreakSeparator
FNDA:2,getmessageFormatForDisplay
DA:1,6
DA:2,6
DA:5,6
DA:6,19
DA:7,19
DA:8,17
DA:10,19
DA:13,6
DA:14,8
DA:15,8
DA:17,8
DA:20,6
DA:21,4
DA:22,4
DA:23,30
DA:24,30
DA:26,4
DA:29,6
DA:31,10
DA:32,10
DA:33,10
DA:34,9
DA:35,9
DA:36,9
DA:37,28
DA:38,28
DA:39,28
DA:42,9
DA:45,10
DA:51,2
DA:52,2
DA:56,2
DA:57,1
DA:59,1
DA:63,6
DA:72,6
LF:36
LH:36
BRDA:7,0,0,17
BRDA:7,0,1,2
BRDA:33,1,0,9
BRDA:33,1,1,1
BRDA:52,2,0,1
BRDA:52,2,1,1
BRDA:56,3,0,1
BRDA:56,3,1,1
BRF:8
BRH:8
end_of_record
TN:
SF:app/library/enumerations/formFieldStatus.js
FNF:0
FNH:0
DA:1,2
DA:12,2
LF:2
LH:2
BRF:0
BRH:0
end_of_record
TN:
SF:app/library/enumerations/httpResponseStatus.js
FNF:0
FNH:0
DA:1,1
DA:42,1
LF:2
LH:2
BRF:0
BRH:0
end_of_record
TN:
SF:app/library/enumerations/userRoles.js
FNF:0
FNH:0
DA:1,1
DA:10,1
LF:2
LH:2
BRF:0
BRH:0
end_of_record
TN:
SF:app/library/stringLiterals/dataTypes.js
FNF:0
FNH:0
DA:1,12
DA:13,12
LF:2
LH:2
BRF:0
BRH:0
end_of_record
TN:
SF:app/presentationLayer/viewModels/userRegisterViewModel.js
FN:5,(anonymous_0)
FNF:1
FNH:1
FNDA:8,(anonymous_0)
DA:1,2
DA:2,2
DA:5,2
DA:6,8
DA:11,8
DA:16,8
DA:21,8
DA:26,8
DA:31,8
DA:36,8
DA:42,8
DA:54,2
LF:12
LH:12
BRDA:7,0,0,8
BRDA:7,0,1,0
BRDA:12,1,0,8
BRDA:12,1,1,7
BRDA:17,2,0,8
BRDA:17,2,1,1
BRDA:22,3,0,8
BRDA:22,3,1,1
BRDA:27,4,0,8
BRDA:27,4,1,0
BRDA:32,5,0,8
BRDA:32,5,1,1
BRDA:37,6,0,8
BRDA:37,6,1,0
BRF:14
BRH:11
end_of_record
TN:
SF:app/serviceLayer/encryption/encryptionService.js
FN:5,(anonymous_0)
FN:14,(anonymous_1)
FNF:2
FNH:2
FNDA:4,(anonymous_0)
FNDA:2,(anonymous_1)
DA:1,1
DA:2,1
DA:5,1
DA:6,4
DA:7,4
DA:8,3
DA:9,3
DA:11,4
DA:14,1
DA:15,2
DA:16,2
DA:19,1
DA:24,1
LF:13
LH:13
BRDA:7,0,0,3
BRDA:7,0,1,1
BRF:2
BRH:2
end_of_record
TN:
SF:app/serviceLayer/httpProtocol/httpResponseService.js
FN:4,(anonymous_0)
FN:25,getResponseStatusObject
FNF:2
FNH:2
FNDA:2,(anonymous_0)
FNDA:2,getResponseStatusObject
DA:1,1
DA:4,1
DA:6,2
DA:7,2
DA:8,2
DA:13,2
DA:17,1
DA:21,1
DA:27,2
DA:32,2
DA:33,21
DA:34,21
DA:35,21
DA:36,1
DA:37,1
DA:41,2
LF:16
LH:16
BRDA:33,0,0,21
BRDA:33,0,1,0
BRDA:35,1,0,1
BRDA:35,1,1,20
BRF:4
BRH:3
end_of_record
TN:
SF:app/serviceLayer/httpProtocol/httpResponseStatusCodes.js
FNF:0
FNH:0
DA:1,1
DA:3,1
DA:86,1
LF:3
LH:3
BRF:0
BRH:0
end_of_record
TN:
SF:app/serviceLayer/notifications/notificationService.js
FNF:0
FNH:0
DA:1,1
DA:6,1
LF:2
LH:2
BRF:0
BRH:0
end_of_record
TN:
SF:app/serviceLayer/validation/commonValidators.js
FN:6,(anonymous_0)
FN:12,(anonymous_1)
FN:20,(anonymous_2)
FNF:3
FNH:3
FNDA:6,(anonymous_0)
FNDA:8,(anonymous_1)
FNDA:3,(anonymous_2)
DA:2,7
DA:6,7
DA:7,6
DA:8,6
DA:12,7
DA:13,8
DA:14,3
DA:16,5
DA:20,7
DA:21,3
DA:23,1
DA:25,2
DA:26,2
DA:29,1
DA:31,1
DA:37,7
DA:43,7
LF:17
LH:17
BRDA:7,0,0,6
BRDA:7,0,1,3
BRDA:7,0,2,2
BRDA:7,0,3,1
BRDA:7,0,4,1
BRDA:13,1,0,3
BRDA:13,1,1,5
BRDA:13,2,0,8
BRDA:13,2,1,3
BRDA:13,2,2,3
BRDA:21,3,0,1
BRDA:21,3,1,2
BRF:12
BRH:12
end_of_record
TN:
SF:app/serviceLayer/validation/inputCommonInspector.js
FN:5,(anonymous_0)
FN:15,(anonymous_1)
FNF:2
FNH:2
FNDA:29,(anonymous_0)
FNDA:11,(anonymous_1)
DA:1,7
DA:5,7
DA:6,29
DA:7,29
DA:9,29
DA:10,3
DA:12,26
DA:15,7
DA:16,11
DA:17,11
DA:18,11
DA:19,11
DA:20,11
DA:25,7
DA:30,7
LF:15
LH:15
BRDA:6,0,0,29
BRDA:6,0,1,2
BRDA:7,1,0,29
BRDA:7,1,1,28
BRDA:7,1,2,28
BRDA:9,2,0,3
BRDA:9,2,1,26
BRDA:9,3,0,29
BRDA:9,3,1,29
BRDA:16,4,0,11
BRDA:16,4,1,11
BRDA:16,4,2,11
BRDA:17,5,0,11
BRDA:17,5,1,11
BRDA:17,5,2,10
BRDA:19,6,0,11
BRDA:19,6,1,11
BRDA:19,6,2,6
BRF:18
BRH:18
end_of_record
TN:
SF:app/serviceLayer/validation/inputTypeInspector.js
FN:4,(anonymous_0)
FN:9,(anonymous_1)
FN:14,(anonymous_2)
FN:21,(anonymous_3)
FN:28,(anonymous_4)
FN:35,(anonymous_5)
FN:40,(anonymous_6)
FN:45,(anonymous_7)
FN:50,(anonymous_8)
FNF:9
FNH:9
FNDA:31,(anonymous_0)
FNDA:4,(anonymous_1)
FNDA:12,(anonymous_2)
FNDA:4,(anonymous_3)
FNDA:4,(anonymous_4)
FNDA:3,(anonymous_5)
FNDA:3,(anonymous_6)
FNDA:3,(anonymous_7)
FNDA:3,(anonymous_8)
DA:1,4
DA:4,4
DA:5,31
DA:6,31
DA:9,4
DA:10,4
DA:11,4
DA:14,4
DA:15,12
DA:16,12
DA:17,12
DA:18,12
DA:21,4
DA:22,4
DA:23,4
DA:24,4
DA:25,4
DA:28,4
DA:29,4
DA:30,4
DA:31,4
DA:32,4
DA:35,4
DA:36,3
DA:37,3
DA:40,4
DA:41,3
DA:42,3
DA:45,4
DA:46,3
DA:47,3
DA:50,4
DA:51,3
DA:52,3
DA:53,2
DA:54,2
DA:56,3
DA:58,3
DA:61,4
DA:73,4
LF:40
LH:40
BRDA:17,0,0,12
BRDA:17,0,1,9
BRDA:24,1,0,4
BRDA:24,1,1,2
BRDA:31,2,0,4
BRDA:31,2,1,2
BRDA:36,3,0,3
BRDA:36,3,1,2
BRDA:36,3,2,2
BRDA:36,3,3,1
BRDA:36,3,4,1
BRDA:46,4,0,3
BRDA:46,4,1,2
BRDA:46,4,2,2
BRDA:46,4,3,1
BRDA:46,4,4,1
BRDA:52,5,0,2
BRDA:52,5,1,1
BRDA:54,6,0,1
BRDA:54,6,1,1
BRF:20
BRH:20
end_of_record
TN:
SF:app/serviceLayer/validation/inputValueInspector.js
FN:2,(anonymous_0)
FN:11,(anonymous_1)
FN:19,(anonymous_2)
FN:28,(anonymous_3)
FN:33,(anonymous_4)
FN:53,inputIsValid
FNF:6
FNH:6
FNDA:16,(anonymous_0)
FNDA:8,(anonymous_1)
FNDA:8,(anonymous_2)
FNDA:6,(anonymous_3)
FNDA:7,(anonymous_4)
FNDA:32,inputIsValid
DA:2,3
DA:3,16
DA:4,16
DA:5,16
DA:6,16
DA:7,16
DA:8,16
DA:11,3
DA:12,8
DA:13,8
DA:14,8
DA:15,8
DA:16,8
DA:19,3
DA:20,8
DA:21,8
DA:22,8
DA:24,8
DA:25,8
DA:28,3
DA:29,6
DA:30,6
DA:33,3
DA:34,7
DA:35,7
DA:39,3
DA:47,3
DA:54,32
DA:55,32
DA:57,55
DA:58,55
DA:59,22
DA:60,22
DA:63,32
LF:34
LH:34
BRDA:58,0,0,22
BRDA:58,0,1,33
BRF:2
BRH:2
end_of_record
TN:
SF:app/serviceLayer/validation/objectModelInspector.js
FN:10,(anonymous_0)
FN:28,(anonymous_1)
FN:70,inspectInputValue
FN:130,getReportErrorInputType
FNF:4
FNH:4
FNDA:4,(anonymous_0)
FNDA:4,(anonymous_1)
FNDA:4,inspectInputValue
FNDA:1,getReportErrorInputType
DA:1,2
DA:2,2
DA:3,2
DA:4,2
DA:5,2
DA:6,2
DA:7,2
DA:10,2
DA:11,4
DA:12,4
DA:13,28
DA:14,0
DA:16,28
DA:17,28
DA:19,28
DA:20,1
DA:21,1
DA:24,4
DA:28,2
DA:29,4
DA:30,4
DA:31,28
DA:32,28
DA:33,28
DA:35,28
DA:36,1
DA:38,28
DA:41,0
DA:42,0
DA:44,0
DA:47,0
DA:48,0
DA:50,0
DA:53,0
DA:54,0
DA:56,0
DA:59,0
DA:60,0
DA:62,0
DA:66,4
DA:71,4
DA:72,4
DA:73,4
DA:74,28
DA:76,28
DA:77,4
DA:78,4
DA:79,0
DA:80,0
DA:84,24
DA:85,12
DA:86,12
DA:87,3
DA:88,3
DA:93,12
DA:94,4
DA:95,4
DA:96,0
DA:97,0
DA:101,8
DA:102,4
DA:103,4
DA:104,0
DA:105,0
DA:109,4
DA:110,4
DA:111,4
DA:112,1
DA:113,1
DA:118,4
DA:121,2
DA:127,2
DA:131,1
DA:132,1
DA:134,1
LF:75
LH:56
BRDA:13,0,0,0
BRDA:13,0,1,28
BRDA:19,1,0,1
BRDA:19,1,1,27
BRDA:19,2,0,28
BRDA:19,2,1,24
BRDA:31,3,0,28
BRDA:31,3,1,0
BRDA:33,4,0,28
BRDA:33,4,1,0
BRDA:33,4,2,0
BRDA:33,4,3,0
BRDA:33,4,4,0
BRDA:35,5,0,1
BRDA:35,5,1,27
BRDA:41,6,0,0
BRDA:41,6,1,0
BRDA:47,7,0,0
BRDA:47,7,1,0
BRDA:53,8,0,0
BRDA:53,8,1,0
BRDA:59,9,0,0
BRDA:59,9,1,0
BRDA:74,10,0,28
BRDA:74,10,1,0
BRDA:76,11,0,4
BRDA:76,11,1,24
BRDA:78,12,0,0
BRDA:78,12,1,4
BRDA:84,13,0,12
BRDA:84,13,1,12
BRDA:86,14,0,3
BRDA:86,14,1,9
BRDA:93,15,0,4
BRDA:93,15,1,8
BRDA:95,16,0,0
BRDA:95,16,1,4
BRDA:101,17,0,4
BRDA:101,17,1,4
BRDA:103,18,0,0
BRDA:103,18,1,4
BRDA:109,19,0,4
BRDA:109,19,1,0
BRDA:111,20,0,1
BRDA:111,20,1,3
BRF:45
BRH:26
end_of_record
TN:
SF:app/serviceLayer/validation/validationService.js
FN:5,(anonymous_0)
FNF:1
FNH:1
FNDA:2,(anonymous_0)
DA:1,1
DA:5,1
DA:6,2
DA:7,2
DA:8,2
DA:10,2
DA:11,2
DA:15,1
DA:19,1
LF:9
LH:9
BRF:0
BRH:0
end_of_record
TN:
SF:configuration/database/mysqlConfig.js
FNF:0
FNH:0
DA:1,3
DA:12,3
LF:2
LH:2
BRF:0
BRH:0
end_of_record
TN:
SF:configuration/environment/envConfig.js
FNF:0
FNH:0
DA:1,1
DA:2,1
DA:5,1
DA:6,1
DA:10,1
DA:11,1
DA:13,1
DA:18,1
LF:8
LH:8
BRF:0
BRH:0
end_of_record
TN:
SF:configuration/environment/environmentDescription.js
FNF:0
FNH:0
DA:1,1
DA:6,1
LF:2
LH:2
BRF:0
BRH:0
end_of_record
TN:
SF:configuration/sequelizeORM/sequelizeConfig.js
FNF:0
FNH:0
DA:2,5
DA:11,5
DA:15,5
LF:3
LH:3
BRF:0
BRH:0
end_of_record
TN:
SF:configuration/server/serverConfig.js
FN:11,(anonymous_0)
FN:24,resolveOriginWhiteListing
FN:46,whitelistOrigin
FNF:3
FNH:3
FNDA:2,(anonymous_0)
FNDA:2,resolveOriginWhiteListing
FNDA:2,whitelistOrigin
DA:1,1
DA:2,1
DA:3,1
DA:5,1
DA:7,1
DA:12,2
DA:16,1
DA:21,1
DA:25,2
DA:26,2
DA:27,2
DA:28,2
DA:31,2
DA:33,0
DA:34,0
DA:36,2
DA:37,2
DA:40,0
DA:41,0
DA:47,2
DA:48,1
DA:49,1
DA:50,1
DA:51,1
DA:53,1
LF:25
LH:21
BRDA:28,0,0,2
BRDA:28,0,1,0
BRDA:31,1,0,0
BRDA:31,1,1,2
BRDA:47,2,0,1
BRDA:47,2,1,1
BRF:6
BRH:4
end_of_record
TN:
SF:configuration/validation/validationConfig.js
FNF:0
FNH:0
DA:1,3
DA:2,3
DA:5,3
DA:10,3
LF:4
LH:4
BRF:0
BRH:0
end_of_record
