TN:
SF:app/dataAccessLayer/mysqlDataStore/context/dbAction.js
FN:4,(anonymous_0)
FN:28,(anonymous_1)
FN:30,(anonymous_2)
FN:31,(anonymous_3)
FN:45,(anonymous_4)
FN:51,(anonymous_5)
FN:73,(anonymous_6)
FN:80,(anonymous_7)
FN:82,(anonymous_8)
FNF:9
FNH:0
FNDA:0,(anonymous_0)
FNDA:0,(anonymous_1)
FNDA:0,(anonymous_2)
FNDA:0,(anonymous_3)
FNDA:0,(anonymous_4)
FNDA:0,(anonymous_5)
FNDA:0,(anonymous_6)
FNDA:0,(anonymous_7)
FNDA:0,(anonymous_8)
DA:1,3
DA:2,3
DA:4,3
DA:5,0
DA:6,0
DA:7,0
DA:9,0
DA:10,0
DA:11,0
DA:14,0
DA:15,0
DA:16,0
DA:19,0
DA:20,0
DA:23,0
DA:28,3
DA:29,0
DA:30,0
DA:31,0
DA:33,0
DA:34,0
DA:36,0
DA:41,0
DA:42,0
DA:45,3
DA:47,0
DA:48,0
DA:51,3
DA:52,0
DA:53,0
DA:54,0
DA:55,0
DA:58,0
DA:59,0
DA:60,0
DA:62,0
DA:63,0
DA:66,0
DA:67,0
DA:73,3
DA:75,0
DA:76,0
DA:80,3
DA:82,0
DA:83,0
DA:84,0
DA:85,0
DA:89,0
DA:92,3
DA:101,3
LF:50
LH:10
BRDA:4,0,0,0
BRDA:9,1,0,0
BRDA:9,1,1,0
BRDA:14,2,0,0
BRDA:14,2,1,0
BRDA:33,3,0,0
BRDA:33,3,1,0
BRDA:51,4,0,0
BRDA:53,5,0,0
BRDA:53,5,1,0
BRDA:58,6,0,0
BRDA:58,6,1,0
BRDA:83,7,0,0
BRDA:83,7,1,0
BRF:14
BRH:0
end_of_record
TN:
SF:app/dataAccessLayer/mysqlDataStore/context/dbConnection.js
FN:6,(anonymous_0)
FN:14,(anonymous_1)
FN:29,createMysqlPool
FNF:3
FNH:0
FNDA:0,(anonymous_0)
FNDA:0,(anonymous_1)
FNDA:0,createMysqlPool
DA:1,3
DA:2,3
DA:5,3
DA:6,3
DA:7,0
DA:8,0
DA:11,0
DA:14,3
DA:15,0
DA:16,0
DA:18,0
DA:21,3
DA:26,3
DA:30,0
DA:31,0
DA:32,0
LF:16
LH:7
BRDA:7,0,0,0
BRDA:7,0,1,0
BRDA:15,1,0,0
BRDA:15,1,1,0
BRF:4
BRH:0
end_of_record
TN:
SF:app/dataAccessLayer/mysqlDataStore/context/dbContext.js
FN:15,getSequelizeConnection
FN:30,(anonymous_1)
FN:35,(anonymous_2)
FNF:3
FNH:3
FNDA:3,getSequelizeConnection
FNDA:4,(anonymous_1)
FNDA:3,(anonymous_2)
DA:1,5
DA:2,5
DA:3,5
DA:4,5
DA:5,5
DA:6,5
DA:7,5
DA:8,5
DA:12,5
DA:13,5
DA:17,3
DA:19,3
DA:20,3
DA:21,3
DA:22,3
DA:23,3
DA:26,3
DA:30,5
DA:31,4
DA:32,4
DA:35,5
DA:36,3
DA:37,3
DA:38,3
DA:39,3
DA:40,3
DA:41,3
DA:42,3
DA:43,3
DA:46,3
DA:53,3
DA:56,0
DA:60,5
DA:64,5
LF:34
LH:33
BRDA:17,0,0,3
BRDA:17,0,1,0
BRDA:36,1,0,3
BRDA:36,1,1,0
BRF:4
BRH:2
end_of_record
TN:
SF:app/dataAccessLayer/mysqlDataStore/mappings/models/authrolesection.js
FN:5,(anonymous_0)
FN:12,(anonymous_1)
FNF:2
FNH:1
FNDA:3,(anonymous_0)
FNDA:0,(anonymous_1)
DA:4,5
DA:5,5
DA:14,0
DA:19,0
DA:26,3
DA:76,3
LF:6
LH:4
BRF:0
BRH:0
end_of_record
TN:
SF:app/dataAccessLayer/mysqlDataStore/mappings/models/register.js
FN:5,(anonymous_0)
FN:12,(anonymous_1)
FNF:2
FNH:1
FNDA:3,(anonymous_0)
FNDA:0,(anonymous_1)
DA:4,5
DA:5,5
DA:14,0
DA:20,3
DA:66,3
LF:5
LH:4
BRF:0
BRH:0
end_of_record
TN:
SF:app/dataAccessLayer/mysqlDataStore/mappings/models/role.js
FN:5,(anonymous_0)
FN:12,(anonymous_1)
FNF:2
FNH:1
FNDA:3,(anonymous_0)
FNDA:0,(anonymous_1)
DA:4,5
DA:5,5
DA:14,0
DA:19,0
DA:26,3
DA:71,3
LF:6
LH:4
BRF:0
BRH:0
end_of_record
TN:
SF:app/dataAccessLayer/mysqlDataStore/mappings/models/user.js
FN:5,(anonymous_0)
FN:12,(anonymous_1)
FNF:2
FNH:1
FNDA:3,(anonymous_0)
FNDA:0,(anonymous_1)
DA:4,5
DA:5,5
DA:14,0
DA:19,0
DA:23,0
DA:27,0
DA:33,3
DA:97,3
LF:8
LH:4
BRF:0
BRH:0
end_of_record
TN:
SF:app/dataAccessLayer/mysqlDataStore/mappings/models/userrole.js
FN:5,(anonymous_0)
FN:12,(anonymous_1)
FNF:2
FNH:1
FNDA:3,(anonymous_0)
FNDA:0,(anonymous_1)
DA:4,5
DA:5,5
DA:14,0
DA:19,0
DA:26,3
DA:70,3
LF:6
LH:4
BRF:0
BRH:0
end_of_record
TN:
SF:app/dataAccessLayer/mysqlDataStore/preparedStatements/queryManager.js
FN:3,(anonymous_0)
FN:19,(anonymous_1)
FN:26,(anonymous_2)
FNF:3
FNH:0
FNDA:0,(anonymous_0)
FNDA:0,(anonymous_1)
FNDA:0,(anonymous_2)
DA:3,4
DA:5,0
DA:6,0
DA:7,0
DA:8,0
DA:9,0
DA:10,0
DA:11,0
DA:14,0
DA:16,0
DA:19,4
DA:20,0
DA:22,0
DA:26,4
DA:28,0
DA:29,0
DA:30,0
DA:31,0
DA:32,0
DA:33,0
DA:35,0
DA:36,0
DA:39,0
DA:41,0
DA:45,4
DA:51,4
LF:26
LH:5
BRDA:8,0,0,0
BRDA:8,0,1,0
BRDA:10,1,0,0
BRDA:10,1,1,0
BRDA:31,2,0,0
BRDA:31,2,1,0
BRF:6
BRH:0
end_of_record
TN:
SF:app/dataAccessLayer/mysqlDataStore/preparedStatements/valueSanitizer.js
FN:8,(anonymous_0)
FN:27,(anonymous_1)
FN:49,(anonymous_2)
FN:99,removeExtraQuotes
FNF:4
FNH:0
FNDA:0,(anonymous_0)
FNDA:0,(anonymous_1)
FNDA:0,(anonymous_2)
FNDA:0,removeExtraQuotes
DA:1,3
DA:2,3
DA:3,3
DA:8,3
DA:9,0
DA:11,0
DA:12,0
DA:13,0
DA:14,0
DA:15,0
DA:16,0
DA:23,0
DA:27,3
DA:28,0
DA:29,0
DA:31,0
DA:32,0
DA:33,0
DA:35,0
DA:39,3
DA:44,3
DA:49,3
DA:51,0
DA:52,0
DA:53,0
DA:54,0
DA:56,0
DA:59,0
DA:60,0
DA:61,0
DA:62,0
DA:65,0
DA:66,0
DA:67,0
DA:68,0
DA:73,0
DA:74,0
DA:75,0
DA:76,0
DA:79,0
DA:80,0
DA:81,0
DA:82,0
DA:85,0
DA:86,0
DA:87,0
DA:90,0
DA:91,0
DA:92,0
DA:93,0
DA:96,0
DA:100,0
DA:101,0
DA:102,0
LF:54
LH:8
BRDA:12,0,0,0
BRDA:12,0,1,0
BRDA:14,1,0,0
BRDA:14,1,1,0
BRDA:14,2,0,0
BRDA:14,2,1,0
BRDA:15,3,0,0
BRDA:15,3,1,0
BRDA:56,4,0,0
BRDA:56,4,1,0
BRDA:56,4,2,0
BRDA:56,4,3,0
BRDA:56,4,4,0
BRDA:56,4,5,0
BRDA:56,4,6,0
BRDA:56,4,7,0
BRDA:61,5,0,0
BRDA:61,5,1,0
BRDA:81,6,0,0
BRDA:81,6,1,0
BRF:20
BRH:0
end_of_record
TN:
SF:app/dataAccessLayer/repositories/registerRepository.js
FN:10,(anonymous_0)
FN:32,onInit
FN:37,getRegisterDtoModelMappedFromDomain
FNF:3
FNH:1
FNDA:0,(anonymous_0)
FNDA:1,onInit
FNDA:0,getRegisterDtoModelMappedFromDomain
DA:1,1
DA:2,1
DA:3,1
DA:4,1
DA:5,1
DA:7,1
DA:8,1
DA:10,1
DA:11,0
DA:12,0
DA:13,0
DA:14,0
DA:15,0
DA:16,0
DA:18,0
DA:22,1
DA:24,1
DA:28,1
DA:33,1
DA:34,1
DA:38,0
DA:39,0
DA:41,0
DA:43,0
DA:44,0
DA:45,0
DA:46,0
DA:47,0
DA:48,0
DA:49,0
DA:50,0
DA:51,0
DA:53,0
DA:54,0
LF:34
LH:13
BRDA:39,0,0,0
BRDA:39,0,1,0
BRF:2
BRH:0
end_of_record
TN:
SF:app/dataAccessLayer/repositories/roleRepository.js
FN:9,(anonymous_0)
FN:30,onInit
FN:36,getRolesDtoModelMappedFromDatabase
FNF:3
FNH:1
FNDA:0,(anonymous_0)
FNDA:1,onInit
FNDA:0,getRolesDtoModelMappedFromDatabase
DA:1,1
DA:2,1
DA:3,1
DA:5,1
DA:6,1
DA:9,1
DA:10,0
DA:11,0
DA:12,0
DA:13,0
DA:15,0
DA:17,0
DA:20,1
DA:22,1
DA:26,1
DA:31,1
DA:32,1
DA:33,1
DA:37,0
DA:38,0
DA:39,0
DA:40,0
DA:41,0
DA:42,0
DA:43,0
DA:44,0
DA:45,0
DA:46,0
DA:47,0
DA:49,0
DA:50,0
DA:53,0
LF:32
LH:12
BRDA:12,0,0,0
BRDA:12,0,1,0
BRF:2
BRH:0
end_of_record
TN:
SF:app/dataAccessLayer/repositories/userRepository.js
FN:11,(anonymous_0)
FN:29,(anonymous_1)
FN:42,(anonymous_2)
FN:66,onInit
FN:72,getUserDtoModelMappedFromDomain
FN:107,getUsersDtoModelMappedFromDatabase
FN:133,getUserRoleDtoModelMappedFromDomain
FNF:7
FNH:1
FNDA:0,(anonymous_0)
FNDA:0,(anonymous_1)
FNDA:0,(anonymous_2)
FNDA:1,onInit
FNDA:0,getUserDtoModelMappedFromDomain
FNDA:0,getUsersDtoModelMappedFromDatabase
FNDA:0,getUserRoleDtoModelMappedFromDomain
DA:1,1
DA:2,1
DA:3,1
DA:4,1
DA:5,1
DA:7,1
DA:8,1
DA:9,1
DA:11,1
DA:12,0
DA:13,0
DA:14,0
DA:15,0
DA:16,0
DA:17,0
DA:19,0
DA:20,0
DA:21,0
DA:22,0
DA:24,0
DA:26,0
DA:29,1
DA:30,0
DA:31,0
DA:32,0
DA:33,0
DA:34,0
DA:36,0
DA:37,0
DA:39,0
DA:42,1
DA:43,0
DA:44,0
DA:45,0
DA:46,0
DA:48,0
DA:49,0
DA:51,0
DA:54,1
DA:56,1
DA:62,1
DA:67,1
DA:68,1
DA:69,1
DA:73,0
DA:75,0
DA:76,0
DA:78,0
DA:80,0
DA:81,0
DA:82,0
DA:83,0
DA:84,0
DA:85,0
DA:86,0
DA:87,0
DA:88,0
DA:89,0
DA:90,0
DA:91,0
DA:92,0
DA:93,0
DA:94,0
DA:95,0
DA:96,0
DA:97,0
DA:98,0
DA:99,0
DA:100,0
DA:101,0
DA:103,0
DA:104,0
DA:108,0
DA:109,0
DA:110,0
DA:111,0
DA:112,0
DA:113,0
DA:114,0
DA:115,0
DA:116,0
DA:117,0
DA:118,0
DA:119,0
DA:120,0
DA:121,0
DA:122,0
DA:123,0
DA:125,0
DA:126,0
DA:129,0
DA:134,0
DA:135,0
DA:136,0
DA:137,0
DA:138,0
DA:139,0
DA:140,0
DA:141,0
DA:142,0
DA:143,0
DA:144,0
DA:145,0
DA:146,0
DA:148,0
DA:149,0
LF:106
LH:17
BRDA:21,0,0,0
BRDA:21,0,1,0
BRDA:76,1,0,0
BRDA:76,1,1,0
BRF:4
BRH:0
end_of_record
TN:
SF:app/domainLayer/register.js
FN:2,(anonymous_0)
FN:8,(anonymous_1)
FN:12,(anonymous_2)
FN:16,(anonymous_3)
FN:21,(anonymous_4)
FN:25,(anonymous_5)
FN:30,(anonymous_6)
FN:34,(anonymous_7)
FNF:8
FNH:0
FNDA:0,(anonymous_0)
FNDA:0,(anonymous_1)
FNDA:0,(anonymous_2)
FNDA:0,(anonymous_3)
FNDA:0,(anonymous_4)
FNDA:0,(anonymous_5)
FNDA:0,(anonymous_6)
FNDA:0,(anonymous_7)
DA:2,1
DA:3,0
DA:4,0
DA:5,0
DA:8,0
DA:9,0
DA:12,0
DA:13,0
DA:16,0
DA:17,0
DA:21,0
DA:22,0
DA:25,0
DA:26,0
DA:30,0
DA:31,0
DA:34,0
DA:35,0
DA:41,0
DA:51,0
DA:54,1
LF:21
LH:2
BRF:0
BRH:0
end_of_record
TN:
SF:app/domainLayer/user.js
FN:3,(anonymous_0)
FN:14,(anonymous_1)
FN:18,(anonymous_2)
FN:22,(anonymous_3)
FN:25,(anonymous_4)
FN:29,(anonymous_5)
FN:33,(anonymous_6)
FN:37,(anonymous_7)
FN:41,(anonymous_8)
FN:45,(anonymous_9)
FN:71,(anonymous_10)
FN:75,(anonymous_11)
FN:79,(anonymous_12)
FN:83,(anonymous_13)
FN:87,(anonymous_14)
FN:91,(anonymous_15)
FN:95,(anonymous_16)
FN:99,(anonymous_17)
FN:103,(anonymous_18)
FNF:19
FNH:0
FNDA:0,(anonymous_0)
FNDA:0,(anonymous_1)
FNDA:0,(anonymous_2)
FNDA:0,(anonymous_3)
FNDA:0,(anonymous_4)
FNDA:0,(anonymous_5)
FNDA:0,(anonymous_6)
FNDA:0,(anonymous_7)
FNDA:0,(anonymous_8)
FNDA:0,(anonymous_9)
FNDA:0,(anonymous_10)
FNDA:0,(anonymous_11)
FNDA:0,(anonymous_12)
FNDA:0,(anonymous_13)
FNDA:0,(anonymous_14)
FNDA:0,(anonymous_15)
FNDA:0,(anonymous_16)
FNDA:0,(anonymous_17)
FNDA:0,(anonymous_18)
DA:1,1
DA:3,1
DA:4,0
DA:5,0
DA:6,0
DA:7,0
DA:8,0
DA:9,0
DA:10,0
DA:11,0
DA:14,0
DA:15,0
DA:18,0
DA:19,0
DA:22,0
DA:23,0
DA:25,0
DA:26,0
DA:29,0
DA:30,0
DA:33,0
DA:34,0
DA:37,0
DA:38,0
DA:41,0
DA:42,0
DA:45,0
DA:46,0
DA:47,0
DA:49,0
DA:50,0
DA:53,0
DA:54,0
DA:57,0
DA:58,0
DA:61,0
DA:62,0
DA:64,0
DA:65,0
DA:68,0
DA:71,0
DA:72,0
DA:75,0
DA:76,0
DA:79,0
DA:80,0
DA:83,0
DA:84,0
DA:87,0
DA:88,0
DA:91,0
DA:92,0
DA:95,0
DA:96,0
DA:99,0
DA:100,0
DA:103,0
DA:104,0
DA:114,0
DA:134,0
DA:137,1
LF:61
LH:3
BRDA:46,0,0,0
BRDA:46,0,1,0
BRDA:49,1,0,0
BRDA:49,1,1,0
BRDA:53,2,0,0
BRDA:53,2,1,0
BRDA:57,3,0,0
BRDA:57,3,1,0
BRDA:61,4,0,0
BRDA:61,4,1,0
BRDA:64,5,0,0
BRDA:64,5,1,0
BRF:12
BRH:0
end_of_record
TN:
SF:app/domainLayer/userRole.js
FN:2,(anonymous_0)
FN:7,(anonymous_1)
FN:11,(anonymous_2)
FN:15,(anonymous_3)
FN:19,(anonymous_4)
FN:23,(anonymous_5)
FN:27,(anonymous_6)
FN:31,(anonymous_7)
FNF:8
FNH:0
FNDA:0,(anonymous_0)
FNDA:0,(anonymous_1)
FNDA:0,(anonymous_2)
FNDA:0,(anonymous_3)
FNDA:0,(anonymous_4)
FNDA:0,(anonymous_5)
FNDA:0,(anonymous_6)
FNDA:0,(anonymous_7)
DA:2,1
DA:3,0
DA:4,0
DA:5,0
DA:7,0
DA:8,0
DA:11,0
DA:12,0
DA:15,0
DA:16,0
DA:19,0
DA:20,0
DA:23,0
DA:24,0
DA:27,0
DA:28,0
DA:31,0
DA:32,0
DA:39,0
DA:49,0
DA:52,1
LF:21
LH:2
BRF:0
BRH:0
end_of_record
TN:
SF:app/library/common/helpers.js
FN:5,(anonymous_0)
FN:13,(anonymous_1)
FN:20,(anonymous_2)
FN:29,(anonymous_3)
FN:50,getHtmlBreakSeparator
FN:55,getmessageFormatForDisplay
FNF:6
FNH:1
FNDA:0,(anonymous_0)
FNDA:0,(anonymous_1)
FNDA:0,(anonymous_2)
FNDA:4,(anonymous_3)
FNDA:0,getHtmlBreakSeparator
FNDA:0,getmessageFormatForDisplay
DA:1,6
DA:2,6
DA:5,6
DA:6,0
DA:7,0
DA:8,0
DA:10,0
DA:13,6
DA:14,0
DA:15,0
DA:17,0
DA:20,6
DA:21,0
DA:22,0
DA:23,0
DA:24,0
DA:26,0
DA:29,6
DA:31,4
DA:32,4
DA:33,4
DA:34,4
DA:35,4
DA:36,4
DA:37,6
DA:38,6
DA:39,6
DA:42,4
DA:45,4
DA:51,0
DA:52,0
DA:56,0
DA:57,0
DA:59,0
DA:63,6
DA:72,6
LF:36
LH:19
BRDA:7,0,0,0
BRDA:7,0,1,0
BRDA:33,1,0,4
BRDA:33,1,1,0
BRDA:52,2,0,0
BRDA:52,2,1,0
BRDA:56,3,0,0
BRDA:56,3,1,0
BRF:8
BRH:1
end_of_record
TN:
SF:app/library/enumerations/formFieldStatus.js
FNF:0
FNH:0
DA:1,2
DA:12,2
LF:2
LH:2
BRF:0
BRH:0
end_of_record
TN:
SF:app/library/enumerations/httpResponseStatus.js
FNF:0
FNH:0
DA:1,1
DA:42,1
LF:2
LH:2
BRF:0
BRH:0
end_of_record
TN:
SF:app/library/enumerations/userRoles.js
FNF:0
FNH:0
DA:1,1
DA:10,1
LF:2
LH:2
BRF:0
BRH:0
end_of_record
TN:
SF:app/library/stringLiterals/dataTypes.js
FNF:0
FNH:0
DA:1,12
DA:13,12
LF:2
LH:2
BRF:0
BRH:0
end_of_record
TN:
SF:app/library/stringLiterals/inputValidationSuffixes.js
FNF:0
FNH:0
DA:1,7
DA:7,7
LF:2
LH:2
BRF:0
BRH:0
end_of_record
TN:
SF:app/presentationLayer/viewModels/userViewModel.js
FN:5,(anonymous_0)
FNF:1
FNH:1
FNDA:6,(anonymous_0)
DA:1,2
DA:2,2
DA:5,2
DA:6,6
DA:11,6
DA:16,6
DA:21,6
DA:26,6
DA:31,6
DA:36,6
DA:42,6
DA:54,2
LF:12
LH:12
BRDA:7,0,0,6
BRDA:7,0,1,0
BRDA:12,1,0,6
BRDA:12,1,1,6
BRDA:17,2,0,6
BRDA:17,2,1,1
BRDA:22,3,0,6
BRDA:22,3,1,1
BRDA:27,4,0,6
BRDA:27,4,1,0
BRDA:32,5,0,6
BRDA:32,5,1,1
BRDA:37,6,0,6
BRDA:37,6,1,0
BRF:14
BRH:11
end_of_record
TN:
SF:app/serviceLayer/encryption/encryptionService.js
FN:5,(anonymous_0)
FNF:1
FNH:0
FNDA:0,(anonymous_0)
DA:1,1
DA:2,1
DA:5,1
DA:6,0
DA:7,0
DA:8,0
DA:9,0
DA:11,0
DA:14,1
DA:18,1
LF:10
LH:5
BRDA:7,0,0,0
BRDA:7,0,1,0
BRF:2
BRH:0
end_of_record
TN:
SF:app/serviceLayer/httpProtocol/httpResponseManager.js
FN:4,(anonymous_0)
FN:25,getResponseStatusObject
FNF:2
FNH:0
FNDA:0,(anonymous_0)
FNDA:0,getResponseStatusObject
DA:1,1
DA:4,1
DA:6,0
DA:7,0
DA:8,0
DA:13,0
DA:17,1
DA:21,1
DA:27,0
DA:32,0
DA:33,0
DA:34,0
DA:35,0
DA:36,0
DA:37,0
DA:41,0
LF:16
LH:4
BRDA:33,0,0,0
BRDA:33,0,1,0
BRDA:35,1,0,0
BRDA:35,1,1,0
BRF:4
BRH:0
end_of_record
TN:
SF:app/serviceLayer/httpProtocol/httpResponseStatusCodes.js
FNF:0
FNH:0
DA:1,1
DA:3,1
DA:86,1
LF:3
LH:3
BRF:0
BRH:0
end_of_record
TN:
SF:app/serviceLayer/notifications/notificationService.js
FNF:0
FNH:0
DA:1,1
DA:6,1
LF:2
LH:2
BRF:0
BRH:0
end_of_record
TN:
SF:app/serviceLayer/validation/commonValidators.js
FN:6,(anonymous_0)
FN:12,(anonymous_1)
FN:20,(anonymous_2)
FNF:3
FNH:3
FNDA:6,(anonymous_0)
FNDA:4,(anonymous_1)
FNDA:3,(anonymous_2)
DA:2,7
DA:6,7
DA:7,6
DA:8,6
DA:12,7
DA:13,4
DA:14,1
DA:16,3
DA:20,7
DA:21,3
DA:23,1
DA:25,2
DA:26,2
DA:29,1
DA:31,1
DA:37,7
DA:43,7
LF:17
LH:17
BRDA:7,0,0,6
BRDA:7,0,1,3
BRDA:7,0,2,2
BRDA:7,0,3,1
BRDA:7,0,4,1
BRDA:13,1,0,1
BRDA:13,1,1,3
BRDA:13,2,0,4
BRDA:13,2,1,1
BRDA:13,2,2,1
BRDA:21,3,0,1
BRDA:21,3,1,2
BRF:12
BRH:12
end_of_record
TN:
SF:app/serviceLayer/validation/inputCommonInspector.js
FN:5,(anonymous_0)
FN:15,(anonymous_1)
FNF:2
FNH:2
FNDA:12,(anonymous_0)
FNDA:6,(anonymous_1)
DA:1,7
DA:2,7
DA:5,7
DA:6,12
DA:7,12
DA:9,12
DA:10,1
DA:12,11
DA:15,7
DA:16,6
DA:17,6
DA:18,6
DA:19,6
DA:20,6
DA:24,7
DA:29,7
LF:16
LH:16
BRDA:6,0,0,12
BRDA:6,0,1,0
BRDA:7,1,0,12
BRDA:7,1,1,12
BRDA:7,1,2,12
BRDA:9,2,0,1
BRDA:9,2,1,11
BRDA:9,3,0,12
BRDA:9,3,1,12
BRDA:16,4,0,6
BRDA:16,4,1,6
BRDA:16,4,2,6
BRDA:17,5,0,6
BRDA:17,5,1,6
BRDA:19,6,0,6
BRDA:19,6,1,6
BRDA:19,6,2,3
BRF:17
BRH:16
end_of_record
TN:
SF:app/serviceLayer/validation/inputTypeInspector.js
FN:4,(anonymous_0)
FN:9,(anonymous_1)
FN:14,(anonymous_2)
FN:21,(anonymous_3)
FN:28,(anonymous_4)
FN:35,(anonymous_5)
FN:40,(anonymous_6)
FN:45,(anonymous_7)
FN:50,(anonymous_8)
FNF:9
FNH:1
FNDA:14,(anonymous_0)
FNDA:0,(anonymous_1)
FNDA:0,(anonymous_2)
FNDA:0,(anonymous_3)
FNDA:0,(anonymous_4)
FNDA:0,(anonymous_5)
FNDA:0,(anonymous_6)
FNDA:0,(anonymous_7)
FNDA:0,(anonymous_8)
DA:1,3
DA:4,3
DA:5,14
DA:6,14
DA:9,3
DA:10,0
DA:11,0
DA:14,3
DA:15,0
DA:16,0
DA:17,0
DA:18,0
DA:21,3
DA:22,0
DA:23,0
DA:24,0
DA:25,0
DA:28,3
DA:29,0
DA:30,0
DA:31,0
DA:32,0
DA:35,3
DA:36,0
DA:37,0
DA:40,3
DA:41,0
DA:42,0
DA:45,3
DA:46,0
DA:47,0
DA:50,3
DA:51,0
DA:52,0
DA:53,0
DA:54,0
DA:56,0
DA:58,0
DA:61,3
DA:73,3
LF:40
LH:14
BRDA:17,0,0,0
BRDA:17,0,1,0
BRDA:24,1,0,0
BRDA:24,1,1,0
BRDA:31,2,0,0
BRDA:31,2,1,0
BRDA:36,3,0,0
BRDA:36,3,1,0
BRDA:36,3,2,0
BRDA:36,3,3,0
BRDA:36,3,4,0
BRDA:46,4,0,0
BRDA:46,4,1,0
BRDA:46,4,2,0
BRDA:46,4,3,0
BRDA:46,4,4,0
BRDA:52,5,0,0
BRDA:52,5,1,0
BRDA:54,6,0,0
BRDA:54,6,1,0
BRF:20
BRH:0
end_of_record
TN:
SF:app/serviceLayer/validation/inputValueInspector.js
FN:2,(anonymous_0)
FN:11,(anonymous_1)
FN:19,(anonymous_2)
FN:28,(anonymous_3)
FN:33,(anonymous_4)
FN:53,inputIsValid
FNF:6
FNH:6
FNDA:10,(anonymous_0)
FNDA:6,(anonymous_1)
FNDA:6,(anonymous_2)
FNDA:4,(anonymous_3)
FNDA:5,(anonymous_4)
FNDA:22,inputIsValid
DA:2,3
DA:3,10
DA:4,10
DA:5,10
DA:6,10
DA:7,10
DA:8,10
DA:11,3
DA:12,6
DA:13,6
DA:14,6
DA:15,6
DA:16,6
DA:19,3
DA:20,6
DA:21,6
DA:22,6
DA:24,6
DA:25,6
DA:28,3
DA:29,4
DA:30,4
DA:33,3
DA:34,5
DA:35,5
DA:39,3
DA:47,3
DA:54,22
DA:55,22
DA:57,41
DA:58,41
DA:59,13
DA:60,13
DA:63,22
LF:34
LH:34
BRDA:58,0,0,13
BRDA:58,0,1,28
BRF:2
BRH:2
end_of_record
TN:
SF:app/serviceLayer/validation/objectModelInspector.js
FN:10,(anonymous_0)
FN:28,(anonymous_1)
FN:70,inspectInputValue
FN:130,getReportErrorInputType
FNF:4
FNH:4
FNDA:2,(anonymous_0)
FNDA:2,(anonymous_1)
FNDA:2,inspectInputValue
FNDA:1,getReportErrorInputType
DA:1,2
DA:2,2
DA:3,2
DA:4,2
DA:5,2
DA:6,2
DA:7,2
DA:10,2
DA:11,2
DA:12,2
DA:13,14
DA:14,0
DA:16,14
DA:17,14
DA:19,14
DA:20,1
DA:21,1
DA:24,2
DA:28,2
DA:29,2
DA:30,2
DA:31,14
DA:32,14
DA:33,14
DA:35,14
DA:36,1
DA:38,14
DA:41,0
DA:42,0
DA:44,0
DA:47,0
DA:48,0
DA:50,0
DA:53,0
DA:54,0
DA:56,0
DA:59,0
DA:60,0
DA:62,0
DA:66,2
DA:71,2
DA:72,2
DA:73,2
DA:74,14
DA:76,14
DA:77,2
DA:78,2
DA:79,0
DA:80,0
DA:84,12
DA:85,6
DA:86,6
DA:87,2
DA:88,2
DA:93,6
DA:94,2
DA:95,2
DA:96,0
DA:97,0
DA:101,4
DA:102,2
DA:103,2
DA:104,0
DA:105,0
DA:109,2
DA:110,2
DA:111,2
DA:112,0
DA:113,0
DA:118,2
DA:121,2
DA:127,2
DA:131,1
DA:132,1
DA:134,1
LF:75
LH:54
BRDA:13,0,0,0
BRDA:13,0,1,14
BRDA:19,1,0,1
BRDA:19,1,1,13
BRDA:19,2,0,14
BRDA:19,2,1,12
BRDA:31,3,0,14
BRDA:31,3,1,0
BRDA:33,4,0,14
BRDA:33,4,1,0
BRDA:33,4,2,0
BRDA:33,4,3,0
BRDA:33,4,4,0
BRDA:35,5,0,1
BRDA:35,5,1,13
BRDA:41,6,0,0
BRDA:41,6,1,0
BRDA:47,7,0,0
BRDA:47,7,1,0
BRDA:53,8,0,0
BRDA:53,8,1,0
BRDA:59,9,0,0
BRDA:59,9,1,0
BRDA:74,10,0,14
BRDA:74,10,1,0
BRDA:76,11,0,2
BRDA:76,11,1,12
BRDA:78,12,0,0
BRDA:78,12,1,2
BRDA:84,13,0,6
BRDA:84,13,1,6
BRDA:86,14,0,2
BRDA:86,14,1,4
BRDA:93,15,0,2
BRDA:93,15,1,4
BRDA:95,16,0,0
BRDA:95,16,1,2
BRDA:101,17,0,2
BRDA:101,17,1,2
BRDA:103,18,0,0
BRDA:103,18,1,2
BRDA:109,19,0,2
BRDA:109,19,1,0
BRDA:111,20,0,0
BRDA:111,20,1,2
BRF:45
BRH:25
end_of_record
TN:
SF:app/serviceLayer/validation/validationManager.js
FN:5,(anonymous_0)
FNF:1
FNH:0
FNDA:0,(anonymous_0)
DA:1,1
DA:5,1
DA:6,0
DA:7,0
DA:8,0
DA:10,0
DA:11,0
DA:15,1
DA:19,1
LF:9
LH:4
BRF:0
BRH:0
end_of_record
TN:
SF:configuration/database/mysqlConfig.js
FNF:0
FNH:0
DA:1,3
DA:12,3
LF:2
LH:2
BRF:0
BRH:0
end_of_record
TN:
SF:configuration/environment/envConfig.js
FNF:0
FNH:0
DA:1,1
DA:2,1
DA:5,1
DA:6,1
DA:10,1
DA:11,1
DA:13,1
DA:18,1
LF:8
LH:8
BRF:0
BRH:0
end_of_record
TN:
SF:configuration/environment/environmentDescription.js
FNF:0
FNH:0
DA:1,1
DA:6,1
LF:2
LH:2
BRF:0
BRH:0
end_of_record
TN:
SF:configuration/sequelizeORM/sequelizeConfig.js
FNF:0
FNH:0
DA:2,5
DA:11,5
DA:15,5
LF:3
LH:3
BRF:0
BRH:0
end_of_record
TN:
SF:configuration/server/serverConfig.js
FN:11,(anonymous_0)
FN:20,resolveOriginWhiteListing
FN:42,whitelistOrigin
FNF:3
FNH:0
FNDA:0,(anonymous_0)
FNDA:0,resolveOriginWhiteListing
FNDA:0,whitelistOrigin
DA:1,1
DA:2,1
DA:3,1
DA:5,1
DA:7,1
DA:12,0
DA:17,1
DA:21,0
DA:22,0
DA:23,0
DA:24,0
DA:27,0
DA:29,0
DA:30,0
DA:32,0
DA:33,0
DA:36,0
DA:37,0
DA:43,0
DA:44,0
DA:45,0
DA:46,0
DA:47,0
DA:49,0
LF:24
LH:6
BRDA:24,0,0,0
BRDA:24,0,1,0
BRDA:27,1,0,0
BRDA:27,1,1,0
BRDA:43,2,0,0
BRDA:43,2,1,0
BRF:6
BRH:0
end_of_record
TN:
SF:configuration/validation/validationConfig.js
FNF:0
FNH:0
DA:1,3
DA:2,3
DA:5,3
DA:10,3
LF:4
LH:4
BRF:0
BRH:0
end_of_record
